ARM GAS  C:\Users\ALEXAN~1\AppData\Local\Temp\cc8JMKVH.s 			page 1


   1              		.syntax unified
   2              		.cpu cortex-m3
   3              		.fpu softvfp
   4              		.eabi_attribute 20, 1
   5              		.eabi_attribute 21, 1
   6              		.eabi_attribute 23, 3
   7              		.eabi_attribute 24, 1
   8              		.eabi_attribute 25, 1
   9              		.eabi_attribute 26, 1
  10              		.eabi_attribute 30, 1
  11              		.eabi_attribute 34, 1
  12              		.eabi_attribute 18, 4
  13              		.thumb
  14              		.syntax unified
  15              		.file	"cymetadata.c"
  16              		.text
  17              	.Ltext0:
  18              		.cfi_sections	.debug_frame
  19              		.global	cy_metadata
  20              		.global	cy_meta_flashprotect
  21              		.global	cy_meta_wonvl
  22              		.global	cy_meta_custnvl
  23              		.global	cy_meta_configecc
  24              		.section	.cyconfigecc,"a",%progbits
  25              		.align	2
  26              		.type	cy_meta_configecc, %object
  27              		.size	cy_meta_configecc, 1560
  28              	cy_meta_configecc:
  29 0000 02       		.byte	2
  30 0001 52       		.byte	82
  31 0002 00       		.byte	0
  32 0003 40       		.byte	64
  33 0004 02       		.byte	2
  34 0005 64       		.byte	100
  35 0006 00       		.byte	0
  36 0007 40       		.byte	64
  37 0008 04       		.byte	4
  38 0009 65       		.byte	101
  39 000a 00       		.byte	0
  40 000b 40       		.byte	64
  41 000c 3F       		.byte	63
  42 000d 0A       		.byte	10
  43 000e 01       		.byte	1
  44 000f 40       		.byte	64
  45 0010 1F       		.byte	31
  46 0011 0B       		.byte	11
  47 0012 01       		.byte	1
  48 0013 40       		.byte	64
  49 0014 3B       		.byte	59
  50 0015 0C       		.byte	12
  51 0016 01       		.byte	1
  52 0017 40       		.byte	64
  53 0018 1D       		.byte	29
  54 0019 0D       		.byte	13
  55 001a 01       		.byte	1
  56 001b 40       		.byte	64
  57 001c 2D       		.byte	45
ARM GAS  C:\Users\ALEXAN~1\AppData\Local\Temp\cc8JMKVH.s 			page 2


  58 001d 14       		.byte	20
  59 001e 01       		.byte	1
  60 001f 40       		.byte	64
  61 0020 14       		.byte	20
  62 0021 15       		.byte	21
  63 0022 01       		.byte	1
  64 0023 40       		.byte	64
  65 0024 1E       		.byte	30
  66 0025 16       		.byte	22
  67 0026 01       		.byte	1
  68 0027 40       		.byte	64
  69 0028 0E       		.byte	14
  70 0029 17       		.byte	23
  71 002a 01       		.byte	1
  72 002b 40       		.byte	64
  73 002c 6C       		.byte	108
  74 002d 18       		.byte	24
  75 002e 01       		.byte	1
  76 002f 40       		.byte	64
  77 0030 3F       		.byte	63
  78 0031 19       		.byte	25
  79 0032 01       		.byte	1
  80 0033 40       		.byte	64
  81 0034 5B       		.byte	91
  82 0035 1A       		.byte	26
  83 0036 01       		.byte	1
  84 0037 40       		.byte	64
  85 0038 44       		.byte	68
  86 0039 1B       		.byte	27
  87 003a 01       		.byte	1
  88 003b 40       		.byte	64
  89 003c 02       		.byte	2
  90 003d 40       		.byte	64
  91 003e 01       		.byte	1
  92 003f 40       		.byte	64
  93 0040 01       		.byte	1
  94 0041 41       		.byte	65
  95 0042 01       		.byte	1
  96 0043 40       		.byte	64
  97 0044 03       		.byte	3
  98 0045 42       		.byte	66
  99 0046 01       		.byte	1
 100 0047 40       		.byte	64
 101 0048 01       		.byte	1
 102 0049 43       		.byte	67
 103 004a 01       		.byte	1
 104 004b 40       		.byte	64
 105 004c 09       		.byte	9
 106 004d 45       		.byte	69
 107 004e 01       		.byte	1
 108 004f 40       		.byte	64
 109 0050 04       		.byte	4
 110 0051 46       		.byte	70
 111 0052 01       		.byte	1
 112 0053 40       		.byte	64
 113 0054 01       		.byte	1
 114 0055 47       		.byte	71
ARM GAS  C:\Users\ALEXAN~1\AppData\Local\Temp\cc8JMKVH.s 			page 3


 115 0056 01       		.byte	1
 116 0057 40       		.byte	64
 117 0058 05       		.byte	5
 118 0059 48       		.byte	72
 119 005a 01       		.byte	1
 120 005b 40       		.byte	64
 121 005c 11       		.byte	17
 122 005d 49       		.byte	73
 123 005e 01       		.byte	1
 124 005f 40       		.byte	64
 125 0060 0A       		.byte	10
 126 0061 4C       		.byte	76
 127 0062 01       		.byte	1
 128 0063 40       		.byte	64
 129 0064 0D       		.byte	13
 130 0065 4D       		.byte	77
 131 0066 01       		.byte	1
 132 0067 40       		.byte	64
 133 0068 07       		.byte	7
 134 0069 50       		.byte	80
 135 006a 01       		.byte	1
 136 006b 40       		.byte	64
 137 006c 02       		.byte	2
 138 006d 51       		.byte	81
 139 006e 01       		.byte	1
 140 006f 40       		.byte	64
 141 0070 10       		.byte	16
 142 0071 20       		.byte	32
 143 0072 11       		.byte	17
 144 0073 60       		.byte	96
 145 0074 8B       		.byte	-117
 146 0075 0D       		.byte	13
 147 0076 8D       		.byte	-115
 148 0077 0D       		.byte	13
 149 0078 86       		.byte	-122
 150 0079 0D       		.byte	13
 151 007a 88       		.byte	-120
 152 007b 0F       		.byte	15
 153 007c 89       		.byte	-119
 154 007d 38       		.byte	56
 155 007e 8A       		.byte	-118
 156 007f 72       		.byte	114
 157 0080 16       		.byte	22
 158 0081 01       		.byte	1
 159 0082 2A       		.byte	42
 160 0083 01       		.byte	1
 161 0084 34       		.byte	52
 162 0085 01       		.byte	1
 163 0086 40       		.byte	64
 164 0087 30       		.byte	48
 165 0088 41       		.byte	65
 166 0089 02       		.byte	2
 167 008a 49       		.byte	73
 168 008b FF       		.byte	-1
 169 008c 4A       		.byte	74
 170 008d FF       		.byte	-1
 171 008e 4B       		.byte	75
ARM GAS  C:\Users\ALEXAN~1\AppData\Local\Temp\cc8JMKVH.s 			page 4


 172 008f FF       		.byte	-1
 173 0090 4D       		.byte	77
 174 0091 A0       		.byte	-96
 175 0092 4F       		.byte	79
 176 0093 04       		.byte	4
 177 0094 50       		.byte	80
 178 0095 18       		.byte	24
 179 0096 58       		.byte	88
 180 0097 04       		.byte	4
 181 0098 5A       		.byte	90
 182 0099 04       		.byte	4
 183 009a 5F       		.byte	95
 184 009b 01       		.byte	1
 185 009c 60       		.byte	96
 186 009d 40       		.byte	64
 187 009e 62       		.byte	98
 188 009f C0       		.byte	-64
 189 00a0 64       		.byte	100
 190 00a1 40       		.byte	64
 191 00a2 65       		.byte	101
 192 00a3 40       		.byte	64
 193 00a4 66       		.byte	102
 194 00a5 C0       		.byte	-64
 195 00a6 68       		.byte	104
 196 00a7 C0       		.byte	-64
 197 00a8 6A       		.byte	106
 198 00a9 C0       		.byte	-64
 199 00aa 6C       		.byte	108
 200 00ab C0       		.byte	-64
 201 00ac 6E       		.byte	110
 202 00ad C0       		.byte	-64
 203 00ae 8A       		.byte	-118
 204 00af 02       		.byte	2
 205 00b0 96       		.byte	-106
 206 00b1 04       		.byte	4
 207 00b2 A6       		.byte	-90
 208 00b3 02       		.byte	2
 209 00b4 AB       		.byte	-85
 210 00b5 01       		.byte	1
 211 00b6 AD       		.byte	-83
 212 00b7 01       		.byte	1
 213 00b8 AE       		.byte	-82
 214 00b9 01       		.byte	1
 215 00ba B0       		.byte	-80
 216 00bb 04       		.byte	4
 217 00bc B2       		.byte	-78
 218 00bd 01       		.byte	1
 219 00be B4       		.byte	-76
 220 00bf 02       		.byte	2
 221 00c0 B7       		.byte	-73
 222 00c1 01       		.byte	1
 223 00c2 BE       		.byte	-66
 224 00c3 10       		.byte	16
 225 00c4 C0       		.byte	-64
 226 00c5 30       		.byte	48
 227 00c6 C1       		.byte	-63
 228 00c7 02       		.byte	2
ARM GAS  C:\Users\ALEXAN~1\AppData\Local\Temp\cc8JMKVH.s 			page 5


 229 00c8 C5       		.byte	-59
 230 00c9 D0       		.byte	-48
 231 00ca C6       		.byte	-58
 232 00cb 20       		.byte	32
 233 00cc C7       		.byte	-57
 234 00cd 01       		.byte	1
 235 00ce C8       		.byte	-56
 236 00cf 1A       		.byte	26
 237 00d0 C9       		.byte	-55
 238 00d1 FF       		.byte	-1
 239 00d2 CA       		.byte	-54
 240 00d3 FF       		.byte	-1
 241 00d4 CB       		.byte	-53
 242 00d5 FF       		.byte	-1
 243 00d6 CD       		.byte	-51
 244 00d7 AF       		.byte	-81
 245 00d8 CE       		.byte	-50
 246 00d9 0F       		.byte	15
 247 00da CF       		.byte	-49
 248 00db 04       		.byte	4
 249 00dc D0       		.byte	-48
 250 00dd 18       		.byte	24
 251 00de D2       		.byte	-46
 252 00df 80       		.byte	-128
 253 00e0 D4       		.byte	-44
 254 00e1 05       		.byte	5
 255 00e2 D8       		.byte	-40
 256 00e3 04       		.byte	4
 257 00e4 D9       		.byte	-39
 258 00e5 04       		.byte	4
 259 00e6 DA       		.byte	-38
 260 00e7 04       		.byte	4
 261 00e8 DB       		.byte	-37
 262 00e9 04       		.byte	4
 263 00ea DF       		.byte	-33
 264 00eb 01       		.byte	1
 265 00ec E0       		.byte	-32
 266 00ed 40       		.byte	64
 267 00ee E2       		.byte	-30
 268 00ef C0       		.byte	-64
 269 00f0 E4       		.byte	-28
 270 00f1 40       		.byte	64
 271 00f2 E5       		.byte	-27
 272 00f3 40       		.byte	64
 273 00f4 E6       		.byte	-26
 274 00f5 C0       		.byte	-64
 275 00f6 E8       		.byte	-24
 276 00f7 C0       		.byte	-64
 277 00f8 EA       		.byte	-22
 278 00f9 C0       		.byte	-64
 279 00fa EC       		.byte	-20
 280 00fb C0       		.byte	-64
 281 00fc EE       		.byte	-18
 282 00fd C0       		.byte	-64
 283 00fe 04       		.byte	4
 284 00ff 10       		.byte	16
 285 0100 09       		.byte	9
ARM GAS  C:\Users\ALEXAN~1\AppData\Local\Temp\cc8JMKVH.s 			page 6


 286 0101 08       		.byte	8
 287 0102 0C       		.byte	12
 288 0103 08       		.byte	8
 289 0104 10       		.byte	16
 290 0105 08       		.byte	8
 291 0106 16       		.byte	22
 292 0107 20       		.byte	32
 293 0108 17       		.byte	23
 294 0109 40       		.byte	64
 295 010a 1A       		.byte	26
 296 010b 08       		.byte	8
 297 010c 1C       		.byte	28
 298 010d 10       		.byte	16
 299 010e 1D       		.byte	29
 300 010f 08       		.byte	8
 301 0110 1E       		.byte	30
 302 0111 08       		.byte	8
 303 0112 1F       		.byte	31
 304 0113 02       		.byte	2
 305 0114 26       		.byte	38
 306 0115 40       		.byte	64
 307 0116 2C       		.byte	44
 308 0117 08       		.byte	8
 309 0118 2F       		.byte	47
 310 0119 02       		.byte	2
 311 011a 40       		.byte	64
 312 011b 10       		.byte	16
 313 011c 41       		.byte	65
 314 011d 20       		.byte	32
 315 011e 45       		.byte	69
 316 011f 28       		.byte	40
 317 0120 4D       		.byte	77
 318 0121 01       		.byte	1
 319 0122 54       		.byte	84
 320 0123 08       		.byte	8
 321 0124 55       		.byte	85
 322 0125 20       		.byte	32
 323 0126 56       		.byte	86
 324 0127 20       		.byte	32
 325 0128 5D       		.byte	93
 326 0129 01       		.byte	1
 327 012a 5E       		.byte	94
 328 012b 88       		.byte	-120
 329 012c 77       		.byte	119
 330 012d 40       		.byte	64
 331 012e 8A       		.byte	-118
 332 012f 04       		.byte	4
 333 0130 C0       		.byte	-64
 334 0131 40       		.byte	64
 335 0132 C2       		.byte	-62
 336 0133 24       		.byte	36
 337 0134 C4       		.byte	-60
 338 0135 A2       		.byte	-94
 339 0136 CA       		.byte	-54
 340 0137 30       		.byte	48
 341 0138 D0       		.byte	-48
 342 0139 66       		.byte	102
ARM GAS  C:\Users\ALEXAN~1\AppData\Local\Temp\cc8JMKVH.s 			page 7


 343 013a D6       		.byte	-42
 344 013b D0       		.byte	-48
 345 013c 40       		.byte	64
 346 013d 60       		.byte	96
 347 013e 41       		.byte	65
 348 013f 02       		.byte	2
 349 0140 49       		.byte	73
 350 0141 FF       		.byte	-1
 351 0142 4A       		.byte	74
 352 0143 FF       		.byte	-1
 353 0144 4B       		.byte	75
 354 0145 FF       		.byte	-1
 355 0146 4D       		.byte	77
 356 0147 A0       		.byte	-96
 357 0148 4F       		.byte	79
 358 0149 04       		.byte	4
 359 014a 50       		.byte	80
 360 014b 18       		.byte	24
 361 014c 5A       		.byte	90
 362 014d 04       		.byte	4
 363 014e 5F       		.byte	95
 364 014f 01       		.byte	1
 365 0150 60       		.byte	96
 366 0151 40       		.byte	64
 367 0152 62       		.byte	98
 368 0153 C0       		.byte	-64
 369 0154 64       		.byte	100
 370 0155 40       		.byte	64
 371 0156 65       		.byte	101
 372 0157 40       		.byte	64
 373 0158 66       		.byte	102
 374 0159 C0       		.byte	-64
 375 015a 68       		.byte	104
 376 015b C0       		.byte	-64
 377 015c 6A       		.byte	106
 378 015d C0       		.byte	-64
 379 015e 6C       		.byte	108
 380 015f C0       		.byte	-64
 381 0160 6E       		.byte	110
 382 0161 C0       		.byte	-64
 383 0162 92       		.byte	-110
 384 0163 01       		.byte	1
 385 0164 9A       		.byte	-102
 386 0165 06       		.byte	6
 387 0166 9B       		.byte	-101
 388 0167 01       		.byte	1
 389 0168 A6       		.byte	-90
 390 0169 0C       		.byte	12
 391 016a AA       		.byte	-86
 392 016b 02       		.byte	2
 393 016c AD       		.byte	-83
 394 016d 01       		.byte	1
 395 016e B0       		.byte	-80
 396 016f 08       		.byte	8
 397 0170 B2       		.byte	-78
 398 0171 02       		.byte	2
 399 0172 B4       		.byte	-76
ARM GAS  C:\Users\ALEXAN~1\AppData\Local\Temp\cc8JMKVH.s 			page 8


 400 0173 01       		.byte	1
 401 0174 B6       		.byte	-74
 402 0175 04       		.byte	4
 403 0176 B7       		.byte	-73
 404 0177 01       		.byte	1
 405 0178 BE       		.byte	-66
 406 0179 04       		.byte	4
 407 017a C0       		.byte	-64
 408 017b 20       		.byte	32
 409 017c C1       		.byte	-63
 410 017d 06       		.byte	6
 411 017e C5       		.byte	-59
 412 017f D1       		.byte	-47
 413 0180 C7       		.byte	-57
 414 0181 02       		.byte	2
 415 0182 C8       		.byte	-56
 416 0183 13       		.byte	19
 417 0184 C9       		.byte	-55
 418 0185 FF       		.byte	-1
 419 0186 CA       		.byte	-54
 420 0187 FF       		.byte	-1
 421 0188 CB       		.byte	-53
 422 0189 FF       		.byte	-1
 423 018a CD       		.byte	-51
 424 018b AF       		.byte	-81
 425 018c CE       		.byte	-50
 426 018d 0F       		.byte	15
 427 018e CF       		.byte	-49
 428 018f 04       		.byte	4
 429 0190 D0       		.byte	-48
 430 0191 18       		.byte	24
 431 0192 D2       		.byte	-46
 432 0193 80       		.byte	-128
 433 0194 D4       		.byte	-44
 434 0195 05       		.byte	5
 435 0196 D8       		.byte	-40
 436 0197 04       		.byte	4
 437 0198 D9       		.byte	-39
 438 0199 04       		.byte	4
 439 019a DA       		.byte	-38
 440 019b 04       		.byte	4
 441 019c DB       		.byte	-37
 442 019d 04       		.byte	4
 443 019e DF       		.byte	-33
 444 019f 01       		.byte	1
 445 01a0 E0       		.byte	-32
 446 01a1 40       		.byte	64
 447 01a2 E2       		.byte	-30
 448 01a3 C0       		.byte	-64
 449 01a4 E4       		.byte	-28
 450 01a5 40       		.byte	64
 451 01a6 E5       		.byte	-27
 452 01a7 40       		.byte	64
 453 01a8 E6       		.byte	-26
 454 01a9 C0       		.byte	-64
 455 01aa E8       		.byte	-24
 456 01ab C0       		.byte	-64
ARM GAS  C:\Users\ALEXAN~1\AppData\Local\Temp\cc8JMKVH.s 			page 9


 457 01ac EA       		.byte	-22
 458 01ad C0       		.byte	-64
 459 01ae EC       		.byte	-20
 460 01af C0       		.byte	-64
 461 01b0 EE       		.byte	-18
 462 01b1 C0       		.byte	-64
 463 01b2 09       		.byte	9
 464 01b3 02       		.byte	2
 465 01b4 0A       		.byte	10
 466 01b5 04       		.byte	4
 467 01b6 10       		.byte	16
 468 01b7 20       		.byte	32
 469 01b8 12       		.byte	18
 470 01b9 04       		.byte	4
 471 01ba 19       		.byte	25
 472 01bb 04       		.byte	4
 473 01bc 1A       		.byte	26
 474 01bd 06       		.byte	6
 475 01be 1B       		.byte	27
 476 01bf 11       		.byte	17
 477 01c0 22       		.byte	34
 478 01c1 40       		.byte	64
 479 01c2 2B       		.byte	43
 480 01c3 01       		.byte	1
 481 01c4 30       		.byte	48
 482 01c5 20       		.byte	32
 483 01c6 42       		.byte	66
 484 01c7 04       		.byte	4
 485 01c8 46       		.byte	70
 486 01c9 04       		.byte	4
 487 01ca 48       		.byte	72
 488 01cb 28       		.byte	40
 489 01cc 49       		.byte	73
 490 01cd 01       		.byte	1
 491 01ce 4F       		.byte	79
 492 01cf 20       		.byte	32
 493 01d0 50       		.byte	80
 494 01d1 08       		.byte	8
 495 01d2 52       		.byte	82
 496 01d3 04       		.byte	4
 497 01d4 59       		.byte	89
 498 01d5 05       		.byte	5
 499 01d6 5A       		.byte	90
 500 01d7 80       		.byte	-128
 501 01d8 71       		.byte	113
 502 01d9 02       		.byte	2
 503 01da 86       		.byte	-122
 504 01db 01       		.byte	1
 505 01dc C2       		.byte	-62
 506 01dd 0A       		.byte	10
 507 01de C4       		.byte	-60
 508 01df 06       		.byte	6
 509 01e0 CA       		.byte	-54
 510 01e1 08       		.byte	8
 511 01e2 CC       		.byte	-52
 512 01e3 04       		.byte	4
 513 01e4 D0       		.byte	-48
ARM GAS  C:\Users\ALEXAN~1\AppData\Local\Temp\cc8JMKVH.s 			page 10


 514 01e5 24       		.byte	36
 515 01e6 D2       		.byte	-46
 516 01e7 24       		.byte	36
 517 01e8 D6       		.byte	-42
 518 01e9 0B       		.byte	11
 519 01ea E4       		.byte	-28
 520 01eb 02       		.byte	2
 521 01ec 1F       		.byte	31
 522 01ed 01       		.byte	1
 523 01ee 2F       		.byte	47
 524 01ef 01       		.byte	1
 525 01f0 37       		.byte	55
 526 01f1 01       		.byte	1
 527 01f2 40       		.byte	64
 528 01f3 54       		.byte	84
 529 01f4 49       		.byte	73
 530 01f5 FF       		.byte	-1
 531 01f6 4A       		.byte	74
 532 01f7 FF       		.byte	-1
 533 01f8 4B       		.byte	75
 534 01f9 FF       		.byte	-1
 535 01fa 4F       		.byte	79
 536 01fb 01       		.byte	1
 537 01fc 50       		.byte	80
 538 01fd 18       		.byte	24
 539 01fe 59       		.byte	89
 540 01ff 04       		.byte	4
 541 0200 5A       		.byte	90
 542 0201 04       		.byte	4
 543 0202 5C       		.byte	92
 544 0203 90       		.byte	-112
 545 0204 5D       		.byte	93
 546 0205 09       		.byte	9
 547 0206 5F       		.byte	95
 548 0207 01       		.byte	1
 549 0208 60       		.byte	96
 550 0209 40       		.byte	64
 551 020a 62       		.byte	98
 552 020b 40       		.byte	64
 553 020c 64       		.byte	100
 554 020d 40       		.byte	64
 555 020e 65       		.byte	101
 556 020f 40       		.byte	64
 557 0210 66       		.byte	102
 558 0211 80       		.byte	-128
 559 0212 68       		.byte	104
 560 0213 80       		.byte	-128
 561 0214 6A       		.byte	106
 562 0215 80       		.byte	-128
 563 0216 6C       		.byte	108
 564 0217 80       		.byte	-128
 565 0218 6E       		.byte	110
 566 0219 80       		.byte	-128
 567 021a C0       		.byte	-64
 568 021b 14       		.byte	20
 569 021c C9       		.byte	-55
 570 021d FF       		.byte	-1
ARM GAS  C:\Users\ALEXAN~1\AppData\Local\Temp\cc8JMKVH.s 			page 11


 571 021e CA       		.byte	-54
 572 021f FF       		.byte	-1
 573 0220 CB       		.byte	-53
 574 0221 FF       		.byte	-1
 575 0222 CD       		.byte	-51
 576 0223 83       		.byte	-125
 577 0224 CE       		.byte	-50
 578 0225 03       		.byte	3
 579 0226 CF       		.byte	-49
 580 0227 01       		.byte	1
 581 0228 D0       		.byte	-48
 582 0229 18       		.byte	24
 583 022a D2       		.byte	-46
 584 022b 80       		.byte	-128
 585 022c DA       		.byte	-38
 586 022d 04       		.byte	4
 587 022e DB       		.byte	-37
 588 022f 04       		.byte	4
 589 0230 DD       		.byte	-35
 590 0231 99       		.byte	-103
 591 0232 DF       		.byte	-33
 592 0233 01       		.byte	1
 593 0234 E0       		.byte	-32
 594 0235 40       		.byte	64
 595 0236 E2       		.byte	-30
 596 0237 40       		.byte	64
 597 0238 E4       		.byte	-28
 598 0239 40       		.byte	64
 599 023a E5       		.byte	-27
 600 023b 40       		.byte	64
 601 023c E6       		.byte	-26
 602 023d 80       		.byte	-128
 603 023e E8       		.byte	-24
 604 023f 80       		.byte	-128
 605 0240 EA       		.byte	-22
 606 0241 80       		.byte	-128
 607 0242 EC       		.byte	-20
 608 0243 80       		.byte	-128
 609 0244 EE       		.byte	-18
 610 0245 80       		.byte	-128
 611 0246 21       		.byte	33
 612 0247 80       		.byte	-128
 613 0248 2A       		.byte	42
 614 0249 80       		.byte	-128
 615 024a 33       		.byte	51
 616 024b 40       		.byte	64
 617 024c 42       		.byte	66
 618 024d 80       		.byte	-128
 619 024e 46       		.byte	70
 620 024f 80       		.byte	-128
 621 0250 47       		.byte	71
 622 0251 80       		.byte	-128
 623 0252 48       		.byte	72
 624 0253 01       		.byte	1
 625 0254 74       		.byte	116
 626 0255 01       		.byte	1
 627 0256 77       		.byte	119
ARM GAS  C:\Users\ALEXAN~1\AppData\Local\Temp\cc8JMKVH.s 			page 12


 628 0257 C0       		.byte	-64
 629 0258 8D       		.byte	-115
 630 0259 80       		.byte	-128
 631 025a 9A       		.byte	-102
 632 025b 80       		.byte	-128
 633 025c 9F       		.byte	-97
 634 025d 40       		.byte	64
 635 025e A4       		.byte	-92
 636 025f 01       		.byte	1
 637 0260 CA       		.byte	-54
 638 0261 08       		.byte	8
 639 0262 CC       		.byte	-52
 640 0263 08       		.byte	8
 641 0264 D0       		.byte	-48
 642 0265 91       		.byte	-111
 643 0266 D2       		.byte	-46
 644 0267 08       		.byte	8
 645 0268 E0       		.byte	-32
 646 0269 08       		.byte	8
 647 026a E2       		.byte	-30
 648 026b 10       		.byte	16
 649 026c EA       		.byte	-22
 650 026d 05       		.byte	5
 651 026e 03       		.byte	3
 652 026f 01       		.byte	1
 653 0270 0F       		.byte	15
 654 0271 01       		.byte	1
 655 0272 37       		.byte	55
 656 0273 01       		.byte	1
 657 0274 3F       		.byte	63
 658 0275 40       		.byte	64
 659 0276 40       		.byte	64
 660 0277 14       		.byte	20
 661 0278 45       		.byte	69
 662 0279 EC       		.byte	-20
 663 027a 46       		.byte	70
 664 027b 02       		.byte	2
 665 027c 48       		.byte	72
 666 027d 07       		.byte	7
 667 027e 49       		.byte	73
 668 027f FF       		.byte	-1
 669 0280 4A       		.byte	74
 670 0281 FF       		.byte	-1
 671 0282 4B       		.byte	75
 672 0283 FF       		.byte	-1
 673 0284 4D       		.byte	77
 674 0285 83       		.byte	-125
 675 0286 4E       		.byte	78
 676 0287 03       		.byte	3
 677 0288 4F       		.byte	79
 678 0289 01       		.byte	1
 679 028a 50       		.byte	80
 680 028b 18       		.byte	24
 681 028c 54       		.byte	84
 682 028d 01       		.byte	1
 683 028e 59       		.byte	89
 684 028f 04       		.byte	4
ARM GAS  C:\Users\ALEXAN~1\AppData\Local\Temp\cc8JMKVH.s 			page 13


 685 0290 5A       		.byte	90
 686 0291 04       		.byte	4
 687 0292 5B       		.byte	91
 688 0293 04       		.byte	4
 689 0294 5D       		.byte	93
 690 0295 99       		.byte	-103
 691 0296 5F       		.byte	95
 692 0297 01       		.byte	1
 693 0298 60       		.byte	96
 694 0299 40       		.byte	64
 695 029a 62       		.byte	98
 696 029b 40       		.byte	64
 697 029c 64       		.byte	100
 698 029d 40       		.byte	64
 699 029e 65       		.byte	101
 700 029f 40       		.byte	64
 701 02a0 66       		.byte	102
 702 02a1 80       		.byte	-128
 703 02a2 68       		.byte	104
 704 02a3 80       		.byte	-128
 705 02a4 6A       		.byte	106
 706 02a5 80       		.byte	-128
 707 02a6 6C       		.byte	108
 708 02a7 80       		.byte	-128
 709 02a8 6E       		.byte	110
 710 02a9 80       		.byte	-128
 711 02aa 26       		.byte	38
 712 02ab 40       		.byte	64
 713 02ac 3C       		.byte	60
 714 02ad 02       		.byte	2
 715 02ae 3E       		.byte	62
 716 02af 80       		.byte	-128
 717 02b0 46       		.byte	70
 718 02b1 80       		.byte	-128
 719 02b2 47       		.byte	71
 720 02b3 40       		.byte	64
 721 02b4 4F       		.byte	79
 722 02b5 05       		.byte	5
 723 02b6 56       		.byte	86
 724 02b7 80       		.byte	-128
 725 02b8 5E       		.byte	94
 726 02b9 80       		.byte	-128
 727 02ba 5F       		.byte	95
 728 02bb 05       		.byte	5
 729 02bc CE       		.byte	-50
 730 02bd 90       		.byte	-112
 731 02be D0       		.byte	-48
 732 02bf 90       		.byte	-112
 733 02c0 D6       		.byte	-42
 734 02c1 D0       		.byte	-48
 735 02c2 E4       		.byte	-28
 736 02c3 01       		.byte	1
 737 02c4 E6       		.byte	-26
 738 02c5 08       		.byte	8
 739 02c6 00       		.byte	0
 740 02c7 10       		.byte	16
 741 02c8 01       		.byte	1
ARM GAS  C:\Users\ALEXAN~1\AppData\Local\Temp\cc8JMKVH.s 			page 14


 742 02c9 80       		.byte	-128
 743 02ca 08       		.byte	8
 744 02cb 0C       		.byte	12
 745 02cc 09       		.byte	9
 746 02cd 03       		.byte	3
 747 02ce 0A       		.byte	10
 748 02cf 11       		.byte	17
 749 02d0 0B       		.byte	11
 750 02d1 44       		.byte	68
 751 02d2 0C       		.byte	12
 752 02d3 1C       		.byte	28
 753 02d4 0E       		.byte	14
 754 02d5 02       		.byte	2
 755 02d6 13       		.byte	19
 756 02d7 08       		.byte	8
 757 02d8 14       		.byte	20
 758 02d9 20       		.byte	32
 759 02da 15       		.byte	21
 760 02db 53       		.byte	83
 761 02dc 16       		.byte	22
 762 02dd 03       		.byte	3
 763 02de 17       		.byte	23
 764 02df 04       		.byte	4
 765 02e0 18       		.byte	24
 766 02e1 14       		.byte	20
 767 02e2 19       		.byte	25
 768 02e3 53       		.byte	83
 769 02e4 1B       		.byte	27
 770 02e5 0C       		.byte	12
 771 02e6 1C       		.byte	28
 772 02e7 09       		.byte	9
 773 02e8 1E       		.byte	30
 774 02e9 10       		.byte	16
 775 02ea 28       		.byte	40
 776 02eb 10       		.byte	16
 777 02ec 29       		.byte	41
 778 02ed 20       		.byte	32
 779 02ee 2A       		.byte	42
 780 02ef 0C       		.byte	12
 781 02f0 2B       		.byte	43
 782 02f1 45       		.byte	69
 783 02f2 2D       		.byte	45
 784 02f3 0A       		.byte	10
 785 02f4 2F       		.byte	47
 786 02f5 54       		.byte	84
 787 02f6 31       		.byte	49
 788 02f7 30       		.byte	48
 789 02f8 32       		.byte	50
 790 02f9 1F       		.byte	31
 791 02fa 33       		.byte	51
 792 02fb 0F       		.byte	15
 793 02fc 34       		.byte	52
 794 02fd 20       		.byte	32
 795 02fe 35       		.byte	53
 796 02ff 80       		.byte	-128
 797 0300 37       		.byte	55
 798 0301 40       		.byte	64
ARM GAS  C:\Users\ALEXAN~1\AppData\Local\Temp\cc8JMKVH.s 			page 15


 799 0302 39       		.byte	57
 800 0303 02       		.byte	2
 801 0304 3B       		.byte	59
 802 0305 08       		.byte	8
 803 0306 3E       		.byte	62
 804 0307 10       		.byte	16
 805 0308 3F       		.byte	63
 806 0309 50       		.byte	80
 807 030a 40       		.byte	64
 808 030b 23       		.byte	35
 809 030c 41       		.byte	65
 810 030d 06       		.byte	6
 811 030e 45       		.byte	69
 812 030f EB       		.byte	-21
 813 0310 46       		.byte	70
 814 0311 C0       		.byte	-64
 815 0312 48       		.byte	72
 816 0313 0B       		.byte	11
 817 0314 49       		.byte	73
 818 0315 FF       		.byte	-1
 819 0316 4A       		.byte	74
 820 0317 FF       		.byte	-1
 821 0318 4B       		.byte	75
 822 0319 FF       		.byte	-1
 823 031a 4E       		.byte	78
 824 031b F0       		.byte	-16
 825 031c 4F       		.byte	79
 826 031d 44       		.byte	68
 827 031e 50       		.byte	80
 828 031f 0C       		.byte	12
 829 0320 54       		.byte	84
 830 0321 01       		.byte	1
 831 0322 58       		.byte	88
 832 0323 04       		.byte	4
 833 0324 59       		.byte	89
 834 0325 04       		.byte	4
 835 0326 5A       		.byte	90
 836 0327 04       		.byte	4
 837 0328 5B       		.byte	91
 838 0329 04       		.byte	4
 839 032a 5C       		.byte	92
 840 032b 11       		.byte	17
 841 032c 5D       		.byte	93
 842 032d 11       		.byte	17
 843 032e 5F       		.byte	95
 844 032f 01       		.byte	1
 845 0330 66       		.byte	102
 846 0331 C0       		.byte	-64
 847 0332 6A       		.byte	106
 848 0333 40       		.byte	64
 849 0334 6B       		.byte	107
 850 0335 02       		.byte	2
 851 0336 86       		.byte	-122
 852 0337 02       		.byte	2
 853 0338 89       		.byte	-119
 854 0339 E7       		.byte	-25
 855 033a 8D       		.byte	-115
ARM GAS  C:\Users\ALEXAN~1\AppData\Local\Temp\cc8JMKVH.s 			page 16


 856 033b 01       		.byte	1
 857 033c 8F       		.byte	-113
 858 033d 0E       		.byte	14
 859 033e 92       		.byte	-110
 860 033f 02       		.byte	2
 861 0340 95       		.byte	-107
 862 0341 44       		.byte	68
 863 0342 97       		.byte	-105
 864 0343 31       		.byte	49
 865 0344 99       		.byte	-103
 866 0345 E7       		.byte	-25
 867 0346 9A       		.byte	-102
 868 0347 01       		.byte	1
 869 0348 9D       		.byte	-99
 870 0349 80       		.byte	-128
 871 034a A2       		.byte	-94
 872 034b 01       		.byte	1
 873 034c A5       		.byte	-91
 874 034d 22       		.byte	34
 875 034e A7       		.byte	-89
 876 034f 51       		.byte	81
 877 0350 B0       		.byte	-80
 878 0351 01       		.byte	1
 879 0352 B1       		.byte	-79
 880 0353 07       		.byte	7
 881 0354 B3       		.byte	-77
 882 0355 60       		.byte	96
 883 0356 B4       		.byte	-76
 884 0357 02       		.byte	2
 885 0358 B5       		.byte	-75
 886 0359 18       		.byte	24
 887 035a B7       		.byte	-73
 888 035b 80       		.byte	-128
 889 035c BE       		.byte	-66
 890 035d 11       		.byte	17
 891 035e BF       		.byte	-65
 892 035f 10       		.byte	16
 893 0360 C0       		.byte	-64
 894 0361 25       		.byte	37
 895 0362 C1       		.byte	-63
 896 0363 04       		.byte	4
 897 0364 C2       		.byte	-62
 898 0365 03       		.byte	3
 899 0366 C4       		.byte	-60
 900 0367 06       		.byte	6
 901 0368 C5       		.byte	-59
 902 0369 C0       		.byte	-64
 903 036a C6       		.byte	-58
 904 036b E0       		.byte	-32
 905 036c C8       		.byte	-56
 906 036d 0A       		.byte	10
 907 036e C9       		.byte	-55
 908 036f FF       		.byte	-1
 909 0370 CA       		.byte	-54
 910 0371 FF       		.byte	-1
 911 0372 CB       		.byte	-53
 912 0373 FF       		.byte	-1
ARM GAS  C:\Users\ALEXAN~1\AppData\Local\Temp\cc8JMKVH.s 			page 17


 913 0374 CC       		.byte	-52
 914 0375 62       		.byte	98
 915 0376 CD       		.byte	-51
 916 0377 A0       		.byte	-96
 917 0378 CE       		.byte	-50
 918 0379 F0       		.byte	-16
 919 037a CF       		.byte	-49
 920 037b 41       		.byte	65
 921 037c D0       		.byte	-48
 922 037d 0C       		.byte	12
 923 037e D4       		.byte	-44
 924 037f 18       		.byte	24
 925 0380 D8       		.byte	-40
 926 0381 04       		.byte	4
 927 0382 D9       		.byte	-39
 928 0383 04       		.byte	4
 929 0384 DA       		.byte	-38
 930 0385 04       		.byte	4
 931 0386 DB       		.byte	-37
 932 0387 04       		.byte	4
 933 0388 DC       		.byte	-36
 934 0389 10       		.byte	16
 935 038a DD       		.byte	-35
 936 038b 11       		.byte	17
 937 038c DF       		.byte	-33
 938 038d 01       		.byte	1
 939 038e E6       		.byte	-26
 940 038f 40       		.byte	64
 941 0390 E7       		.byte	-25
 942 0391 02       		.byte	2
 943 0392 E9       		.byte	-23
 944 0393 10       		.byte	16
 945 0394 EA       		.byte	-22
 946 0395 30       		.byte	48
 947 0396 EB       		.byte	-21
 948 0397 10       		.byte	16
 949 0398 ED       		.byte	-19
 950 0399 10       		.byte	16
 951 039a EE       		.byte	-18
 952 039b 10       		.byte	16
 953 039c EF       		.byte	-17
 954 039d 12       		.byte	18
 955 039e 03       		.byte	3
 956 039f 20       		.byte	32
 957 03a0 05       		.byte	5
 958 03a1 90       		.byte	-112
 959 03a2 06       		.byte	6
 960 03a3 40       		.byte	64
 961 03a4 0A       		.byte	10
 962 03a5 08       		.byte	8
 963 03a6 0B       		.byte	11
 964 03a7 80       		.byte	-128
 965 03a8 0E       		.byte	14
 966 03a9 22       		.byte	34
 967 03aa 0F       		.byte	15
 968 03ab 08       		.byte	8
 969 03ac 10       		.byte	16
ARM GAS  C:\Users\ALEXAN~1\AppData\Local\Temp\cc8JMKVH.s 			page 18


 970 03ad 80       		.byte	-128
 971 03ae 17       		.byte	23
 972 03af 10       		.byte	16
 973 03b0 18       		.byte	24
 974 03b1 04       		.byte	4
 975 03b2 1B       		.byte	27
 976 03b3 01       		.byte	1
 977 03b4 1E       		.byte	30
 978 03b5 20       		.byte	32
 979 03b6 1F       		.byte	31
 980 03b7 10       		.byte	16
 981 03b8 20       		.byte	32
 982 03b9 6A       		.byte	106
 983 03ba 21       		.byte	33
 984 03bb 08       		.byte	8
 985 03bc 23       		.byte	35
 986 03bd 40       		.byte	64
 987 03be 26       		.byte	38
 988 03bf 41       		.byte	65
 989 03c0 27       		.byte	39
 990 03c1 18       		.byte	24
 991 03c2 28       		.byte	40
 992 03c3 20       		.byte	32
 993 03c4 2D       		.byte	45
 994 03c5 80       		.byte	-128
 995 03c6 2E       		.byte	46
 996 03c7 60       		.byte	96
 997 03c8 2F       		.byte	47
 998 03c9 08       		.byte	8
 999 03ca 30       		.byte	48
 1000 03cb 20       		.byte	32
 1001 03cc 31       		.byte	49
 1002 03cd 08       		.byte	8
 1003 03ce 32       		.byte	50
 1004 03cf 40       		.byte	64
 1005 03d0 36       		.byte	54
 1006 03d1 0D       		.byte	13
 1007 03d2 37       		.byte	55
 1008 03d3 10       		.byte	16
 1009 03d4 38       		.byte	56
 1010 03d5 40       		.byte	64
 1011 03d6 39       		.byte	57
 1012 03d7 10       		.byte	16
 1013 03d8 3D       		.byte	61
 1014 03d9 01       		.byte	1
 1015 03da 3E       		.byte	62
 1016 03db 10       		.byte	16
 1017 03dc 3F       		.byte	63
 1018 03dd 20       		.byte	32
 1019 03de 41       		.byte	65
 1020 03df 04       		.byte	4
 1021 03e0 42       		.byte	66
 1022 03e1 04       		.byte	4
 1023 03e2 43       		.byte	67
 1024 03e3 01       		.byte	1
 1025 03e4 46       		.byte	70
 1026 03e5 20       		.byte	32
ARM GAS  C:\Users\ALEXAN~1\AppData\Local\Temp\cc8JMKVH.s 			page 19


 1027 03e6 47       		.byte	71
 1028 03e7 10       		.byte	16
 1029 03e8 48       		.byte	72
 1030 03e9 85       		.byte	-123
 1031 03ea 4A       		.byte	74
 1032 03eb 02       		.byte	2
 1033 03ec 4D       		.byte	77
 1034 03ed 01       		.byte	1
 1035 03ee 4E       		.byte	78
 1036 03ef 08       		.byte	8
 1037 03f0 4F       		.byte	79
 1038 03f1 08       		.byte	8
 1039 03f2 53       		.byte	83
 1040 03f3 20       		.byte	32
 1041 03f4 57       		.byte	87
 1042 03f5 10       		.byte	16
 1043 03f6 5A       		.byte	90
 1044 03f7 02       		.byte	2
 1045 03f8 5D       		.byte	93
 1046 03f9 01       		.byte	1
 1047 03fa 5E       		.byte	94
 1048 03fb 90       		.byte	-112
 1049 03fc 5F       		.byte	95
 1050 03fd 08       		.byte	8
 1051 03fe 60       		.byte	96
 1052 03ff 04       		.byte	4
 1053 0400 63       		.byte	99
 1054 0401 02       		.byte	2
 1055 0402 87       		.byte	-121
 1056 0403 10       		.byte	16
 1057 0404 C0       		.byte	-64
 1058 0405 D4       		.byte	-44
 1059 0406 C2       		.byte	-62
 1060 0407 EA       		.byte	-22
 1061 0408 C4       		.byte	-60
 1062 0409 48       		.byte	72
 1063 040a CA       		.byte	-54
 1064 040b 32       		.byte	50
 1065 040c CC       		.byte	-52
 1066 040d EE       		.byte	-18
 1067 040e CE       		.byte	-50
 1068 040f AC       		.byte	-84
 1069 0410 D0       		.byte	-48
 1070 0411 67       		.byte	103
 1071 0412 D2       		.byte	-46
 1072 0413 2C       		.byte	44
 1073 0414 D6       		.byte	-42
 1074 0415 F1       		.byte	-15
 1075 0416 D8       		.byte	-40
 1076 0417 0C       		.byte	12
 1077 0418 E4       		.byte	-28
 1078 0419 03       		.byte	3
 1079 041a E6       		.byte	-26
 1080 041b 08       		.byte	8
 1081 041c 00       		.byte	0
 1082 041d 01       		.byte	1
 1083 041e 01       		.byte	1
ARM GAS  C:\Users\ALEXAN~1\AppData\Local\Temp\cc8JMKVH.s 			page 20


 1084 041f FF       		.byte	-1
 1085 0420 02       		.byte	2
 1086 0421 40       		.byte	64
 1087 0422 04       		.byte	4
 1088 0423 33       		.byte	51
 1089 0424 05       		.byte	5
 1090 0425 18       		.byte	24
 1091 0426 06       		.byte	6
 1092 0427 0C       		.byte	12
 1093 0428 08       		.byte	8
 1094 0429 02       		.byte	2
 1095 042a 09       		.byte	9
 1096 042b 08       		.byte	8
 1097 042c 0C       		.byte	12
 1098 042d 1F       		.byte	31
 1099 042e 0D       		.byte	13
 1100 042f C0       		.byte	-64
 1101 0430 0E       		.byte	14
 1102 0431 20       		.byte	32
 1103 0432 10       		.byte	16
 1104 0433 03       		.byte	3
 1105 0434 13       		.byte	19
 1106 0435 E3       		.byte	-29
 1107 0436 14       		.byte	20
 1108 0437 1C       		.byte	28
 1109 0438 15       		.byte	21
 1110 0439 80       		.byte	-128
 1111 043a 16       		.byte	22
 1112 043b 23       		.byte	35
 1113 043c 19       		.byte	25
 1114 043d 3C       		.byte	60
 1115 043e 1B       		.byte	27
 1116 043f C2       		.byte	-62
 1117 0440 1C       		.byte	28
 1118 0441 3F       		.byte	63
 1119 0442 1D       		.byte	29
 1120 0443 10       		.byte	16
 1121 0444 20       		.byte	32
 1122 0445 08       		.byte	8
 1123 0446 21       		.byte	33
 1124 0447 44       		.byte	68
 1125 0448 24       		.byte	36
 1126 0449 04       		.byte	4
 1127 044a 27       		.byte	39
 1128 044b 04       		.byte	4
 1129 044c 28       		.byte	40
 1130 044d 0C       		.byte	12
 1131 044e 29       		.byte	41
 1132 044f E7       		.byte	-25
 1133 0450 2B       		.byte	43
 1134 0451 18       		.byte	24
 1135 0452 2D       		.byte	45
 1136 0453 1C       		.byte	28
 1137 0454 2E       		.byte	46
 1138 0455 23       		.byte	35
 1139 0456 2F       		.byte	47
 1140 0457 E1       		.byte	-31
ARM GAS  C:\Users\ALEXAN~1\AppData\Local\Temp\cc8JMKVH.s 			page 21


 1141 0458 30       		.byte	48
 1142 0459 10       		.byte	16
 1143 045a 31       		.byte	49
 1144 045b C0       		.byte	-64
 1145 045c 32       		.byte	50
 1146 045d 40       		.byte	64
 1147 045e 33       		.byte	51
 1148 045f 38       		.byte	56
 1149 0460 34       		.byte	52
 1150 0461 0F       		.byte	15
 1151 0462 35       		.byte	53
 1152 0463 1F       		.byte	31
 1153 0464 36       		.byte	54
 1154 0465 2C       		.byte	44
 1155 0466 3A       		.byte	58
 1156 0467 A0       		.byte	-96
 1157 0468 3B       		.byte	59
 1158 0469 20       		.byte	32
 1159 046a 3E       		.byte	62
 1160 046b 01       		.byte	1
 1161 046c 56       		.byte	86
 1162 046d 02       		.byte	2
 1163 046e 57       		.byte	87
 1164 046f 13       		.byte	19
 1165 0470 58       		.byte	88
 1166 0471 04       		.byte	4
 1167 0472 59       		.byte	89
 1168 0473 04       		.byte	4
 1169 0474 5B       		.byte	91
 1170 0475 04       		.byte	4
 1171 0476 5C       		.byte	92
 1172 0477 11       		.byte	17
 1173 0478 5D       		.byte	93
 1174 0479 10       		.byte	16
 1175 047a 5F       		.byte	95
 1176 047b 01       		.byte	1
 1177 047c 82       		.byte	-126
 1178 047d 40       		.byte	64
 1179 047e 84       		.byte	-124
 1180 047f 31       		.byte	49
 1181 0480 86       		.byte	-122
 1182 0481 86       		.byte	-122
 1183 0482 88       		.byte	-120
 1184 0483 31       		.byte	49
 1185 0484 8A       		.byte	-118
 1186 0485 0E       		.byte	14
 1187 0486 8C       		.byte	-116
 1188 0487 40       		.byte	64
 1189 0488 90       		.byte	-112
 1190 0489 AC       		.byte	-84
 1191 048a 92       		.byte	-110
 1192 048b 03       		.byte	3
 1193 048c 98       		.byte	-104
 1194 048d 40       		.byte	64
 1195 048e 9E       		.byte	-98
 1196 048f 8C       		.byte	-116
 1197 0490 A2       		.byte	-94
ARM GAS  C:\Users\ALEXAN~1\AppData\Local\Temp\cc8JMKVH.s 			page 22


 1198 0491 08       		.byte	8
 1199 0492 A6       		.byte	-90
 1200 0493 40       		.byte	64
 1201 0494 AA       		.byte	-86
 1202 0495 13       		.byte	19
 1203 0496 B0       		.byte	-80
 1204 0497 0F       		.byte	15
 1205 0498 B2       		.byte	-78
 1206 0499 30       		.byte	48
 1207 049a B4       		.byte	-76
 1208 049b 8A       		.byte	-118
 1209 049c B6       		.byte	-74
 1210 049d 40       		.byte	64
 1211 049e B8       		.byte	-72
 1212 049f 88       		.byte	-120
 1213 04a0 B9       		.byte	-71
 1214 04a1 20       		.byte	32
 1215 04a2 BA       		.byte	-70
 1216 04a3 22       		.byte	34
 1217 04a4 BB       		.byte	-69
 1218 04a5 80       		.byte	-128
 1219 04a6 BE       		.byte	-66
 1220 04a7 04       		.byte	4
 1221 04a8 BF       		.byte	-65
 1222 04a9 10       		.byte	16
 1223 04aa C0       		.byte	-64
 1224 04ab 03       		.byte	3
 1225 04ac C6       		.byte	-58
 1226 04ad 04       		.byte	4
 1227 04ae C9       		.byte	-55
 1228 04af FF       		.byte	-1
 1229 04b0 CA       		.byte	-54
 1230 04b1 07       		.byte	7
 1231 04b2 CB       		.byte	-53
 1232 04b3 FF       		.byte	-1
 1233 04b4 CC       		.byte	-52
 1234 04b5 40       		.byte	64
 1235 04b6 CD       		.byte	-51
 1236 04b7 20       		.byte	32
 1237 04b8 CE       		.byte	-50
 1238 04b9 F0       		.byte	-16
 1239 04ba CF       		.byte	-49
 1240 04bb 05       		.byte	5
 1241 04bc D0       		.byte	-48
 1242 04bd 08       		.byte	8
 1243 04be D8       		.byte	-40
 1244 04bf 04       		.byte	4
 1245 04c0 D9       		.byte	-39
 1246 04c1 04       		.byte	4
 1247 04c2 DA       		.byte	-38
 1248 04c3 04       		.byte	4
 1249 04c4 DC       		.byte	-36
 1250 04c5 11       		.byte	17
 1251 04c6 DD       		.byte	-35
 1252 04c7 01       		.byte	1
 1253 04c8 DF       		.byte	-33
 1254 04c9 01       		.byte	1
ARM GAS  C:\Users\ALEXAN~1\AppData\Local\Temp\cc8JMKVH.s 			page 23


 1255 04ca E0       		.byte	-32
 1256 04cb 40       		.byte	64
 1257 04cc E1       		.byte	-31
 1258 04cd A8       		.byte	-88
 1259 04ce E2       		.byte	-30
 1260 04cf 40       		.byte	64
 1261 04d0 E3       		.byte	-29
 1262 04d1 20       		.byte	32
 1263 04d2 00       		.byte	0
 1264 04d3 26       		.byte	38
 1265 04d4 01       		.byte	1
 1266 04d5 80       		.byte	-128
 1267 04d6 02       		.byte	2
 1268 04d7 08       		.byte	8
 1269 04d8 04       		.byte	4
 1270 04d9 02       		.byte	2
 1271 04da 05       		.byte	5
 1272 04db 10       		.byte	16
 1273 04dc 07       		.byte	7
 1274 04dd 11       		.byte	17
 1275 04de 09       		.byte	9
 1276 04df 40       		.byte	64
 1277 04e0 0A       		.byte	10
 1278 04e1 20       		.byte	32
 1279 04e2 0B       		.byte	11
 1280 04e3 42       		.byte	66
 1281 04e4 0E       		.byte	14
 1282 04e5 46       		.byte	70
 1283 04e6 10       		.byte	16
 1284 04e7 80       		.byte	-128
 1285 04e8 12       		.byte	18
 1286 04e9 02       		.byte	2
 1287 04ea 13       		.byte	19
 1288 04eb 24       		.byte	36
 1289 04ec 16       		.byte	22
 1290 04ed 44       		.byte	68
 1291 04ee 17       		.byte	23
 1292 04ef 08       		.byte	8
 1293 04f0 18       		.byte	24
 1294 04f1 06       		.byte	6
 1295 04f2 19       		.byte	25
 1296 04f3 A5       		.byte	-91
 1297 04f4 1A       		.byte	26
 1298 04f5 04       		.byte	4
 1299 04f6 1D       		.byte	29
 1300 04f7 18       		.byte	24
 1301 04f8 1E       		.byte	30
 1302 04f9 48       		.byte	72
 1303 04fa 1F       		.byte	31
 1304 04fb 40       		.byte	64
 1305 04fc 21       		.byte	33
 1306 04fd 04       		.byte	4
 1307 04fe 22       		.byte	34
 1308 04ff 15       		.byte	21
 1309 0500 23       		.byte	35
 1310 0501 08       		.byte	8
 1311 0502 25       		.byte	37
ARM GAS  C:\Users\ALEXAN~1\AppData\Local\Temp\cc8JMKVH.s 			page 24


 1312 0503 50       		.byte	80
 1313 0504 27       		.byte	39
 1314 0505 01       		.byte	1
 1315 0506 29       		.byte	41
 1316 0507 A4       		.byte	-92
 1317 0508 2A       		.byte	42
 1318 0509 02       		.byte	2
 1319 050a 30       		.byte	48
 1320 050b 80       		.byte	-128
 1321 050c 32       		.byte	50
 1322 050d 1A       		.byte	26
 1323 050e 38       		.byte	56
 1324 050f 28       		.byte	40
 1325 0510 3B       		.byte	59
 1326 0511 42       		.byte	66
 1327 0512 45       		.byte	69
 1328 0513 08       		.byte	8
 1329 0514 56       		.byte	86
 1330 0515 44       		.byte	68
 1331 0516 57       		.byte	87
 1332 0517 08       		.byte	8
 1333 0518 59       		.byte	89
 1334 0519 01       		.byte	1
 1335 051a 68       		.byte	104
 1336 051b 20       		.byte	32
 1337 051c 69       		.byte	105
 1338 051d 10       		.byte	16
 1339 051e 6A       		.byte	106
 1340 051f 80       		.byte	-128
 1341 0520 70       		.byte	112
 1342 0521 94       		.byte	-108
 1343 0522 73       		.byte	115
 1344 0523 24       		.byte	36
 1345 0524 88       		.byte	-120
 1346 0525 21       		.byte	33
 1347 0526 8A       		.byte	-118
 1348 0527 02       		.byte	2
 1349 0528 8D       		.byte	-115
 1350 0529 10       		.byte	16
 1351 052a 93       		.byte	-109
 1352 052b 40       		.byte	64
 1353 052c 95       		.byte	-107
 1354 052d 18       		.byte	24
 1355 052e 96       		.byte	-106
 1356 052f CE       		.byte	-50
 1357 0530 97       		.byte	-105
 1358 0531 80       		.byte	-128
 1359 0532 9B       		.byte	-101
 1360 0533 10       		.byte	16
 1361 0534 9C       		.byte	-100
 1362 0535 20       		.byte	32
 1363 0536 9D       		.byte	-99
 1364 0537 10       		.byte	16
 1365 0538 9E       		.byte	-98
 1366 0539 40       		.byte	64
 1367 053a 9F       		.byte	-97
 1368 053b 01       		.byte	1
ARM GAS  C:\Users\ALEXAN~1\AppData\Local\Temp\cc8JMKVH.s 			page 25


 1369 053c A0       		.byte	-96
 1370 053d 10       		.byte	16
 1371 053e A2       		.byte	-94
 1372 053f 03       		.byte	3
 1373 0540 A4       		.byte	-92
 1374 0541 20       		.byte	32
 1375 0542 A6       		.byte	-90
 1376 0543 04       		.byte	4
 1377 0544 A7       		.byte	-89
 1378 0545 08       		.byte	8
 1379 0546 C0       		.byte	-64
 1380 0547 FF       		.byte	-1
 1381 0548 C2       		.byte	-62
 1382 0549 DD       		.byte	-35
 1383 054a C4       		.byte	-60
 1384 054b 7F       		.byte	127
 1385 054c CA       		.byte	-54
 1386 054d 0F       		.byte	15
 1387 054e CC       		.byte	-52
 1388 054f 0F       		.byte	15
 1389 0550 CE       		.byte	-50
 1390 0551 0F       		.byte	15
 1391 0552 D0       		.byte	-48
 1392 0553 40       		.byte	64
 1393 0554 D6       		.byte	-42
 1394 0555 01       		.byte	1
 1395 0556 E0       		.byte	-32
 1396 0557 08       		.byte	8
 1397 0558 EA       		.byte	-22
 1398 0559 05       		.byte	5
 1399 055a 32       		.byte	50
 1400 055b 40       		.byte	64
 1401 055c CC       		.byte	-52
 1402 055d 10       		.byte	16
 1403 055e 96       		.byte	-106
 1404 055f 80       		.byte	-128
 1405 0560 3E       		.byte	62
 1406 0561 10       		.byte	16
 1407 0562 96       		.byte	-106
 1408 0563 80       		.byte	-128
 1409 0564 CE       		.byte	-50
 1410 0565 20       		.byte	32
 1411 0566 96       		.byte	-106
 1412 0567 90       		.byte	-112
 1413 0568 52       		.byte	82
 1414 0569 40       		.byte	64
 1415 056a 5B       		.byte	91
 1416 056b 04       		.byte	4
 1417 056c 60       		.byte	96
 1418 056d 80       		.byte	-128
 1419 056e 62       		.byte	98
 1420 056f 40       		.byte	64
 1421 0570 67       		.byte	103
 1422 0571 08       		.byte	8
 1423 0572 84       		.byte	-124
 1424 0573 80       		.byte	-128
 1425 0574 D4       		.byte	-44
ARM GAS  C:\Users\ALEXAN~1\AppData\Local\Temp\cc8JMKVH.s 			page 26


 1426 0575 04       		.byte	4
 1427 0576 D6       		.byte	-42
 1428 0577 02       		.byte	2
 1429 0578 D8       		.byte	-40
 1430 0579 03       		.byte	3
 1431 057a 8B       		.byte	-117
 1432 057b 04       		.byte	4
 1433 057c 97       		.byte	-105
 1434 057d 08       		.byte	8
 1435 057e 9F       		.byte	-97
 1436 057f 04       		.byte	4
 1437 0580 E0       		.byte	-32
 1438 0581 01       		.byte	1
 1439 0582 9F       		.byte	-97
 1440 0583 04       		.byte	4
 1441 0584 81       		.byte	-127
 1442 0585 01       		.byte	1
 1443 0586 85       		.byte	-123
 1444 0587 08       		.byte	8
 1445 0588 96       		.byte	-106
 1446 0589 90       		.byte	-112
 1447 058a E4       		.byte	-28
 1448 058b 80       		.byte	-128
 1449 058c E6       		.byte	-26
 1450 058d 10       		.byte	16
 1451 058e 11       		.byte	17
 1452 058f 02       		.byte	2
 1453 0590 16       		.byte	22
 1454 0591 40       		.byte	64
 1455 0592 75       		.byte	117
 1456 0593 08       		.byte	8
 1457 0594 7B       		.byte	123
 1458 0595 02       		.byte	2
 1459 0596 86       		.byte	-122
 1460 0597 40       		.byte	64
 1461 0598 8E       		.byte	-114
 1462 0599 40       		.byte	64
 1463 059a 96       		.byte	-106
 1464 059b 80       		.byte	-128
 1465 059c 99       		.byte	-103
 1466 059d 08       		.byte	8
 1467 059e A3       		.byte	-93
 1468 059f 02       		.byte	2
 1469 05a0 A5       		.byte	-91
 1470 05a1 01       		.byte	1
 1471 05a2 AA       		.byte	-86
 1472 05a3 10       		.byte	16
 1473 05a4 AB       		.byte	-85
 1474 05a5 02       		.byte	2
 1475 05a6 C4       		.byte	-60
 1476 05a7 30       		.byte	48
 1477 05a8 DC       		.byte	-36
 1478 05a9 80       		.byte	-128
 1479 05aa DE       		.byte	-34
 1480 05ab 20       		.byte	32
 1481 05ac E0       		.byte	-32
 1482 05ad 10       		.byte	16
ARM GAS  C:\Users\ALEXAN~1\AppData\Local\Temp\cc8JMKVH.s 			page 27


 1483 05ae EA       		.byte	-22
 1484 05af A0       		.byte	-96
 1485 05b0 13       		.byte	19
 1486 05b1 28       		.byte	40
 1487 05b2 14       		.byte	20
 1488 05b3 40       		.byte	64
 1489 05b4 7B       		.byte	123
 1490 05b5 08       		.byte	8
 1491 05b6 7F       		.byte	127
 1492 05b7 40       		.byte	64
 1493 05b8 83       		.byte	-125
 1494 05b9 08       		.byte	8
 1495 05ba 84       		.byte	-124
 1496 05bb 40       		.byte	64
 1497 05bc 87       		.byte	-121
 1498 05bd 40       		.byte	64
 1499 05be 9F       		.byte	-97
 1500 05bf 04       		.byte	4
 1501 05c0 C4       		.byte	-60
 1502 05c1 0E       		.byte	14
 1503 05c2 DE       		.byte	-34
 1504 05c3 03       		.byte	3
 1505 05c4 10       		.byte	16
 1506 05c5 40       		.byte	64
 1507 05c6 73       		.byte	115
 1508 05c7 40       		.byte	64
 1509 05c8 87       		.byte	-121
 1510 05c9 40       		.byte	64
 1511 05ca 88       		.byte	-120
 1512 05cb 40       		.byte	64
 1513 05cc 8F       		.byte	-113
 1514 05cd 04       		.byte	4
 1515 05ce 93       		.byte	-109
 1516 05cf 40       		.byte	64
 1517 05d0 97       		.byte	-105
 1518 05d1 80       		.byte	-128
 1519 05d2 9F       		.byte	-97
 1520 05d3 04       		.byte	4
 1521 05d4 AB       		.byte	-85
 1522 05d5 28       		.byte	40
 1523 05d6 C4       		.byte	-60
 1524 05d7 08       		.byte	8
 1525 05d8 DC       		.byte	-36
 1526 05d9 01       		.byte	1
 1527 05da E2       		.byte	-30
 1528 05db 01       		.byte	1
 1529 05dc E4       		.byte	-28
 1530 05dd 08       		.byte	8
 1531 05de 00       		.byte	0
 1532 05df 01       		.byte	1
 1533 05e0 0C       		.byte	12
 1534 05e1 01       		.byte	1
 1535 05e2 0E       		.byte	14
 1536 05e3 01       		.byte	1
 1537 05e4 10       		.byte	16
 1538 05e5 02       		.byte	2
 1539 05e6 11       		.byte	17
ARM GAS  C:\Users\ALEXAN~1\AppData\Local\Temp\cc8JMKVH.s 			page 28


 1540 05e7 01       		.byte	1
 1541 05e8 1B       		.byte	27
 1542 05e9 01       		.byte	1
 1543 05ea 1C       		.byte	28
 1544 05eb 02       		.byte	2
 1545 05ec 00       		.byte	0
 1546 05ed 03       		.byte	3
 1547 05ee 03       		.byte	3
 1548 05ef C0       		.byte	-64
 1549 05f0 02       		.byte	2
 1550 05f1 80       		.byte	-128
 1551 05f2 00       		.byte	0
 1552 05f3 00       		.byte	0
 1553 05f4 43       		.byte	67
 1554 05f5 00       		.byte	0
 1555 05f6 00       		.byte	0
 1556 05f7 00       		.byte	0
 1557 05f8 83       		.byte	-125
 1558 05f9 00       		.byte	0
 1559 05fa 40       		.byte	64
 1560 05fb 80       		.byte	-128
 1561 05fc 83       		.byte	-125
 1562 05fd 00       		.byte	0
 1563 05fe 83       		.byte	-125
 1564 05ff 00       		.byte	0
 1565 0600 00       		.byte	0
 1566 0601 00       		.byte	0
 1567 0602 00       		.byte	0
 1568 0603 00       		.byte	0
 1569 0604 00       		.byte	0
 1570 0605 0B       		.byte	11
 1571 0606 0B       		.byte	11
 1572 0607 00       		.byte	0
 1573 0608 00       		.byte	0
 1574 0609 00       		.byte	0
 1575 060a 00       		.byte	0
 1576 060b 00       		.byte	0
 1577 060c 64       		.byte	100
 1578 060d 00       		.byte	0
 1579 060e 00       		.byte	0
 1580 060f 7E       		.byte	126
 1581 0610 7A       		.byte	122
 1582 0611 00       		.byte	0
 1583 0612 78       		.byte	120
 1584 0613 00       		.byte	0
 1585 0614 00       		.byte	0
 1586 0615 00       		.byte	0
 1587 0616 00       		.byte	0
 1588 0617 00       		.byte	0
 1589              		.section	.cywolatch,"a",%progbits
 1590              		.align	2
 1591              		.type	cy_meta_wonvl, %object
 1592              		.size	cy_meta_wonvl, 4
 1593              	cy_meta_wonvl:
 1594 0000 BC       		.byte	-68
 1595 0001 90       		.byte	-112
 1596 0002 AC       		.byte	-84
ARM GAS  C:\Users\ALEXAN~1\AppData\Local\Temp\cc8JMKVH.s 			page 29


 1597 0003 AF       		.byte	-81
 1598              		.section	.cycustnvl,"a",%progbits
 1599              		.align	2
 1600              		.type	cy_meta_custnvl, %object
 1601              		.size	cy_meta_custnvl, 4
 1602              	cy_meta_custnvl:
 1603 0000 00       		.byte	0
 1604 0001 00       		.byte	0
 1605 0002 40       		.byte	64
 1606 0003 05       		.byte	5
 1607              		.section	.cymeta,"a",%progbits
 1608              		.align	2
 1609              		.type	cy_metadata, %object
 1610              		.size	cy_metadata, 12
 1611              	cy_metadata:
 1612 0000 00       		.byte	0
 1613 0001 01       		.byte	1
 1614 0002 2E       		.byte	46
 1615 0003 16       		.byte	22
 1616 0004 10       		.byte	16
 1617 0005 69       		.byte	105
 1618 0006 00       		.byte	0
 1619 0007 01       		.byte	1
 1620 0008 00       		.byte	0
 1621 0009 00       		.byte	0
 1622 000a 00       		.byte	0
 1623 000b 00       		.byte	0
 1624              		.section	.cyflashprotect,"a",%progbits
 1625              		.align	2
 1626              		.type	cy_meta_flashprotect, %object
 1627              		.size	cy_meta_flashprotect, 256
 1628              	cy_meta_flashprotect:
 1629 0000 00000000 		.space	256
 1629      00000000 
 1629      00000000 
 1629      00000000 
 1629      00000000 
 1630              		.text
 1631              	.Letext0:
 1632              		.file 1 "c:\\program files (x86)\\cypress\\psoc creator\\4.4\\psoc creator\\import\\gnu\\arm\\5.4.
 1633              		.file 2 "c:\\program files (x86)\\cypress\\psoc creator\\4.4\\psoc creator\\import\\gnu\\arm\\5.4.
 1634              		.file 3 "Generated_Source\\PSoC5\\cymetadata.c"
 1635              		.section	.debug_info,"",%progbits
 1636              	.Ldebug_info0:
 1637 0000 33010000 		.4byte	0x133
 1638 0004 0400     		.2byte	0x4
 1639 0006 00000000 		.4byte	.Ldebug_abbrev0
 1640 000a 04       		.byte	0x4
 1641 000b 01       		.uleb128 0x1
 1642 000c C4000000 		.4byte	.LASF17
 1643 0010 0C       		.byte	0xc
 1644 0011 1E020000 		.4byte	.LASF18
 1645 0015 0A000000 		.4byte	.LASF19
 1646 0019 00000000 		.4byte	.Ldebug_line0
 1647 001d 02       		.uleb128 0x2
 1648 001e 01       		.byte	0x1
 1649 001f 06       		.byte	0x6
ARM GAS  C:\Users\ALEXAN~1\AppData\Local\Temp\cc8JMKVH.s 			page 30


 1650 0020 12020000 		.4byte	.LASF0
 1651 0024 03       		.uleb128 0x3
 1652 0025 00000000 		.4byte	.LASF9
 1653 0029 01       		.byte	0x1
 1654 002a 1D       		.byte	0x1d
 1655 002b 2F000000 		.4byte	0x2f
 1656 002f 02       		.uleb128 0x2
 1657 0030 01       		.byte	0x1
 1658 0031 08       		.byte	0x8
 1659 0032 B6000000 		.4byte	.LASF1
 1660 0036 02       		.uleb128 0x2
 1661 0037 02       		.byte	0x2
 1662 0038 05       		.byte	0x5
 1663 0039 FF010000 		.4byte	.LASF2
 1664 003d 02       		.uleb128 0x2
 1665 003e 02       		.byte	0x2
 1666 003f 07       		.byte	0x7
 1667 0040 64010000 		.4byte	.LASF3
 1668 0044 02       		.uleb128 0x2
 1669 0045 04       		.byte	0x4
 1670 0046 05       		.byte	0x5
 1671 0047 09020000 		.4byte	.LASF4
 1672 004b 02       		.uleb128 0x2
 1673 004c 04       		.byte	0x4
 1674 004d 07       		.byte	0x7
 1675 004e 52010000 		.4byte	.LASF5
 1676 0052 02       		.uleb128 0x2
 1677 0053 08       		.byte	0x8
 1678 0054 05       		.byte	0x5
 1679 0055 F1010000 		.4byte	.LASF6
 1680 0059 02       		.uleb128 0x2
 1681 005a 08       		.byte	0x8
 1682 005b 07       		.byte	0x7
 1683 005c A6010000 		.4byte	.LASF7
 1684 0060 04       		.uleb128 0x4
 1685 0061 04       		.byte	0x4
 1686 0062 05       		.byte	0x5
 1687 0063 696E7400 		.ascii	"int\000"
 1688 0067 02       		.uleb128 0x2
 1689 0068 04       		.byte	0x4
 1690 0069 07       		.byte	0x7
 1691 006a 99010000 		.4byte	.LASF8
 1692 006e 03       		.uleb128 0x3
 1693 006f BD010000 		.4byte	.LASF10
 1694 0073 02       		.byte	0x2
 1695 0074 18       		.byte	0x18
 1696 0075 24000000 		.4byte	0x24
 1697 0079 05       		.uleb128 0x5
 1698 007a 91000000 		.4byte	0x91
 1699 007e 8A000000 		.4byte	0x8a
 1700 0082 06       		.uleb128 0x6
 1701 0083 8A000000 		.4byte	0x8a
 1702 0087 1706     		.2byte	0x617
 1703 0089 00       		.byte	0
 1704 008a 02       		.uleb128 0x2
 1705 008b 04       		.byte	0x4
 1706 008c 07       		.byte	0x7
ARM GAS  C:\Users\ALEXAN~1\AppData\Local\Temp\cc8JMKVH.s 			page 31


 1707 008d E8010000 		.4byte	.LASF11
 1708 0091 07       		.uleb128 0x7
 1709 0092 6E000000 		.4byte	0x6e
 1710 0096 08       		.uleb128 0x8
 1711 0097 87010000 		.4byte	.LASF12
 1712 009b 03       		.byte	0x3
 1713 009c 1F       		.byte	0x1f
 1714 009d A7000000 		.4byte	0xa7
 1715 00a1 05       		.uleb128 0x5
 1716 00a2 03       		.byte	0x3
 1717 00a3 00000000 		.4byte	cy_meta_configecc
 1718 00a7 07       		.uleb128 0x7
 1719 00a8 79000000 		.4byte	0x79
 1720 00ac 05       		.uleb128 0x5
 1721 00ad 91000000 		.4byte	0x91
 1722 00b1 BC000000 		.4byte	0xbc
 1723 00b5 09       		.uleb128 0x9
 1724 00b6 8A000000 		.4byte	0x8a
 1725 00ba 03       		.byte	0x3
 1726 00bb 00       		.byte	0
 1727 00bc 08       		.uleb128 0x8
 1728 00bd 77010000 		.4byte	.LASF13
 1729 00c1 03       		.byte	0x3
 1730 00c2 EF       		.byte	0xef
 1731 00c3 CD000000 		.4byte	0xcd
 1732 00c7 05       		.uleb128 0x5
 1733 00c8 03       		.byte	0x3
 1734 00c9 00000000 		.4byte	cy_meta_custnvl
 1735 00cd 07       		.uleb128 0x7
 1736 00ce AC000000 		.4byte	0xac
 1737 00d2 08       		.uleb128 0x8
 1738 00d3 DA010000 		.4byte	.LASF14
 1739 00d7 03       		.byte	0x3
 1740 00d8 FD       		.byte	0xfd
 1741 00d9 E3000000 		.4byte	0xe3
 1742 00dd 05       		.uleb128 0x5
 1743 00de 03       		.byte	0x3
 1744 00df 00000000 		.4byte	cy_meta_wonvl
 1745 00e3 07       		.uleb128 0x7
 1746 00e4 AC000000 		.4byte	0xac
 1747 00e8 05       		.uleb128 0x5
 1748 00e9 91000000 		.4byte	0x91
 1749 00ed F8000000 		.4byte	0xf8
 1750 00f1 09       		.uleb128 0x9
 1751 00f2 8A000000 		.4byte	0x8a
 1752 00f6 FF       		.byte	0xff
 1753 00f7 00       		.byte	0
 1754 00f8 0A       		.uleb128 0xa
 1755 00f9 C5010000 		.4byte	.LASF15
 1756 00fd 03       		.byte	0x3
 1757 00fe 0B01     		.2byte	0x10b
 1758 0100 0A010000 		.4byte	0x10a
 1759 0104 05       		.uleb128 0x5
 1760 0105 03       		.byte	0x3
 1761 0106 00000000 		.4byte	cy_meta_flashprotect
 1762 010a 07       		.uleb128 0x7
 1763 010b E8000000 		.4byte	0xe8
ARM GAS  C:\Users\ALEXAN~1\AppData\Local\Temp\cc8JMKVH.s 			page 32


 1764 010f 05       		.uleb128 0x5
 1765 0110 91000000 		.4byte	0x91
 1766 0114 1F010000 		.4byte	0x11f
 1767 0118 09       		.uleb128 0x9
 1768 0119 8A000000 		.4byte	0x8a
 1769 011d 0B       		.byte	0xb
 1770 011e 00       		.byte	0
 1771 011f 0A       		.uleb128 0xa
 1772 0120 AA000000 		.4byte	.LASF16
 1773 0124 03       		.byte	0x3
 1774 0125 3801     		.2byte	0x138
 1775 0127 31010000 		.4byte	0x131
 1776 012b 05       		.uleb128 0x5
 1777 012c 03       		.byte	0x3
 1778 012d 00000000 		.4byte	cy_metadata
 1779 0131 07       		.uleb128 0x7
 1780 0132 0F010000 		.4byte	0x10f
 1781 0136 00       		.byte	0
 1782              		.section	.debug_abbrev,"",%progbits
 1783              	.Ldebug_abbrev0:
 1784 0000 01       		.uleb128 0x1
 1785 0001 11       		.uleb128 0x11
 1786 0002 01       		.byte	0x1
 1787 0003 25       		.uleb128 0x25
 1788 0004 0E       		.uleb128 0xe
 1789 0005 13       		.uleb128 0x13
 1790 0006 0B       		.uleb128 0xb
 1791 0007 03       		.uleb128 0x3
 1792 0008 0E       		.uleb128 0xe
 1793 0009 1B       		.uleb128 0x1b
 1794 000a 0E       		.uleb128 0xe
 1795 000b 10       		.uleb128 0x10
 1796 000c 17       		.uleb128 0x17
 1797 000d 00       		.byte	0
 1798 000e 00       		.byte	0
 1799 000f 02       		.uleb128 0x2
 1800 0010 24       		.uleb128 0x24
 1801 0011 00       		.byte	0
 1802 0012 0B       		.uleb128 0xb
 1803 0013 0B       		.uleb128 0xb
 1804 0014 3E       		.uleb128 0x3e
 1805 0015 0B       		.uleb128 0xb
 1806 0016 03       		.uleb128 0x3
 1807 0017 0E       		.uleb128 0xe
 1808 0018 00       		.byte	0
 1809 0019 00       		.byte	0
 1810 001a 03       		.uleb128 0x3
 1811 001b 16       		.uleb128 0x16
 1812 001c 00       		.byte	0
 1813 001d 03       		.uleb128 0x3
 1814 001e 0E       		.uleb128 0xe
 1815 001f 3A       		.uleb128 0x3a
 1816 0020 0B       		.uleb128 0xb
 1817 0021 3B       		.uleb128 0x3b
 1818 0022 0B       		.uleb128 0xb
 1819 0023 49       		.uleb128 0x49
 1820 0024 13       		.uleb128 0x13
ARM GAS  C:\Users\ALEXAN~1\AppData\Local\Temp\cc8JMKVH.s 			page 33


 1821 0025 00       		.byte	0
 1822 0026 00       		.byte	0
 1823 0027 04       		.uleb128 0x4
 1824 0028 24       		.uleb128 0x24
 1825 0029 00       		.byte	0
 1826 002a 0B       		.uleb128 0xb
 1827 002b 0B       		.uleb128 0xb
 1828 002c 3E       		.uleb128 0x3e
 1829 002d 0B       		.uleb128 0xb
 1830 002e 03       		.uleb128 0x3
 1831 002f 08       		.uleb128 0x8
 1832 0030 00       		.byte	0
 1833 0031 00       		.byte	0
 1834 0032 05       		.uleb128 0x5
 1835 0033 01       		.uleb128 0x1
 1836 0034 01       		.byte	0x1
 1837 0035 49       		.uleb128 0x49
 1838 0036 13       		.uleb128 0x13
 1839 0037 01       		.uleb128 0x1
 1840 0038 13       		.uleb128 0x13
 1841 0039 00       		.byte	0
 1842 003a 00       		.byte	0
 1843 003b 06       		.uleb128 0x6
 1844 003c 21       		.uleb128 0x21
 1845 003d 00       		.byte	0
 1846 003e 49       		.uleb128 0x49
 1847 003f 13       		.uleb128 0x13
 1848 0040 2F       		.uleb128 0x2f
 1849 0041 05       		.uleb128 0x5
 1850 0042 00       		.byte	0
 1851 0043 00       		.byte	0
 1852 0044 07       		.uleb128 0x7
 1853 0045 26       		.uleb128 0x26
 1854 0046 00       		.byte	0
 1855 0047 49       		.uleb128 0x49
 1856 0048 13       		.uleb128 0x13
 1857 0049 00       		.byte	0
 1858 004a 00       		.byte	0
 1859 004b 08       		.uleb128 0x8
 1860 004c 34       		.uleb128 0x34
 1861 004d 00       		.byte	0
 1862 004e 03       		.uleb128 0x3
 1863 004f 0E       		.uleb128 0xe
 1864 0050 3A       		.uleb128 0x3a
 1865 0051 0B       		.uleb128 0xb
 1866 0052 3B       		.uleb128 0x3b
 1867 0053 0B       		.uleb128 0xb
 1868 0054 49       		.uleb128 0x49
 1869 0055 13       		.uleb128 0x13
 1870 0056 3F       		.uleb128 0x3f
 1871 0057 19       		.uleb128 0x19
 1872 0058 02       		.uleb128 0x2
 1873 0059 18       		.uleb128 0x18
 1874 005a 00       		.byte	0
 1875 005b 00       		.byte	0
 1876 005c 09       		.uleb128 0x9
 1877 005d 21       		.uleb128 0x21
ARM GAS  C:\Users\ALEXAN~1\AppData\Local\Temp\cc8JMKVH.s 			page 34


 1878 005e 00       		.byte	0
 1879 005f 49       		.uleb128 0x49
 1880 0060 13       		.uleb128 0x13
 1881 0061 2F       		.uleb128 0x2f
 1882 0062 0B       		.uleb128 0xb
 1883 0063 00       		.byte	0
 1884 0064 00       		.byte	0
 1885 0065 0A       		.uleb128 0xa
 1886 0066 34       		.uleb128 0x34
 1887 0067 00       		.byte	0
 1888 0068 03       		.uleb128 0x3
 1889 0069 0E       		.uleb128 0xe
 1890 006a 3A       		.uleb128 0x3a
 1891 006b 0B       		.uleb128 0xb
 1892 006c 3B       		.uleb128 0x3b
 1893 006d 05       		.uleb128 0x5
 1894 006e 49       		.uleb128 0x49
 1895 006f 13       		.uleb128 0x13
 1896 0070 3F       		.uleb128 0x3f
 1897 0071 19       		.uleb128 0x19
 1898 0072 02       		.uleb128 0x2
 1899 0073 18       		.uleb128 0x18
 1900 0074 00       		.byte	0
 1901 0075 00       		.byte	0
 1902 0076 00       		.byte	0
 1903              		.section	.debug_aranges,"",%progbits
 1904 0000 14000000 		.4byte	0x14
 1905 0004 0200     		.2byte	0x2
 1906 0006 00000000 		.4byte	.Ldebug_info0
 1907 000a 04       		.byte	0x4
 1908 000b 00       		.byte	0
 1909 000c 0000     		.2byte	0
 1910 000e 0000     		.2byte	0
 1911 0010 00000000 		.4byte	0
 1912 0014 00000000 		.4byte	0
 1913              		.section	.debug_line,"",%progbits
 1914              	.Ldebug_line0:
 1915 0000 3D010000 		.section	.debug_str,"MS",%progbits,1
 1915      02003701 
 1915      00000201 
 1915      FB0E0D00 
 1915      01010101 
 1916              	.LASF9:
 1917 0000 5F5F7569 		.ascii	"__uint8_t\000"
 1917      6E74385F 
 1917      7400
 1918              	.LASF19:
 1919 000a 433A5C55 		.ascii	"C:\\Users\\Alexander Calderon\\OneDrive - Universid"
 1919      73657273 
 1919      5C416C65 
 1919      78616E64 
 1919      65722043 
 1920 003a 61642064 		.ascii	"ad de Pamplona\\Documentos\\UNIPAMPLONA\\2024 - 1\\"
 1920      65205061 
 1920      6D706C6F 
 1920      6E615C44 
 1920      6F63756D 
ARM GAS  C:\Users\ALEXAN~1\AppData\Local\Temp\cc8JMKVH.s 			page 35


 1921 0069 50726F79 		.ascii	"Proyectos de Robotica\\II Corte\\Psoc5\\Serial_PWM\\"
 1921      6563746F 
 1921      73206465 
 1921      20526F62 
 1921      6F746963 
 1922 0099 53657269 		.ascii	"Serial_PWM.cydsn\000"
 1922      616C5F50 
 1922      574D2E63 
 1922      7964736E 
 1922      00
 1923              	.LASF16:
 1924 00aa 63795F6D 		.ascii	"cy_metadata\000"
 1924      65746164 
 1924      61746100 
 1925              	.LASF1:
 1926 00b6 756E7369 		.ascii	"unsigned char\000"
 1926      676E6564 
 1926      20636861 
 1926      7200
 1927              	.LASF17:
 1928 00c4 474E5520 		.ascii	"GNU C11 5.4.1 20160609 (release) [ARM/embedded-5-br"
 1928      43313120 
 1928      352E342E 
 1928      31203230 
 1928      31363036 
 1929 00f7 616E6368 		.ascii	"anch revision 237715] -mcpu=cortex-m3 -mthumb -g -O"
 1929      20726576 
 1929      6973696F 
 1929      6E203233 
 1929      37373135 
 1930 012a 67202D66 		.ascii	"g -ffunction-sections -ffat-lto-objects\000"
 1930      66756E63 
 1930      74696F6E 
 1930      2D736563 
 1930      74696F6E 
 1931              	.LASF5:
 1932 0152 6C6F6E67 		.ascii	"long unsigned int\000"
 1932      20756E73 
 1932      69676E65 
 1932      6420696E 
 1932      7400
 1933              	.LASF3:
 1934 0164 73686F72 		.ascii	"short unsigned int\000"
 1934      7420756E 
 1934      7369676E 
 1934      65642069 
 1934      6E7400
 1935              	.LASF13:
 1936 0177 63795F6D 		.ascii	"cy_meta_custnvl\000"
 1936      6574615F 
 1936      63757374 
 1936      6E766C00 
 1937              	.LASF12:
 1938 0187 63795F6D 		.ascii	"cy_meta_configecc\000"
 1938      6574615F 
 1938      636F6E66 
 1938      69676563 
ARM GAS  C:\Users\ALEXAN~1\AppData\Local\Temp\cc8JMKVH.s 			page 36


 1938      6300
 1939              	.LASF8:
 1940 0199 756E7369 		.ascii	"unsigned int\000"
 1940      676E6564 
 1940      20696E74 
 1940      00
 1941              	.LASF7:
 1942 01a6 6C6F6E67 		.ascii	"long long unsigned int\000"
 1942      206C6F6E 
 1942      6720756E 
 1942      7369676E 
 1942      65642069 
 1943              	.LASF10:
 1944 01bd 75696E74 		.ascii	"uint8_t\000"
 1944      385F7400 
 1945              	.LASF15:
 1946 01c5 63795F6D 		.ascii	"cy_meta_flashprotect\000"
 1946      6574615F 
 1946      666C6173 
 1946      6870726F 
 1946      74656374 
 1947              	.LASF14:
 1948 01da 63795F6D 		.ascii	"cy_meta_wonvl\000"
 1948      6574615F 
 1948      776F6E76 
 1948      6C00
 1949              	.LASF11:
 1950 01e8 73697A65 		.ascii	"sizetype\000"
 1950      74797065 
 1950      00
 1951              	.LASF6:
 1952 01f1 6C6F6E67 		.ascii	"long long int\000"
 1952      206C6F6E 
 1952      6720696E 
 1952      7400
 1953              	.LASF2:
 1954 01ff 73686F72 		.ascii	"short int\000"
 1954      7420696E 
 1954      7400
 1955              	.LASF4:
 1956 0209 6C6F6E67 		.ascii	"long int\000"
 1956      20696E74 
 1956      00
 1957              	.LASF0:
 1958 0212 7369676E 		.ascii	"signed char\000"
 1958      65642063 
 1958      68617200 
 1959              	.LASF18:
 1960 021e 47656E65 		.ascii	"Generated_Source\\PSoC5\\cymetadata.c\000"
 1960      72617465 
 1960      645F536F 
 1960      75726365 
 1960      5C50536F 
 1961              		.ident	"GCC: (GNU Tools for ARM Embedded Processors) 5.4.1 20160609 (release) [ARM/embedded-5-bran
