ARM GAS  C:\Users\ALEXAN~1\AppData\Local\Temp\ccfluIWb.s 			page 1


   1              		.syntax unified
   2              		.cpu cortex-m3
   3              		.fpu softvfp
   4              		.eabi_attribute 20, 1
   5              		.eabi_attribute 21, 1
   6              		.eabi_attribute 23, 3
   7              		.eabi_attribute 24, 1
   8              		.eabi_attribute 25, 1
   9              		.eabi_attribute 26, 1
  10              		.eabi_attribute 30, 1
  11              		.eabi_attribute 34, 1
  12              		.eabi_attribute 18, 4
  13              		.thumb
  14              		.syntax unified
  15              		.file	"cymetadata.c"
  16              		.text
  17              	.Ltext0:
  18              		.cfi_sections	.debug_frame
  19              		.global	cy_metadata
  20              		.global	cy_meta_flashprotect
  21              		.global	cy_meta_wonvl
  22              		.global	cy_meta_custnvl
  23              		.global	cy_meta_configecc
  24              		.section	.cyconfigecc,"a",%progbits
  25              		.align	2
  26              		.type	cy_meta_configecc, %object
  27              		.size	cy_meta_configecc, 916
  28              	cy_meta_configecc:
  29 0000 01       		.byte	1
  30 0001 64       		.byte	100
  31 0002 00       		.byte	0
  32 0003 40       		.byte	64
  33 0004 02       		.byte	2
  34 0005 65       		.byte	101
  35 0006 00       		.byte	0
  36 0007 40       		.byte	64
  37 0008 60       		.byte	96
  38 0009 08       		.byte	8
  39 000a 01       		.byte	1
  40 000b 40       		.byte	64
  41 000c 33       		.byte	51
  42 000d 09       		.byte	9
  43 000e 01       		.byte	1
  44 000f 40       		.byte	64
  45 0010 3E       		.byte	62
  46 0011 18       		.byte	24
  47 0012 01       		.byte	1
  48 0013 40       		.byte	64
  49 0014 36       		.byte	54
  50 0015 19       		.byte	25
  51 0016 01       		.byte	1
  52 0017 40       		.byte	64
  53 0018 52       		.byte	82
  54 0019 1A       		.byte	26
  55 001a 01       		.byte	1
  56 001b 40       		.byte	64
  57 001c 3F       		.byte	63
ARM GAS  C:\Users\ALEXAN~1\AppData\Local\Temp\ccfluIWb.s 			page 2


  58 001d 1B       		.byte	27
  59 001e 01       		.byte	1
  60 001f 40       		.byte	64
  61 0020 09       		.byte	9
  62 0021 4D       		.byte	77
  63 0022 01       		.byte	1
  64 0023 40       		.byte	64
  65 0024 04       		.byte	4
  66 0025 50       		.byte	80
  67 0026 01       		.byte	1
  68 0027 40       		.byte	64
  69 0028 89       		.byte	-119
  70 0029 0F       		.byte	15
  71 002a 89       		.byte	-119
  72 002b 72       		.byte	114
  73 002c 8B       		.byte	-117
  74 002d 38       		.byte	56
  75 002e 03       		.byte	3
  76 002f 08       		.byte	8
  77 0030 04       		.byte	4
  78 0031 30       		.byte	48
  79 0032 06       		.byte	6
  80 0033 0D       		.byte	13
  81 0034 0A       		.byte	10
  82 0035 30       		.byte	48
  83 0036 0B       		.byte	11
  84 0037 05       		.byte	5
  85 0038 11       		.byte	17
  86 0039 03       		.byte	3
  87 003a 13       		.byte	19
  88 003b 14       		.byte	20
  89 003c 14       		.byte	20
  90 003d 02       		.byte	2
  91 003e 15       		.byte	21
  92 003f 03       		.byte	3
  93 0040 16       		.byte	22
  94 0041 0C       		.byte	12
  95 0042 17       		.byte	23
  96 0043 0C       		.byte	12
  97 0044 1E       		.byte	30
  98 0045 20       		.byte	32
  99 0046 20       		.byte	32
 100 0047 05       		.byte	5
 101 0048 22       		.byte	34
 102 0049 18       		.byte	24
 103 004a 24       		.byte	36
 104 004b 05       		.byte	5
 105 004c 25       		.byte	37
 106 004d 1A       		.byte	26
 107 004e 26       		.byte	38
 108 004f 38       		.byte	56
 109 0050 27       		.byte	39
 110 0051 04       		.byte	4
 111 0052 2B       		.byte	43
 112 0053 18       		.byte	24
 113 0054 32       		.byte	50
 114 0055 03       		.byte	3
ARM GAS  C:\Users\ALEXAN~1\AppData\Local\Temp\ccfluIWb.s 			page 3


 115 0056 33       		.byte	51
 116 0057 03       		.byte	3
 117 0058 34       		.byte	52
 118 0059 3C       		.byte	60
 119 005a 35       		.byte	53
 120 005b 1C       		.byte	28
 121 005c 38       		.byte	56
 122 005d 08       		.byte	8
 123 005e 39       		.byte	57
 124 005f 08       		.byte	8
 125 0060 3A       		.byte	58
 126 0061 20       		.byte	32
 127 0062 3B       		.byte	59
 128 0063 20       		.byte	32
 129 0064 3F       		.byte	63
 130 0065 04       		.byte	4
 131 0066 40       		.byte	64
 132 0067 02       		.byte	2
 133 0068 47       		.byte	71
 134 0069 40       		.byte	64
 135 006a 49       		.byte	73
 136 006b FF       		.byte	-1
 137 006c 4A       		.byte	74
 138 006d 07       		.byte	7
 139 006e 4B       		.byte	75
 140 006f FF       		.byte	-1
 141 0070 4C       		.byte	76
 142 0071 40       		.byte	64
 143 0072 4D       		.byte	77
 144 0073 20       		.byte	32
 145 0074 4E       		.byte	78
 146 0075 F0       		.byte	-16
 147 0076 4F       		.byte	79
 148 0077 05       		.byte	5
 149 0078 50       		.byte	80
 150 0079 08       		.byte	8
 151 007a 58       		.byte	88
 152 007b 04       		.byte	4
 153 007c 59       		.byte	89
 154 007d 04       		.byte	4
 155 007e 5A       		.byte	90
 156 007f 04       		.byte	4
 157 0080 5F       		.byte	95
 158 0081 01       		.byte	1
 159 0082 60       		.byte	96
 160 0083 40       		.byte	64
 161 0084 61       		.byte	97
 162 0085 A8       		.byte	-88
 163 0086 62       		.byte	98
 164 0087 40       		.byte	64
 165 0088 63       		.byte	99
 166 0089 20       		.byte	32
 167 008a 82       		.byte	-126
 168 008b 03       		.byte	3
 169 008c 85       		.byte	-123
 170 008d 0A       		.byte	10
 171 008e 86       		.byte	-122
ARM GAS  C:\Users\ALEXAN~1\AppData\Local\Temp\ccfluIWb.s 			page 4


 172 008f 20       		.byte	32
 173 0090 87       		.byte	-121
 174 0091 04       		.byte	4
 175 0092 88       		.byte	-120
 176 0093 09       		.byte	9
 177 0094 8A       		.byte	-118
 178 0095 10       		.byte	16
 179 0096 8C       		.byte	-116
 180 0097 30       		.byte	48
 181 0098 8E       		.byte	-114
 182 0099 0C       		.byte	12
 183 009a 90       		.byte	-112
 184 009b 10       		.byte	16
 185 009c 91       		.byte	-111
 186 009d 03       		.byte	3
 187 009e 93       		.byte	-109
 188 009f 0C       		.byte	12
 189 00a0 94       		.byte	-108
 190 00a1 1C       		.byte	28
 191 00a2 95       		.byte	-107
 192 00a3 03       		.byte	3
 193 00a4 96       		.byte	-106
 194 00a5 22       		.byte	34
 195 00a6 97       		.byte	-105
 196 00a7 04       		.byte	4
 197 00a8 98       		.byte	-104
 198 00a9 14       		.byte	20
 199 00aa 9B       		.byte	-101
 200 00ab 05       		.byte	5
 201 00ac A0       		.byte	-96
 202 00ad 40       		.byte	64
 203 00ae A4       		.byte	-92
 204 00af 2C       		.byte	44
 205 00b0 A5       		.byte	-91
 206 00b1 03       		.byte	3
 207 00b2 A6       		.byte	-90
 208 00b3 11       		.byte	17
 209 00b4 A7       		.byte	-89
 210 00b5 04       		.byte	4
 211 00b6 AA       		.byte	-86
 212 00b7 20       		.byte	32
 213 00b8 AB       		.byte	-85
 214 00b9 08       		.byte	8
 215 00ba B0       		.byte	-80
 216 00bb 1F       		.byte	31
 217 00bc B1       		.byte	-79
 218 00bd 0F       		.byte	15
 219 00be B4       		.byte	-76
 220 00bf 40       		.byte	64
 221 00c0 B6       		.byte	-74
 222 00c1 20       		.byte	32
 223 00c2 BB       		.byte	-69
 224 00c3 02       		.byte	2
 225 00c4 BE       		.byte	-66
 226 00c5 50       		.byte	80
 227 00c6 C0       		.byte	-64
 228 00c7 52       		.byte	82
ARM GAS  C:\Users\ALEXAN~1\AppData\Local\Temp\ccfluIWb.s 			page 5


 229 00c8 C1       		.byte	-63
 230 00c9 03       		.byte	3
 231 00ca C5       		.byte	-59
 232 00cb EB       		.byte	-21
 233 00cc C7       		.byte	-57
 234 00cd 0C       		.byte	12
 235 00ce C8       		.byte	-56
 236 00cf 13       		.byte	19
 237 00d0 C9       		.byte	-55
 238 00d1 FF       		.byte	-1
 239 00d2 CA       		.byte	-54
 240 00d3 FF       		.byte	-1
 241 00d4 CB       		.byte	-53
 242 00d5 FF       		.byte	-1
 243 00d6 CE       		.byte	-50
 244 00d7 F0       		.byte	-16
 245 00d8 CF       		.byte	-49
 246 00d9 44       		.byte	68
 247 00da D0       		.byte	-48
 248 00db 0C       		.byte	12
 249 00dc D4       		.byte	-44
 250 00dd 01       		.byte	1
 251 00de D8       		.byte	-40
 252 00df 04       		.byte	4
 253 00e0 D9       		.byte	-39
 254 00e1 04       		.byte	4
 255 00e2 DA       		.byte	-38
 256 00e3 04       		.byte	4
 257 00e4 DB       		.byte	-37
 258 00e5 04       		.byte	4
 259 00e6 DF       		.byte	-33
 260 00e7 01       		.byte	1
 261 00e8 E6       		.byte	-26
 262 00e9 C0       		.byte	-64
 263 00ea EA       		.byte	-22
 264 00eb 40       		.byte	64
 265 00ec EB       		.byte	-21
 266 00ed 02       		.byte	2
 267 00ee 01       		.byte	1
 268 00ef 22       		.byte	34
 269 00f0 02       		.byte	2
 270 00f1 02       		.byte	2
 271 00f2 03       		.byte	3
 272 00f3 28       		.byte	40
 273 00f4 04       		.byte	4
 274 00f5 04       		.byte	4
 275 00f6 05       		.byte	5
 276 00f7 20       		.byte	32
 277 00f8 09       		.byte	9
 278 00f9 01       		.byte	1
 279 00fa 0B       		.byte	11
 280 00fb 24       		.byte	36
 281 00fc 0F       		.byte	15
 282 00fd 22       		.byte	34
 283 00fe 10       		.byte	16
 284 00ff 08       		.byte	8
 285 0100 12       		.byte	18
ARM GAS  C:\Users\ALEXAN~1\AppData\Local\Temp\ccfluIWb.s 			page 6


 286 0101 80       		.byte	-128
 287 0102 13       		.byte	19
 288 0103 08       		.byte	8
 289 0104 15       		.byte	21
 290 0105 02       		.byte	2
 291 0106 17       		.byte	23
 292 0107 04       		.byte	4
 293 0108 19       		.byte	25
 294 0109 82       		.byte	-126
 295 010a 1A       		.byte	26
 296 010b 04       		.byte	4
 297 010c 1C       		.byte	28
 298 010d 04       		.byte	4
 299 010e 1F       		.byte	31
 300 010f 18       		.byte	24
 301 0110 21       		.byte	33
 302 0111 01       		.byte	1
 303 0112 22       		.byte	34
 304 0113 02       		.byte	2
 305 0114 27       		.byte	39
 306 0115 2C       		.byte	44
 307 0116 28       		.byte	40
 308 0117 10       		.byte	16
 309 0118 2A       		.byte	42
 310 0119 04       		.byte	4
 311 011a 2B       		.byte	43
 312 011b 08       		.byte	8
 313 011c 2F       		.byte	47
 314 011d 18       		.byte	24
 315 011e 32       		.byte	50
 316 011f 02       		.byte	2
 317 0120 33       		.byte	51
 318 0121 24       		.byte	36
 319 0122 36       		.byte	54
 320 0123 02       		.byte	2
 321 0124 37       		.byte	55
 322 0125 08       		.byte	8
 323 0126 38       		.byte	56
 324 0127 04       		.byte	4
 325 0128 3F       		.byte	63
 326 0129 22       		.byte	34
 327 012a 43       		.byte	67
 328 012b 24       		.byte	36
 329 012c 47       		.byte	71
 330 012d 20       		.byte	32
 331 012e 49       		.byte	73
 332 012f 01       		.byte	1
 333 0130 4A       		.byte	74
 334 0131 82       		.byte	-126
 335 0132 4B       		.byte	75
 336 0133 04       		.byte	4
 337 0134 50       		.byte	80
 338 0135 08       		.byte	8
 339 0136 52       		.byte	82
 340 0137 04       		.byte	4
 341 0138 55       		.byte	85
 342 0139 01       		.byte	1
ARM GAS  C:\Users\ALEXAN~1\AppData\Local\Temp\ccfluIWb.s 			page 7


 343 013a 57       		.byte	87
 344 013b 31       		.byte	49
 345 013c 58       		.byte	88
 346 013d 10       		.byte	16
 347 013e 59       		.byte	89
 348 013f 81       		.byte	-127
 349 0140 5A       		.byte	90
 350 0141 04       		.byte	4
 351 0142 C0       		.byte	-64
 352 0143 6F       		.byte	111
 353 0144 C2       		.byte	-62
 354 0145 AE       		.byte	-82
 355 0146 C4       		.byte	-60
 356 0147 3E       		.byte	62
 357 0148 CA       		.byte	-54
 358 0149 66       		.byte	102
 359 014a CC       		.byte	-52
 360 014b C7       		.byte	-57
 361 014c CE       		.byte	-50
 362 014d A2       		.byte	-94
 363 014e D0       		.byte	-48
 364 014f 26       		.byte	38
 365 0150 D2       		.byte	-46
 366 0151 08       		.byte	8
 367 0152 D6       		.byte	-42
 368 0153 0F       		.byte	15
 369 0154 01       		.byte	1
 370 0155 10       		.byte	16
 371 0156 04       		.byte	4
 372 0157 06       		.byte	6
 373 0158 05       		.byte	5
 374 0159 08       		.byte	8
 375 015a 09       		.byte	9
 376 015b 18       		.byte	24
 377 015c 0C       		.byte	12
 378 015d 04       		.byte	4
 379 015e 0D       		.byte	13
 380 015f 07       		.byte	7
 381 0160 0F       		.byte	15
 382 0161 18       		.byte	24
 383 0162 10       		.byte	16
 384 0163 01       		.byte	1
 385 0164 12       		.byte	18
 386 0165 06       		.byte	6
 387 0166 14       		.byte	20
 388 0167 07       		.byte	7
 389 0168 15       		.byte	21
 390 0169 19       		.byte	25
 391 016a 17       		.byte	23
 392 016b 04       		.byte	4
 393 016c 18       		.byte	24
 394 016d 06       		.byte	6
 395 016e 19       		.byte	25
 396 016f 1F       		.byte	31
 397 0170 1A       		.byte	26
 398 0171 01       		.byte	1
 399 0172 1E       		.byte	30
ARM GAS  C:\Users\ALEXAN~1\AppData\Local\Temp\ccfluIWb.s 			page 8


 400 0173 01       		.byte	1
 401 0174 1F       		.byte	31
 402 0175 01       		.byte	1
 403 0176 23       		.byte	35
 404 0177 06       		.byte	6
 405 0178 24       		.byte	36
 406 0179 02       		.byte	2
 407 017a 28       		.byte	40
 408 017b 07       		.byte	7
 409 017c 29       		.byte	41
 410 017d 19       		.byte	25
 411 017e 2B       		.byte	43
 412 017f 02       		.byte	2
 413 0180 2D       		.byte	45
 414 0181 01       		.byte	1
 415 0182 2F       		.byte	47
 416 0183 20       		.byte	32
 417 0184 33       		.byte	51
 418 0185 1F       		.byte	31
 419 0186 34       		.byte	52
 420 0187 07       		.byte	7
 421 0188 37       		.byte	55
 422 0189 20       		.byte	32
 423 018a 3B       		.byte	59
 424 018b 08       		.byte	8
 425 018c 58       		.byte	88
 426 018d 04       		.byte	4
 427 018e 59       		.byte	89
 428 018f 04       		.byte	4
 429 0190 5F       		.byte	95
 430 0191 01       		.byte	1
 431 0192 80       		.byte	-128
 432 0193 01       		.byte	1
 433 0194 81       		.byte	-127
 434 0195 04       		.byte	4
 435 0196 84       		.byte	-124
 436 0197 02       		.byte	2
 437 0198 85       		.byte	-123
 438 0199 08       		.byte	8
 439 019a 89       		.byte	-119
 440 019b 08       		.byte	8
 441 019c 8C       		.byte	-116
 442 019d 02       		.byte	2
 443 019e 8D       		.byte	-115
 444 019f 01       		.byte	1
 445 01a0 8F       		.byte	-113
 446 01a1 06       		.byte	6
 447 01a2 95       		.byte	-107
 448 01a3 06       		.byte	6
 449 01a4 97       		.byte	-105
 450 01a5 01       		.byte	1
 451 01a6 98       		.byte	-104
 452 01a7 02       		.byte	2
 453 01a8 99       		.byte	-103
 454 01a9 07       		.byte	7
 455 01aa 9D       		.byte	-99
 456 01ab 08       		.byte	8
ARM GAS  C:\Users\ALEXAN~1\AppData\Local\Temp\ccfluIWb.s 			page 9


 457 01ac A3       		.byte	-93
 458 01ad 01       		.byte	1
 459 01ae A5       		.byte	-91
 460 01af 06       		.byte	6
 461 01b0 A7       		.byte	-89
 462 01b1 01       		.byte	1
 463 01b2 A8       		.byte	-88
 464 01b3 02       		.byte	2
 465 01b4 A9       		.byte	-87
 466 01b5 02       		.byte	2
 467 01b6 AD       		.byte	-83
 468 01b7 06       		.byte	6
 469 01b8 B0       		.byte	-80
 470 01b9 02       		.byte	2
 471 01ba B1       		.byte	-79
 472 01bb 08       		.byte	8
 473 01bc B3       		.byte	-77
 474 01bd 07       		.byte	7
 475 01be B6       		.byte	-74
 476 01bf 01       		.byte	1
 477 01c0 BB       		.byte	-69
 478 01c1 08       		.byte	8
 479 01c2 BE       		.byte	-66
 480 01c3 41       		.byte	65
 481 01c4 D6       		.byte	-42
 482 01c5 02       		.byte	2
 483 01c6 D7       		.byte	-41
 484 01c7 13       		.byte	19
 485 01c8 D8       		.byte	-40
 486 01c9 04       		.byte	4
 487 01ca D9       		.byte	-39
 488 01cb 04       		.byte	4
 489 01cc DB       		.byte	-37
 490 01cd 04       		.byte	4
 491 01ce DF       		.byte	-33
 492 01cf 01       		.byte	1
 493 01d0 00       		.byte	0
 494 01d1 80       		.byte	-128
 495 01d2 01       		.byte	1
 496 01d3 02       		.byte	2
 497 01d4 03       		.byte	3
 498 01d5 10       		.byte	16
 499 01d6 04       		.byte	4
 500 01d7 88       		.byte	-120
 501 01d8 08       		.byte	8
 502 01d9 10       		.byte	16
 503 01da 0A       		.byte	10
 504 01db 0C       		.byte	12
 505 01dc 0B       		.byte	11
 506 01dd 08       		.byte	8
 507 01de 0C       		.byte	12
 508 01df 40       		.byte	64
 509 01e0 0D       		.byte	13
 510 01e1 08       		.byte	8
 511 01e2 0E       		.byte	14
 512 01e3 04       		.byte	4
 513 01e4 0F       		.byte	15
ARM GAS  C:\Users\ALEXAN~1\AppData\Local\Temp\ccfluIWb.s 			page 10


 514 01e5 40       		.byte	64
 515 01e6 12       		.byte	18
 516 01e7 08       		.byte	8
 517 01e8 17       		.byte	23
 518 01e9 18       		.byte	24
 519 01ea 18       		.byte	24
 520 01eb 02       		.byte	2
 521 01ec 19       		.byte	25
 522 01ed 01       		.byte	1
 523 01ee 1D       		.byte	29
 524 01ef 10       		.byte	16
 525 01f0 21       		.byte	33
 526 01f1 06       		.byte	6
 527 01f2 22       		.byte	34
 528 01f3 04       		.byte	4
 529 01f4 25       		.byte	37
 530 01f5 08       		.byte	8
 531 01f6 26       		.byte	38
 532 01f7 48       		.byte	72
 533 01f8 28       		.byte	40
 534 01f9 50       		.byte	80
 535 01fa 2A       		.byte	42
 536 01fb 40       		.byte	64
 537 01fc 2B       		.byte	43
 538 01fd 04       		.byte	4
 539 01fe 2C       		.byte	44
 540 01ff 40       		.byte	64
 541 0200 2D       		.byte	45
 542 0201 40       		.byte	64
 543 0202 2F       		.byte	47
 544 0203 04       		.byte	4
 545 0204 31       		.byte	49
 546 0205 08       		.byte	8
 547 0206 32       		.byte	50
 548 0207 40       		.byte	64
 549 0208 33       		.byte	51
 550 0209 10       		.byte	16
 551 020a 36       		.byte	54
 552 020b 48       		.byte	72
 553 020c 37       		.byte	55
 554 020d 10       		.byte	16
 555 020e 39       		.byte	57
 556 020f 14       		.byte	20
 557 0210 3A       		.byte	58
 558 0211 02       		.byte	2
 559 0212 3B       		.byte	59
 560 0213 40       		.byte	64
 561 0214 3C       		.byte	60
 562 0215 80       		.byte	-128
 563 0216 3E       		.byte	62
 564 0217 02       		.byte	2
 565 0218 3F       		.byte	63
 566 0219 1C       		.byte	28
 567 021a 59       		.byte	89
 568 021b 01       		.byte	1
 569 021c 68       		.byte	104
 570 021d 28       		.byte	40
ARM GAS  C:\Users\ALEXAN~1\AppData\Local\Temp\ccfluIWb.s 			page 11


 571 021e 69       		.byte	105
 572 021f 14       		.byte	20
 573 0220 6A       		.byte	106
 574 0221 80       		.byte	-128
 575 0222 70       		.byte	112
 576 0223 54       		.byte	84
 577 0224 72       		.byte	114
 578 0225 02       		.byte	2
 579 0226 73       		.byte	115
 580 0227 1C       		.byte	28
 581 0228 8A       		.byte	-118
 582 0229 40       		.byte	64
 583 022a 8B       		.byte	-117
 584 022b 10       		.byte	16
 585 022c 99       		.byte	-103
 586 022d 02       		.byte	2
 587 022e C0       		.byte	-64
 588 022f AD       		.byte	-83
 589 0230 C2       		.byte	-62
 590 0231 F2       		.byte	-14
 591 0232 C4       		.byte	-60
 592 0233 62       		.byte	98
 593 0234 CA       		.byte	-54
 594 0235 BF       		.byte	-65
 595 0236 CC       		.byte	-52
 596 0237 7E       		.byte	126
 597 0238 CE       		.byte	-50
 598 0239 FF       		.byte	-1
 599 023a D6       		.byte	-42
 600 023b 01       		.byte	1
 601 023c 00       		.byte	0
 602 023d 54       		.byte	84
 603 023e 01       		.byte	1
 604 023f 04       		.byte	4
 605 0240 02       		.byte	2
 606 0241 22       		.byte	34
 607 0242 03       		.byte	3
 608 0243 01       		.byte	1
 609 0244 04       		.byte	4
 610 0245 18       		.byte	24
 611 0246 05       		.byte	5
 612 0247 30       		.byte	48
 613 0248 08       		.byte	8
 614 0249 1A       		.byte	26
 615 024a 09       		.byte	9
 616 024b 10       		.byte	16
 617 024c 0A       		.byte	10
 618 024d 05       		.byte	5
 619 024e 0C       		.byte	12
 620 024f 29       		.byte	41
 621 0250 0D       		.byte	13
 622 0251 20       		.byte	32
 623 0252 0E       		.byte	14
 624 0253 42       		.byte	66
 625 0254 10       		.byte	16
 626 0255 18       		.byte	24
 627 0256 13       		.byte	19
ARM GAS  C:\Users\ALEXAN~1\AppData\Local\Temp\ccfluIWb.s 			page 12


 628 0257 0C       		.byte	12
 629 0258 15       		.byte	21
 630 0259 30       		.byte	48
 631 025a 16       		.byte	22
 632 025b 18       		.byte	24
 633 025c 17       		.byte	23
 634 025d 0C       		.byte	12
 635 025e 19       		.byte	25
 636 025f 3C       		.byte	60
 637 0260 1E       		.byte	30
 638 0261 18       		.byte	24
 639 0262 21       		.byte	33
 640 0263 08       		.byte	8
 641 0264 22       		.byte	34
 642 0265 18       		.byte	24
 643 0266 23       		.byte	35
 644 0267 01       		.byte	1
 645 0268 24       		.byte	36
 646 0269 67       		.byte	103
 647 026a 25       		.byte	37
 648 026b 0C       		.byte	12
 649 026c 27       		.byte	39
 650 026d 02       		.byte	2
 651 026e 28       		.byte	40
 652 026f 67       		.byte	103
 653 0270 29       		.byte	41
 654 0271 3C       		.byte	60
 655 0272 2D       		.byte	45
 656 0273 0C       		.byte	12
 657 0274 2F       		.byte	47
 658 0275 30       		.byte	48
 659 0276 30       		.byte	48
 660 0277 18       		.byte	24
 661 0278 31       		.byte	49
 662 0279 3C       		.byte	60
 663 027a 34       		.byte	52
 664 027b 07       		.byte	7
 665 027c 36       		.byte	54
 666 027d 60       		.byte	96
 667 027e 37       		.byte	55
 668 027f 03       		.byte	3
 669 0280 3B       		.byte	59
 670 0281 02       		.byte	2
 671 0282 3F       		.byte	63
 672 0283 40       		.byte	64
 673 0284 58       		.byte	88
 674 0285 04       		.byte	4
 675 0286 59       		.byte	89
 676 0287 04       		.byte	4
 677 0288 5F       		.byte	95
 678 0289 01       		.byte	1
 679 028a 82       		.byte	-126
 680 028b 02       		.byte	2
 681 028c 84       		.byte	-124
 682 028d 01       		.byte	1
 683 028e 8A       		.byte	-118
 684 028f 04       		.byte	4
ARM GAS  C:\Users\ALEXAN~1\AppData\Local\Temp\ccfluIWb.s 			page 13


 685 0290 8C       		.byte	-116
 686 0291 01       		.byte	1
 687 0292 96       		.byte	-106
 688 0293 01       		.byte	1
 689 0294 9A       		.byte	-102
 690 0295 02       		.byte	2
 691 0296 9E       		.byte	-98
 692 0297 04       		.byte	4
 693 0298 A6       		.byte	-90
 694 0299 01       		.byte	1
 695 029a B2       		.byte	-78
 696 029b 02       		.byte	2
 697 029c B4       		.byte	-76
 698 029d 01       		.byte	1
 699 029e B6       		.byte	-74
 700 029f 04       		.byte	4
 701 02a0 B8       		.byte	-72
 702 02a1 20       		.byte	32
 703 02a2 BB       		.byte	-69
 704 02a3 08       		.byte	8
 705 02a4 BE       		.byte	-66
 706 02a5 44       		.byte	68
 707 02a6 C0       		.byte	-64
 708 02a7 54       		.byte	84
 709 02a8 C1       		.byte	-63
 710 02a9 02       		.byte	2
 711 02aa C2       		.byte	-62
 712 02ab 03       		.byte	3
 713 02ac C4       		.byte	-60
 714 02ad 01       		.byte	1
 715 02ae C5       		.byte	-59
 716 02af C0       		.byte	-64
 717 02b0 C6       		.byte	-58
 718 02b1 0E       		.byte	14
 719 02b2 C8       		.byte	-56
 720 02b3 06       		.byte	6
 721 02b4 C9       		.byte	-55
 722 02b5 FF       		.byte	-1
 723 02b6 CA       		.byte	-54
 724 02b7 FF       		.byte	-1
 725 02b8 CB       		.byte	-53
 726 02b9 FF       		.byte	-1
 727 02ba CC       		.byte	-52
 728 02bb 62       		.byte	98
 729 02bc CD       		.byte	-51
 730 02bd A0       		.byte	-96
 731 02be CE       		.byte	-50
 732 02bf F0       		.byte	-16
 733 02c0 CF       		.byte	-49
 734 02c1 41       		.byte	65
 735 02c2 D0       		.byte	-48
 736 02c3 0C       		.byte	12
 737 02c4 D4       		.byte	-44
 738 02c5 18       		.byte	24
 739 02c6 D8       		.byte	-40
 740 02c7 04       		.byte	4
 741 02c8 D9       		.byte	-39
ARM GAS  C:\Users\ALEXAN~1\AppData\Local\Temp\ccfluIWb.s 			page 14


 742 02c9 04       		.byte	4
 743 02ca DA       		.byte	-38
 744 02cb 04       		.byte	4
 745 02cc DB       		.byte	-37
 746 02cd 04       		.byte	4
 747 02ce DF       		.byte	-33
 748 02cf 01       		.byte	1
 749 02d0 E6       		.byte	-26
 750 02d1 40       		.byte	64
 751 02d2 E7       		.byte	-25
 752 02d3 02       		.byte	2
 753 02d4 E9       		.byte	-23
 754 02d5 10       		.byte	16
 755 02d6 EA       		.byte	-22
 756 02d7 30       		.byte	48
 757 02d8 EB       		.byte	-21
 758 02d9 10       		.byte	16
 759 02da ED       		.byte	-19
 760 02db 10       		.byte	16
 761 02dc EE       		.byte	-18
 762 02dd 10       		.byte	16
 763 02de EF       		.byte	-17
 764 02df 12       		.byte	18
 765 02e0 01       		.byte	1
 766 02e1 60       		.byte	96
 767 02e2 03       		.byte	3
 768 02e3 90       		.byte	-112
 769 02e4 05       		.byte	5
 770 02e5 90       		.byte	-112
 771 02e6 06       		.byte	6
 772 02e7 40       		.byte	64
 773 02e8 07       		.byte	7
 774 02e9 14       		.byte	20
 775 02ea 09       		.byte	9
 776 02eb 08       		.byte	8
 777 02ec 0A       		.byte	10
 778 02ed 01       		.byte	1
 779 02ee 0B       		.byte	11
 780 02ef 40       		.byte	64
 781 02f0 0D       		.byte	13
 782 02f1 08       		.byte	8
 783 02f2 0E       		.byte	14
 784 02f3 04       		.byte	4
 785 02f4 0F       		.byte	15
 786 02f5 01       		.byte	1
 787 02f6 10       		.byte	16
 788 02f7 68       		.byte	104
 789 02f8 15       		.byte	21
 790 02f9 08       		.byte	8
 791 02fa 16       		.byte	22
 792 02fb 10       		.byte	16
 793 02fc 19       		.byte	25
 794 02fd 22       		.byte	34
 795 02fe 1B       		.byte	27
 796 02ff D0       		.byte	-48
 797 0300 1D       		.byte	29
 798 0301 40       		.byte	64
ARM GAS  C:\Users\ALEXAN~1\AppData\Local\Temp\ccfluIWb.s 			page 15


 799 0302 1E       		.byte	30
 800 0303 04       		.byte	4
 801 0304 1F       		.byte	31
 802 0305 04       		.byte	4
 803 0306 20       		.byte	32
 804 0307 80       		.byte	-128
 805 0308 21       		.byte	33
 806 0309 80       		.byte	-128
 807 030a 23       		.byte	35
 808 030b 40       		.byte	64
 809 030c 27       		.byte	39
 810 030d 10       		.byte	16
 811 030e 29       		.byte	41
 812 030f 80       		.byte	-128
 813 0310 2A       		.byte	42
 814 0311 10       		.byte	16
 815 0312 2B       		.byte	43
 816 0313 50       		.byte	80
 817 0314 31       		.byte	49
 818 0315 0A       		.byte	10
 819 0316 33       		.byte	51
 820 0317 10       		.byte	16
 821 0318 38       		.byte	56
 822 0319 AA       		.byte	-86
 823 031a 44       		.byte	68
 824 031b 40       		.byte	64
 825 031c 45       		.byte	69
 826 031d 82       		.byte	-126
 827 031e 47       		.byte	71
 828 031f 14       		.byte	20
 829 0320 4D       		.byte	77
 830 0321 80       		.byte	-128
 831 0322 4F       		.byte	79
 832 0323 41       		.byte	65
 833 0324 56       		.byte	86
 834 0325 40       		.byte	64
 835 0326 5D       		.byte	93
 836 0327 02       		.byte	2
 837 0328 65       		.byte	101
 838 0329 40       		.byte	64
 839 032a 67       		.byte	103
 840 032b 08       		.byte	8
 841 032c 89       		.byte	-119
 842 032d 04       		.byte	4
 843 032e 8A       		.byte	-118
 844 032f 01       		.byte	1
 845 0330 8C       		.byte	-116
 846 0331 01       		.byte	1
 847 0332 8D       		.byte	-115
 848 0333 40       		.byte	64
 849 0334 90       		.byte	-112
 850 0335 A8       		.byte	-88
 851 0336 91       		.byte	-111
 852 0337 08       		.byte	8
 853 0338 95       		.byte	-107
 854 0339 40       		.byte	64
 855 033a 97       		.byte	-105
ARM GAS  C:\Users\ALEXAN~1\AppData\Local\Temp\ccfluIWb.s 			page 16


 856 033b 40       		.byte	64
 857 033c 99       		.byte	-103
 858 033d 10       		.byte	16
 859 033e 9C       		.byte	-100
 860 033f 40       		.byte	64
 861 0340 9F       		.byte	-97
 862 0341 10       		.byte	16
 863 0342 A0       		.byte	-96
 864 0343 28       		.byte	40
 865 0344 A1       		.byte	-95
 866 0345 0A       		.byte	10
 867 0346 A4       		.byte	-92
 868 0347 40       		.byte	64
 869 0348 B4       		.byte	-76
 870 0349 01       		.byte	1
 871 034a C0       		.byte	-64
 872 034b FF       		.byte	-1
 873 034c C2       		.byte	-62
 874 034d ED       		.byte	-19
 875 034e C4       		.byte	-60
 876 034f 2E       		.byte	46
 877 0350 CA       		.byte	-54
 878 0351 0F       		.byte	15
 879 0352 CC       		.byte	-52
 880 0353 07       		.byte	7
 881 0354 CE       		.byte	-50
 882 0355 0F       		.byte	15
 883 0356 D0       		.byte	-48
 884 0357 F0       		.byte	-16
 885 0358 D2       		.byte	-46
 886 0359 10       		.byte	16
 887 035a D6       		.byte	-42
 888 035b 80       		.byte	-128
 889 035c D8       		.byte	-40
 890 035d 30       		.byte	48
 891 035e 12       		.byte	18
 892 035f 80       		.byte	-128
 893 0360 7C       		.byte	124
 894 0361 40       		.byte	64
 895 0362 8E       		.byte	-114
 896 0363 80       		.byte	-128
 897 0364 90       		.byte	-112
 898 0365 40       		.byte	64
 899 0366 B4       		.byte	-76
 900 0367 40       		.byte	64
 901 0368 C4       		.byte	-60
 902 0369 08       		.byte	8
 903 036a DE       		.byte	-34
 904 036b 04       		.byte	4
 905 036c E2       		.byte	-30
 906 036d 02       		.byte	2
 907 036e E8       		.byte	-24
 908 036f 02       		.byte	2
 909 0370 00       		.byte	0
 910 0371 01       		.byte	1
 911 0372 0C       		.byte	12
 912 0373 01       		.byte	1
ARM GAS  C:\Users\ALEXAN~1\AppData\Local\Temp\ccfluIWb.s 			page 17


 913 0374 10       		.byte	16
 914 0375 01       		.byte	1
 915 0376 1C       		.byte	28
 916 0377 01       		.byte	1
 917 0378 80       		.byte	-128
 918 0379 80       		.byte	-128
 919 037a 00       		.byte	0
 920 037b 00       		.byte	0
 921 037c 40       		.byte	64
 922 037d 00       		.byte	0
 923 037e 00       		.byte	0
 924 037f 00       		.byte	0
 925 0380 80       		.byte	-128
 926 0381 00       		.byte	0
 927 0382 40       		.byte	64
 928 0383 80       		.byte	-128
 929 0384 80       		.byte	-128
 930 0385 00       		.byte	0
 931 0386 80       		.byte	-128
 932 0387 00       		.byte	0
 933 0388 00       		.byte	0
 934 0389 00       		.byte	0
 935 038a 00       		.byte	0
 936 038b 00       		.byte	0
 937 038c 00       		.byte	0
 938 038d 0B       		.byte	11
 939 038e 0B       		.byte	11
 940 038f 00       		.byte	0
 941 0390 00       		.byte	0
 942 0391 00       		.byte	0
 943 0392 00       		.byte	0
 944 0393 00       		.byte	0
 945              		.section	.cywolatch,"a",%progbits
 946              		.align	2
 947              		.type	cy_meta_wonvl, %object
 948              		.size	cy_meta_wonvl, 4
 949              	cy_meta_wonvl:
 950 0000 BC       		.byte	-68
 951 0001 90       		.byte	-112
 952 0002 AC       		.byte	-84
 953 0003 AF       		.byte	-81
 954              		.section	.cycustnvl,"a",%progbits
 955              		.align	2
 956              		.type	cy_meta_custnvl, %object
 957              		.size	cy_meta_custnvl, 4
 958              	cy_meta_custnvl:
 959 0000 00       		.byte	0
 960 0001 00       		.byte	0
 961 0002 40       		.byte	64
 962 0003 05       		.byte	5
 963              		.section	.cymeta,"a",%progbits
 964              		.align	2
 965              		.type	cy_metadata, %object
 966              		.size	cy_metadata, 12
 967              	cy_metadata:
 968 0000 00       		.byte	0
 969 0001 01       		.byte	1
ARM GAS  C:\Users\ALEXAN~1\AppData\Local\Temp\ccfluIWb.s 			page 18


 970 0002 2E       		.byte	46
 971 0003 16       		.byte	22
 972 0004 10       		.byte	16
 973 0005 69       		.byte	105
 974 0006 00       		.byte	0
 975 0007 01       		.byte	1
 976 0008 00       		.byte	0
 977 0009 00       		.byte	0
 978 000a 00       		.byte	0
 979 000b 00       		.byte	0
 980              		.section	.cyflashprotect,"a",%progbits
 981              		.align	2
 982              		.type	cy_meta_flashprotect, %object
 983              		.size	cy_meta_flashprotect, 256
 984              	cy_meta_flashprotect:
 985 0000 00000000 		.space	256
 985      00000000 
 985      00000000 
 985      00000000 
 985      00000000 
 986              		.text
 987              	.Letext0:
 988              		.file 1 "c:\\program files (x86)\\cypress\\psoc creator\\4.4\\psoc creator\\import\\gnu\\arm\\5.4.
 989              		.file 2 "c:\\program files (x86)\\cypress\\psoc creator\\4.4\\psoc creator\\import\\gnu\\arm\\5.4.
 990              		.file 3 "Generated_Source\\PSoC5\\cymetadata.c"
 991              		.section	.debug_info,"",%progbits
 992              	.Ldebug_info0:
 993 0000 31010000 		.4byte	0x131
 994 0004 0400     		.2byte	0x4
 995 0006 00000000 		.4byte	.Ldebug_abbrev0
 996 000a 04       		.byte	0x4
 997 000b 01       		.uleb128 0x1
 998 000c 24000000 		.4byte	.LASF17
 999 0010 0C       		.byte	0xc
 1000 0011 1B020000 		.4byte	.LASF18
 1001 0015 5F010000 		.4byte	.LASF19
 1002 0019 00000000 		.4byte	.Ldebug_line0
 1003 001d 02       		.uleb128 0x2
 1004 001e 01       		.byte	0x1
 1005 001f 06       		.byte	0x6
 1006 0020 0F020000 		.4byte	.LASF0
 1007 0024 03       		.uleb128 0x3
 1008 0025 00000000 		.4byte	.LASF9
 1009 0029 01       		.byte	0x1
 1010 002a 1D       		.byte	0x1d
 1011 002b 2F000000 		.4byte	0x2f
 1012 002f 02       		.uleb128 0x2
 1013 0030 01       		.byte	0x1
 1014 0031 08       		.byte	0x8
 1015 0032 16000000 		.4byte	.LASF1
 1016 0036 02       		.uleb128 0x2
 1017 0037 02       		.byte	0x2
 1018 0038 05       		.byte	0x5
 1019 0039 FC010000 		.4byte	.LASF2
 1020 003d 02       		.uleb128 0x2
 1021 003e 02       		.byte	0x2
 1022 003f 07       		.byte	0x7
ARM GAS  C:\Users\ALEXAN~1\AppData\Local\Temp\ccfluIWb.s 			page 19


 1023 0040 C4000000 		.4byte	.LASF3
 1024 0044 02       		.uleb128 0x2
 1025 0045 04       		.byte	0x4
 1026 0046 05       		.byte	0x5
 1027 0047 06020000 		.4byte	.LASF4
 1028 004b 02       		.uleb128 0x2
 1029 004c 04       		.byte	0x4
 1030 004d 07       		.byte	0x7
 1031 004e B2000000 		.4byte	.LASF5
 1032 0052 02       		.uleb128 0x2
 1033 0053 08       		.byte	0x8
 1034 0054 05       		.byte	0x5
 1035 0055 51010000 		.4byte	.LASF6
 1036 0059 02       		.uleb128 0x2
 1037 005a 08       		.byte	0x8
 1038 005b 07       		.byte	0x7
 1039 005c 06010000 		.4byte	.LASF7
 1040 0060 04       		.uleb128 0x4
 1041 0061 04       		.byte	0x4
 1042 0062 05       		.byte	0x5
 1043 0063 696E7400 		.ascii	"int\000"
 1044 0067 02       		.uleb128 0x2
 1045 0068 04       		.byte	0x4
 1046 0069 07       		.byte	0x7
 1047 006a F9000000 		.4byte	.LASF8
 1048 006e 03       		.uleb128 0x3
 1049 006f 1D010000 		.4byte	.LASF10
 1050 0073 02       		.byte	0x2
 1051 0074 18       		.byte	0x18
 1052 0075 24000000 		.4byte	0x24
 1053 0079 05       		.uleb128 0x5
 1054 007a 91000000 		.4byte	0x91
 1055 007e 8A000000 		.4byte	0x8a
 1056 0082 06       		.uleb128 0x6
 1057 0083 8A000000 		.4byte	0x8a
 1058 0087 9303     		.2byte	0x393
 1059 0089 00       		.byte	0
 1060 008a 02       		.uleb128 0x2
 1061 008b 04       		.byte	0x4
 1062 008c 07       		.byte	0x7
 1063 008d 48010000 		.4byte	.LASF11
 1064 0091 07       		.uleb128 0x7
 1065 0092 6E000000 		.4byte	0x6e
 1066 0096 08       		.uleb128 0x8
 1067 0097 E7000000 		.4byte	.LASF12
 1068 009b 03       		.byte	0x3
 1069 009c 1F       		.byte	0x1f
 1070 009d A7000000 		.4byte	0xa7
 1071 00a1 05       		.uleb128 0x5
 1072 00a2 03       		.byte	0x3
 1073 00a3 00000000 		.4byte	cy_meta_configecc
 1074 00a7 07       		.uleb128 0x7
 1075 00a8 79000000 		.4byte	0x79
 1076 00ac 05       		.uleb128 0x5
 1077 00ad 91000000 		.4byte	0x91
 1078 00b1 BC000000 		.4byte	0xbc
 1079 00b5 09       		.uleb128 0x9
ARM GAS  C:\Users\ALEXAN~1\AppData\Local\Temp\ccfluIWb.s 			page 20


 1080 00b6 8A000000 		.4byte	0x8a
 1081 00ba 03       		.byte	0x3
 1082 00bb 00       		.byte	0
 1083 00bc 08       		.uleb128 0x8
 1084 00bd D7000000 		.4byte	.LASF13
 1085 00c1 03       		.byte	0x3
 1086 00c2 9F       		.byte	0x9f
 1087 00c3 CD000000 		.4byte	0xcd
 1088 00c7 05       		.uleb128 0x5
 1089 00c8 03       		.byte	0x3
 1090 00c9 00000000 		.4byte	cy_meta_custnvl
 1091 00cd 07       		.uleb128 0x7
 1092 00ce AC000000 		.4byte	0xac
 1093 00d2 08       		.uleb128 0x8
 1094 00d3 3A010000 		.4byte	.LASF14
 1095 00d7 03       		.byte	0x3
 1096 00d8 AD       		.byte	0xad
 1097 00d9 E3000000 		.4byte	0xe3
 1098 00dd 05       		.uleb128 0x5
 1099 00de 03       		.byte	0x3
 1100 00df 00000000 		.4byte	cy_meta_wonvl
 1101 00e3 07       		.uleb128 0x7
 1102 00e4 AC000000 		.4byte	0xac
 1103 00e8 05       		.uleb128 0x5
 1104 00e9 91000000 		.4byte	0x91
 1105 00ed F8000000 		.4byte	0xf8
 1106 00f1 09       		.uleb128 0x9
 1107 00f2 8A000000 		.4byte	0x8a
 1108 00f6 FF       		.byte	0xff
 1109 00f7 00       		.byte	0
 1110 00f8 08       		.uleb128 0x8
 1111 00f9 25010000 		.4byte	.LASF15
 1112 00fd 03       		.byte	0x3
 1113 00fe BB       		.byte	0xbb
 1114 00ff 09010000 		.4byte	0x109
 1115 0103 05       		.uleb128 0x5
 1116 0104 03       		.byte	0x3
 1117 0105 00000000 		.4byte	cy_meta_flashprotect
 1118 0109 07       		.uleb128 0x7
 1119 010a E8000000 		.4byte	0xe8
 1120 010e 05       		.uleb128 0x5
 1121 010f 91000000 		.4byte	0x91
 1122 0113 1E010000 		.4byte	0x11e
 1123 0117 09       		.uleb128 0x9
 1124 0118 8A000000 		.4byte	0x8a
 1125 011c 0B       		.byte	0xb
 1126 011d 00       		.byte	0
 1127 011e 08       		.uleb128 0x8
 1128 011f 0A000000 		.4byte	.LASF16
 1129 0123 03       		.byte	0x3
 1130 0124 E8       		.byte	0xe8
 1131 0125 2F010000 		.4byte	0x12f
 1132 0129 05       		.uleb128 0x5
 1133 012a 03       		.byte	0x3
 1134 012b 00000000 		.4byte	cy_metadata
 1135 012f 07       		.uleb128 0x7
 1136 0130 0E010000 		.4byte	0x10e
ARM GAS  C:\Users\ALEXAN~1\AppData\Local\Temp\ccfluIWb.s 			page 21


 1137 0134 00       		.byte	0
 1138              		.section	.debug_abbrev,"",%progbits
 1139              	.Ldebug_abbrev0:
 1140 0000 01       		.uleb128 0x1
 1141 0001 11       		.uleb128 0x11
 1142 0002 01       		.byte	0x1
 1143 0003 25       		.uleb128 0x25
 1144 0004 0E       		.uleb128 0xe
 1145 0005 13       		.uleb128 0x13
 1146 0006 0B       		.uleb128 0xb
 1147 0007 03       		.uleb128 0x3
 1148 0008 0E       		.uleb128 0xe
 1149 0009 1B       		.uleb128 0x1b
 1150 000a 0E       		.uleb128 0xe
 1151 000b 10       		.uleb128 0x10
 1152 000c 17       		.uleb128 0x17
 1153 000d 00       		.byte	0
 1154 000e 00       		.byte	0
 1155 000f 02       		.uleb128 0x2
 1156 0010 24       		.uleb128 0x24
 1157 0011 00       		.byte	0
 1158 0012 0B       		.uleb128 0xb
 1159 0013 0B       		.uleb128 0xb
 1160 0014 3E       		.uleb128 0x3e
 1161 0015 0B       		.uleb128 0xb
 1162 0016 03       		.uleb128 0x3
 1163 0017 0E       		.uleb128 0xe
 1164 0018 00       		.byte	0
 1165 0019 00       		.byte	0
 1166 001a 03       		.uleb128 0x3
 1167 001b 16       		.uleb128 0x16
 1168 001c 00       		.byte	0
 1169 001d 03       		.uleb128 0x3
 1170 001e 0E       		.uleb128 0xe
 1171 001f 3A       		.uleb128 0x3a
 1172 0020 0B       		.uleb128 0xb
 1173 0021 3B       		.uleb128 0x3b
 1174 0022 0B       		.uleb128 0xb
 1175 0023 49       		.uleb128 0x49
 1176 0024 13       		.uleb128 0x13
 1177 0025 00       		.byte	0
 1178 0026 00       		.byte	0
 1179 0027 04       		.uleb128 0x4
 1180 0028 24       		.uleb128 0x24
 1181 0029 00       		.byte	0
 1182 002a 0B       		.uleb128 0xb
 1183 002b 0B       		.uleb128 0xb
 1184 002c 3E       		.uleb128 0x3e
 1185 002d 0B       		.uleb128 0xb
 1186 002e 03       		.uleb128 0x3
 1187 002f 08       		.uleb128 0x8
 1188 0030 00       		.byte	0
 1189 0031 00       		.byte	0
 1190 0032 05       		.uleb128 0x5
 1191 0033 01       		.uleb128 0x1
 1192 0034 01       		.byte	0x1
 1193 0035 49       		.uleb128 0x49
ARM GAS  C:\Users\ALEXAN~1\AppData\Local\Temp\ccfluIWb.s 			page 22


 1194 0036 13       		.uleb128 0x13
 1195 0037 01       		.uleb128 0x1
 1196 0038 13       		.uleb128 0x13
 1197 0039 00       		.byte	0
 1198 003a 00       		.byte	0
 1199 003b 06       		.uleb128 0x6
 1200 003c 21       		.uleb128 0x21
 1201 003d 00       		.byte	0
 1202 003e 49       		.uleb128 0x49
 1203 003f 13       		.uleb128 0x13
 1204 0040 2F       		.uleb128 0x2f
 1205 0041 05       		.uleb128 0x5
 1206 0042 00       		.byte	0
 1207 0043 00       		.byte	0
 1208 0044 07       		.uleb128 0x7
 1209 0045 26       		.uleb128 0x26
 1210 0046 00       		.byte	0
 1211 0047 49       		.uleb128 0x49
 1212 0048 13       		.uleb128 0x13
 1213 0049 00       		.byte	0
 1214 004a 00       		.byte	0
 1215 004b 08       		.uleb128 0x8
 1216 004c 34       		.uleb128 0x34
 1217 004d 00       		.byte	0
 1218 004e 03       		.uleb128 0x3
 1219 004f 0E       		.uleb128 0xe
 1220 0050 3A       		.uleb128 0x3a
 1221 0051 0B       		.uleb128 0xb
 1222 0052 3B       		.uleb128 0x3b
 1223 0053 0B       		.uleb128 0xb
 1224 0054 49       		.uleb128 0x49
 1225 0055 13       		.uleb128 0x13
 1226 0056 3F       		.uleb128 0x3f
 1227 0057 19       		.uleb128 0x19
 1228 0058 02       		.uleb128 0x2
 1229 0059 18       		.uleb128 0x18
 1230 005a 00       		.byte	0
 1231 005b 00       		.byte	0
 1232 005c 09       		.uleb128 0x9
 1233 005d 21       		.uleb128 0x21
 1234 005e 00       		.byte	0
 1235 005f 49       		.uleb128 0x49
 1236 0060 13       		.uleb128 0x13
 1237 0061 2F       		.uleb128 0x2f
 1238 0062 0B       		.uleb128 0xb
 1239 0063 00       		.byte	0
 1240 0064 00       		.byte	0
 1241 0065 00       		.byte	0
 1242              		.section	.debug_aranges,"",%progbits
 1243 0000 14000000 		.4byte	0x14
 1244 0004 0200     		.2byte	0x2
 1245 0006 00000000 		.4byte	.Ldebug_info0
 1246 000a 04       		.byte	0x4
 1247 000b 00       		.byte	0
 1248 000c 0000     		.2byte	0
 1249 000e 0000     		.2byte	0
 1250 0010 00000000 		.4byte	0
ARM GAS  C:\Users\ALEXAN~1\AppData\Local\Temp\ccfluIWb.s 			page 23


 1251 0014 00000000 		.4byte	0
 1252              		.section	.debug_line,"",%progbits
 1253              	.Ldebug_line0:
 1254 0000 3D010000 		.section	.debug_str,"MS",%progbits,1
 1254      02003701 
 1254      00000201 
 1254      FB0E0D00 
 1254      01010101 
 1255              	.LASF9:
 1256 0000 5F5F7569 		.ascii	"__uint8_t\000"
 1256      6E74385F 
 1256      7400
 1257              	.LASF16:
 1258 000a 63795F6D 		.ascii	"cy_metadata\000"
 1258      65746164 
 1258      61746100 
 1259              	.LASF1:
 1260 0016 756E7369 		.ascii	"unsigned char\000"
 1260      676E6564 
 1260      20636861 
 1260      7200
 1261              	.LASF17:
 1262 0024 474E5520 		.ascii	"GNU C11 5.4.1 20160609 (release) [ARM/embedded-5-br"
 1262      43313120 
 1262      352E342E 
 1262      31203230 
 1262      31363036 
 1263 0057 616E6368 		.ascii	"anch revision 237715] -mcpu=cortex-m3 -mthumb -g -O"
 1263      20726576 
 1263      6973696F 
 1263      6E203233 
 1263      37373135 
 1264 008a 67202D66 		.ascii	"g -ffunction-sections -ffat-lto-objects\000"
 1264      66756E63 
 1264      74696F6E 
 1264      2D736563 
 1264      74696F6E 
 1265              	.LASF5:
 1266 00b2 6C6F6E67 		.ascii	"long unsigned int\000"
 1266      20756E73 
 1266      69676E65 
 1266      6420696E 
 1266      7400
 1267              	.LASF3:
 1268 00c4 73686F72 		.ascii	"short unsigned int\000"
 1268      7420756E 
 1268      7369676E 
 1268      65642069 
 1268      6E7400
 1269              	.LASF13:
 1270 00d7 63795F6D 		.ascii	"cy_meta_custnvl\000"
 1270      6574615F 
 1270      63757374 
 1270      6E766C00 
 1271              	.LASF12:
 1272 00e7 63795F6D 		.ascii	"cy_meta_configecc\000"
 1272      6574615F 
ARM GAS  C:\Users\ALEXAN~1\AppData\Local\Temp\ccfluIWb.s 			page 24


 1272      636F6E66 
 1272      69676563 
 1272      6300
 1273              	.LASF8:
 1274 00f9 756E7369 		.ascii	"unsigned int\000"
 1274      676E6564 
 1274      20696E74 
 1274      00
 1275              	.LASF7:
 1276 0106 6C6F6E67 		.ascii	"long long unsigned int\000"
 1276      206C6F6E 
 1276      6720756E 
 1276      7369676E 
 1276      65642069 
 1277              	.LASF10:
 1278 011d 75696E74 		.ascii	"uint8_t\000"
 1278      385F7400 
 1279              	.LASF15:
 1280 0125 63795F6D 		.ascii	"cy_meta_flashprotect\000"
 1280      6574615F 
 1280      666C6173 
 1280      6870726F 
 1280      74656374 
 1281              	.LASF14:
 1282 013a 63795F6D 		.ascii	"cy_meta_wonvl\000"
 1282      6574615F 
 1282      776F6E76 
 1282      6C00
 1283              	.LASF11:
 1284 0148 73697A65 		.ascii	"sizetype\000"
 1284      74797065 
 1284      00
 1285              	.LASF6:
 1286 0151 6C6F6E67 		.ascii	"long long int\000"
 1286      206C6F6E 
 1286      6720696E 
 1286      7400
 1287              	.LASF19:
 1288 015f 433A5C55 		.ascii	"C:\\Users\\Alexander Calderon\\OneDrive - Universid"
 1288      73657273 
 1288      5C416C65 
 1288      78616E64 
 1288      65722043 
 1289 018f 61642064 		.ascii	"ad de Pamplona\\Documentos\\UNIPAMPLONA\\2024 - 1\\"
 1289      65205061 
 1289      6D706C6F 
 1289      6E615C44 
 1289      6F63756D 
 1290 01be 456D6265 		.ascii	"Embebidos I\\III Corte\\Serial_Variables\\Serial_Va"
 1290      6269646F 
 1290      7320495C 
 1290      49494920 
 1290      436F7274 
 1291 01ee 72696162 		.ascii	"riables.cydsn\000"
 1291      6C65732E 
 1291      63796473 
 1291      6E00
ARM GAS  C:\Users\ALEXAN~1\AppData\Local\Temp\ccfluIWb.s 			page 25


 1292              	.LASF2:
 1293 01fc 73686F72 		.ascii	"short int\000"
 1293      7420696E 
 1293      7400
 1294              	.LASF4:
 1295 0206 6C6F6E67 		.ascii	"long int\000"
 1295      20696E74 
 1295      00
 1296              	.LASF0:
 1297 020f 7369676E 		.ascii	"signed char\000"
 1297      65642063 
 1297      68617200 
 1298              	.LASF18:
 1299 021b 47656E65 		.ascii	"Generated_Source\\PSoC5\\cymetadata.c\000"
 1299      72617465 
 1299      645F536F 
 1299      75726365 
 1299      5C50536F 
 1300              		.ident	"GCC: (GNU Tools for ARM Embedded Processors) 5.4.1 20160609 (release) [ARM/embedded-5-bran
