ARM GAS  C:\Users\ALEXAN~1\AppData\Local\Temp\ccIN63YG.s 			page 1


   1              		.syntax unified
   2              		.cpu cortex-m3
   3              		.fpu softvfp
   4              		.eabi_attribute 20, 1
   5              		.eabi_attribute 21, 1
   6              		.eabi_attribute 23, 3
   7              		.eabi_attribute 24, 1
   8              		.eabi_attribute 25, 1
   9              		.eabi_attribute 26, 1
  10              		.eabi_attribute 30, 1
  11              		.eabi_attribute 34, 1
  12              		.eabi_attribute 18, 4
  13              		.thumb
  14              		.syntax unified
  15              		.file	"cymetadata.c"
  16              		.text
  17              	.Ltext0:
  18              		.cfi_sections	.debug_frame
  19              		.global	cy_metadata
  20              		.global	cy_meta_flashprotect
  21              		.global	cy_meta_wonvl
  22              		.global	cy_meta_custnvl
  23              		.global	cy_meta_configecc
  24              		.section	.cyconfigecc,"a",%progbits
  25              		.align	2
  26              		.type	cy_meta_configecc, %object
  27              		.size	cy_meta_configecc, 732
  28              	cy_meta_configecc:
  29 0000 02       		.byte	2
  30 0001 52       		.byte	82
  31 0002 00       		.byte	0
  32 0003 40       		.byte	64
  33 0004 03       		.byte	3
  34 0005 65       		.byte	101
  35 0006 00       		.byte	0
  36 0007 40       		.byte	64
  37 0008 12       		.byte	18
  38 0009 18       		.byte	24
  39 000a 01       		.byte	1
  40 000b 40       		.byte	64
  41 000c 3F       		.byte	63
  42 000d 19       		.byte	25
  43 000e 01       		.byte	1
  44 000f 40       		.byte	64
  45 0010 65       		.byte	101
  46 0011 1A       		.byte	26
  47 0012 01       		.byte	1
  48 0013 40       		.byte	64
  49 0014 4C       		.byte	76
  50 0015 1B       		.byte	27
  51 0016 01       		.byte	1
  52 0017 40       		.byte	64
  53 0018 01       		.byte	1
  54 0019 4C       		.byte	76
  55 001a 01       		.byte	1
  56 001b 40       		.byte	64
  57 001c 07       		.byte	7
ARM GAS  C:\Users\ALEXAN~1\AppData\Local\Temp\ccIN63YG.s 			page 2


  58 001d 4D       		.byte	77
  59 001e 01       		.byte	1
  60 001f 40       		.byte	64
  61 0020 02       		.byte	2
  62 0021 50       		.byte	80
  63 0022 01       		.byte	1
  64 0023 40       		.byte	64
  65 0024 61       		.byte	97
  66 0025 80       		.byte	-128
  67 0026 64       		.byte	100
  68 0027 40       		.byte	64
  69 0028 88       		.byte	-120
  70 0029 72       		.byte	114
  71 002a 89       		.byte	-119
  72 002b 38       		.byte	56
  73 002c 8B       		.byte	-117
  74 002d 0F       		.byte	15
  75 002e 82       		.byte	-126
  76 002f 04       		.byte	4
  77 0030 86       		.byte	-122
  78 0031 04       		.byte	4
  79 0032 88       		.byte	-120
  80 0033 02       		.byte	2
  81 0034 95       		.byte	-107
  82 0035 01       		.byte	1
  83 0036 9A       		.byte	-102
  84 0037 01       		.byte	1
  85 0038 A6       		.byte	-90
  86 0039 01       		.byte	1
  87 003a B2       		.byte	-78
  88 003b 01       		.byte	1
  89 003c B4       		.byte	-76
  90 003d 04       		.byte	4
  91 003e B5       		.byte	-75
  92 003f 01       		.byte	1
  93 0040 B6       		.byte	-74
  94 0041 02       		.byte	2
  95 0042 BA       		.byte	-70
  96 0043 02       		.byte	2
  97 0044 BE       		.byte	-66
  98 0045 54       		.byte	84
  99 0046 BF       		.byte	-65
 100 0047 10       		.byte	16
 101 0048 D4       		.byte	-44
 102 0049 18       		.byte	24
 103 004a D8       		.byte	-40
 104 004b 04       		.byte	4
 105 004c D9       		.byte	-39
 106 004d 04       		.byte	4
 107 004e DB       		.byte	-37
 108 004f 04       		.byte	4
 109 0050 DF       		.byte	-33
 110 0051 01       		.byte	1
 111 0052 00       		.byte	0
 112 0053 02       		.byte	2
 113 0054 01       		.byte	1
 114 0055 20       		.byte	32
ARM GAS  C:\Users\ALEXAN~1\AppData\Local\Temp\ccIN63YG.s 			page 3


 115 0056 03       		.byte	3
 116 0057 20       		.byte	32
 117 0058 05       		.byte	5
 118 0059 01       		.byte	1
 119 005a 06       		.byte	6
 120 005b 06       		.byte	6
 121 005c 07       		.byte	7
 122 005d 10       		.byte	16
 123 005e 09       		.byte	9
 124 005f 20       		.byte	32
 125 0060 0C       		.byte	12
 126 0061 81       		.byte	-127
 127 0062 0E       		.byte	14
 128 0063 28       		.byte	40
 129 0064 0F       		.byte	15
 130 0065 22       		.byte	34
 131 0066 10       		.byte	16
 132 0067 20       		.byte	32
 133 0068 16       		.byte	22
 134 0069 40       		.byte	64
 135 006a 17       		.byte	23
 136 006b 24       		.byte	36
 137 006c 19       		.byte	25
 138 006d 1A       		.byte	26
 139 006e 1A       		.byte	26
 140 006f 01       		.byte	1
 141 0070 1B       		.byte	27
 142 0071 02       		.byte	2
 143 0072 1C       		.byte	28
 144 0073 06       		.byte	6
 145 0074 1D       		.byte	29
 146 0075 09       		.byte	9
 147 0076 1E       		.byte	30
 148 0077 60       		.byte	96
 149 0078 23       		.byte	35
 150 0079 04       		.byte	4
 151 007a 24       		.byte	36
 152 007b 08       		.byte	8
 153 007c 25       		.byte	37
 154 007d 20       		.byte	32
 155 007e 27       		.byte	39
 156 007f 11       		.byte	17
 157 0080 2A       		.byte	42
 158 0081 40       		.byte	64
 159 0082 2B       		.byte	43
 160 0083 02       		.byte	2
 161 0084 2C       		.byte	44
 162 0085 01       		.byte	1
 163 0086 2D       		.byte	45
 164 0087 04       		.byte	4
 165 0088 2E       		.byte	46
 166 0089 02       		.byte	2
 167 008a 2F       		.byte	47
 168 008b 08       		.byte	8
 169 008c 30       		.byte	48
 170 008d 08       		.byte	8
 171 008e 34       		.byte	52
ARM GAS  C:\Users\ALEXAN~1\AppData\Local\Temp\ccIN63YG.s 			page 4


 172 008f 80       		.byte	-128
 173 0090 35       		.byte	53
 174 0091 02       		.byte	2
 175 0092 36       		.byte	54
 176 0093 04       		.byte	4
 177 0094 37       		.byte	55
 178 0095 10       		.byte	16
 179 0096 39       		.byte	57
 180 0097 04       		.byte	4
 181 0098 3A       		.byte	58
 182 0099 04       		.byte	4
 183 009a 3E       		.byte	62
 184 009b 68       		.byte	104
 185 009c 3F       		.byte	63
 186 009d 02       		.byte	2
 187 009e 45       		.byte	69
 188 009f 18       		.byte	24
 189 00a0 46       		.byte	70
 190 00a1 44       		.byte	68
 191 00a2 47       		.byte	71
 192 00a3 40       		.byte	64
 193 00a4 4C       		.byte	76
 194 00a5 24       		.byte	36
 195 00a6 57       		.byte	87
 196 00a7 20       		.byte	32
 197 00a8 5B       		.byte	91
 198 00a9 01       		.byte	1
 199 00aa 5C       		.byte	92
 200 00ab 04       		.byte	4
 201 00ac 61       		.byte	97
 202 00ad 50       		.byte	80
 203 00ae 6D       		.byte	109
 204 00af 80       		.byte	-128
 205 00b0 6E       		.byte	110
 206 00b1 14       		.byte	20
 207 00b2 74       		.byte	116
 208 00b3 80       		.byte	-128
 209 00b4 76       		.byte	118
 210 00b5 28       		.byte	40
 211 00b6 77       		.byte	119
 212 00b7 24       		.byte	36
 213 00b8 86       		.byte	-122
 214 00b9 01       		.byte	1
 215 00ba C0       		.byte	-64
 216 00bb FE       		.byte	-2
 217 00bc C2       		.byte	-62
 218 00bd F2       		.byte	-14
 219 00be C4       		.byte	-60
 220 00bf 74       		.byte	116
 221 00c0 CA       		.byte	-54
 222 00c1 F0       		.byte	-16
 223 00c2 CC       		.byte	-52
 224 00c3 F2       		.byte	-14
 225 00c4 CE       		.byte	-50
 226 00c5 F0       		.byte	-16
 227 00c6 D0       		.byte	-48
 228 00c7 F0       		.byte	-16
ARM GAS  C:\Users\ALEXAN~1\AppData\Local\Temp\ccIN63YG.s 			page 5


 229 00c8 D2       		.byte	-46
 230 00c9 20       		.byte	32
 231 00ca D6       		.byte	-42
 232 00cb 41       		.byte	65
 233 00cc D8       		.byte	-40
 234 00cd 0C       		.byte	12
 235 00ce E0       		.byte	-32
 236 00cf 08       		.byte	8
 237 00d0 04       		.byte	4
 238 00d1 10       		.byte	16
 239 00d2 05       		.byte	5
 240 00d3 80       		.byte	-128
 241 00d4 06       		.byte	6
 242 00d5 AC       		.byte	-84
 243 00d6 07       		.byte	7
 244 00d7 13       		.byte	19
 245 00d8 0A       		.byte	10
 246 00d9 03       		.byte	3
 247 00da 0C       		.byte	12
 248 00db 0C       		.byte	12
 249 00dc 0E       		.byte	14
 250 00dd 71       		.byte	113
 251 00de 0F       		.byte	15
 252 00df 0C       		.byte	12
 253 00e0 14       		.byte	20
 254 00e1 14       		.byte	20
 255 00e2 15       		.byte	21
 256 00e3 2C       		.byte	44
 257 00e4 17       		.byte	23
 258 00e5 43       		.byte	67
 259 00e6 19       		.byte	25
 260 00e7 71       		.byte	113
 261 00e8 1B       		.byte	27
 262 00e9 06       		.byte	6
 263 00ea 1C       		.byte	28
 264 00eb 09       		.byte	9
 265 00ec 1E       		.byte	30
 266 00ed D0       		.byte	-48
 267 00ee 1F       		.byte	31
 268 00ef 08       		.byte	8
 269 00f0 20       		.byte	32
 270 00f1 10       		.byte	16
 271 00f2 21       		.byte	33
 272 00f3 71       		.byte	113
 273 00f4 22       		.byte	34
 274 00f5 40       		.byte	64
 275 00f6 23       		.byte	35
 276 00f7 0E       		.byte	14
 277 00f8 26       		.byte	38
 278 00f9 20       		.byte	32
 279 00fa 28       		.byte	40
 280 00fb DC       		.byte	-36
 281 00fc 2A       		.byte	42
 282 00fd 22       		.byte	34
 283 00fe 30       		.byte	48
 284 00ff E0       		.byte	-32
 285 0100 31       		.byte	49
ARM GAS  C:\Users\ALEXAN~1\AppData\Local\Temp\ccIN63YG.s 			page 6


 286 0101 C0       		.byte	-64
 287 0102 33       		.byte	51
 288 0103 0F       		.byte	15
 289 0104 34       		.byte	52
 290 0105 1F       		.byte	31
 291 0106 35       		.byte	53
 292 0107 30       		.byte	48
 293 0108 39       		.byte	57
 294 0109 22       		.byte	34
 295 010a 3A       		.byte	58
 296 010b 02       		.byte	2
 297 010c 3B       		.byte	59
 298 010d 08       		.byte	8
 299 010e 3F       		.byte	63
 300 010f 10       		.byte	16
 301 0110 40       		.byte	64
 302 0111 02       		.byte	2
 303 0112 45       		.byte	69
 304 0113 40       		.byte	64
 305 0114 49       		.byte	73
 306 0115 FF       		.byte	-1
 307 0116 4A       		.byte	74
 308 0117 07       		.byte	7
 309 0118 4B       		.byte	75
 310 0119 FF       		.byte	-1
 311 011a 4C       		.byte	76
 312 011b 40       		.byte	64
 313 011c 4D       		.byte	77
 314 011d 20       		.byte	32
 315 011e 4E       		.byte	78
 316 011f F0       		.byte	-16
 317 0120 4F       		.byte	79
 318 0121 05       		.byte	5
 319 0122 50       		.byte	80
 320 0123 08       		.byte	8
 321 0124 58       		.byte	88
 322 0125 04       		.byte	4
 323 0126 59       		.byte	89
 324 0127 04       		.byte	4
 325 0128 5A       		.byte	90
 326 0129 04       		.byte	4
 327 012a 5F       		.byte	95
 328 012b 01       		.byte	1
 329 012c 60       		.byte	96
 330 012d 40       		.byte	64
 331 012e 61       		.byte	97
 332 012f A8       		.byte	-88
 333 0130 62       		.byte	98
 334 0131 40       		.byte	64
 335 0132 63       		.byte	99
 336 0133 20       		.byte	32
 337 0134 80       		.byte	-128
 338 0135 13       		.byte	19
 339 0136 81       		.byte	-127
 340 0137 48       		.byte	72
 341 0138 82       		.byte	-126
 342 0139 04       		.byte	4
ARM GAS  C:\Users\ALEXAN~1\AppData\Local\Temp\ccIN63YG.s 			page 7


 343 013a 83       		.byte	-125
 344 013b 34       		.byte	52
 345 013c 85       		.byte	-123
 346 013d F9       		.byte	-7
 347 013e 88       		.byte	-120
 348 013f 13       		.byte	19
 349 0140 89       		.byte	-119
 350 0141 F9       		.byte	-7
 351 0142 8A       		.byte	-118
 352 0143 0C       		.byte	12
 353 0144 8D       		.byte	-115
 354 0145 01       		.byte	1
 355 0146 8E       		.byte	-114
 356 0147 08       		.byte	8
 357 0148 90       		.byte	-112
 358 0149 03       		.byte	3
 359 014a 91       		.byte	-111
 360 014b 90       		.byte	-112
 361 014c 92       		.byte	-110
 362 014d 14       		.byte	20
 363 014e 93       		.byte	-109
 364 014f 2C       		.byte	44
 365 0150 94       		.byte	-108
 366 0151 0A       		.byte	10
 367 0152 95       		.byte	-107
 368 0153 20       		.byte	32
 369 0154 96       		.byte	-106
 370 0155 14       		.byte	20
 371 0156 97       		.byte	-105
 372 0157 C2       		.byte	-62
 373 0158 AA       		.byte	-86
 374 0159 15       		.byte	21
 375 015a AE       		.byte	-82
 376 015b 20       		.byte	32
 377 015c B0       		.byte	-80
 378 015d 10       		.byte	16
 379 015e B1       		.byte	-79
 380 015f 06       		.byte	6
 381 0160 B2       		.byte	-78
 382 0161 20       		.byte	32
 383 0162 B3       		.byte	-77
 384 0163 E0       		.byte	-32
 385 0164 B4       		.byte	-76
 386 0165 0F       		.byte	15
 387 0166 B5       		.byte	-75
 388 0167 01       		.byte	1
 389 0168 B7       		.byte	-73
 390 0169 18       		.byte	24
 391 016a BA       		.byte	-70
 392 016b 20       		.byte	32
 393 016c BE       		.byte	-66
 394 016d 01       		.byte	1
 395 016e BF       		.byte	-65
 396 016f 01       		.byte	1
 397 0170 C0       		.byte	-64
 398 0171 26       		.byte	38
 399 0172 C1       		.byte	-63
ARM GAS  C:\Users\ALEXAN~1\AppData\Local\Temp\ccIN63YG.s 			page 8


 400 0173 01       		.byte	1
 401 0174 C5       		.byte	-59
 402 0175 0B       		.byte	11
 403 0176 C6       		.byte	-58
 404 0177 0C       		.byte	12
 405 0178 C7       		.byte	-57
 406 0179 0E       		.byte	14
 407 017a C8       		.byte	-56
 408 017b 15       		.byte	21
 409 017c C9       		.byte	-55
 410 017d FF       		.byte	-1
 411 017e CA       		.byte	-54
 412 017f FF       		.byte	-1
 413 0180 CB       		.byte	-53
 414 0181 FF       		.byte	-1
 415 0182 CE       		.byte	-50
 416 0183 F0       		.byte	-16
 417 0184 CF       		.byte	-49
 418 0185 44       		.byte	68
 419 0186 D0       		.byte	-48
 420 0187 0C       		.byte	12
 421 0188 D4       		.byte	-44
 422 0189 01       		.byte	1
 423 018a D8       		.byte	-40
 424 018b 04       		.byte	4
 425 018c D9       		.byte	-39
 426 018d 04       		.byte	4
 427 018e DA       		.byte	-38
 428 018f 04       		.byte	4
 429 0190 DB       		.byte	-37
 430 0191 04       		.byte	4
 431 0192 DF       		.byte	-33
 432 0193 01       		.byte	1
 433 0194 E6       		.byte	-26
 434 0195 C0       		.byte	-64
 435 0196 EA       		.byte	-22
 436 0197 40       		.byte	64
 437 0198 EB       		.byte	-21
 438 0199 02       		.byte	2
 439 019a 01       		.byte	1
 440 019b 20       		.byte	32
 441 019c 02       		.byte	2
 442 019d 01       		.byte	1
 443 019e 03       		.byte	3
 444 019f 10       		.byte	16
 445 01a0 04       		.byte	4
 446 01a1 40       		.byte	64
 447 01a2 05       		.byte	5
 448 01a3 11       		.byte	17
 449 01a4 0A       		.byte	10
 450 01a5 22       		.byte	34
 451 01a6 0D       		.byte	13
 452 01a7 08       		.byte	8
 453 01a8 0F       		.byte	15
 454 01a9 80       		.byte	-128
 455 01aa 10       		.byte	16
 456 01ab 80       		.byte	-128
ARM GAS  C:\Users\ALEXAN~1\AppData\Local\Temp\ccIN63YG.s 			page 9


 457 01ac 11       		.byte	17
 458 01ad 04       		.byte	4
 459 01ae 13       		.byte	19
 460 01af 20       		.byte	32
 461 01b0 16       		.byte	22
 462 01b1 06       		.byte	6
 463 01b2 19       		.byte	25
 464 01b3 21       		.byte	33
 465 01b4 1D       		.byte	29
 466 01b5 10       		.byte	16
 467 01b6 1E       		.byte	30
 468 01b7 40       		.byte	64
 469 01b8 1F       		.byte	31
 470 01b9 08       		.byte	8
 471 01ba 20       		.byte	32
 472 01bb 44       		.byte	68
 473 01bc 21       		.byte	33
 474 01bd 08       		.byte	8
 475 01be 22       		.byte	34
 476 01bf 01       		.byte	1
 477 01c0 23       		.byte	35
 478 01c1 20       		.byte	32
 479 01c2 25       		.byte	37
 480 01c3 10       		.byte	16
 481 01c4 26       		.byte	38
 482 01c5 04       		.byte	4
 483 01c6 27       		.byte	39
 484 01c7 41       		.byte	65
 485 01c8 29       		.byte	41
 486 01c9 01       		.byte	1
 487 01ca 2A       		.byte	42
 488 01cb 01       		.byte	1
 489 01cc 30       		.byte	48
 490 01cd 80       		.byte	-128
 491 01ce 31       		.byte	49
 492 01cf 18       		.byte	24
 493 01d0 33       		.byte	51
 494 01d1 10       		.byte	16
 495 01d2 34       		.byte	52
 496 01d3 01       		.byte	1
 497 01d4 36       		.byte	54
 498 01d5 04       		.byte	4
 499 01d6 37       		.byte	55
 500 01d7 01       		.byte	1
 501 01d8 38       		.byte	56
 502 01d9 48       		.byte	72
 503 01da 39       		.byte	57
 504 01db 04       		.byte	4
 505 01dc 3D       		.byte	61
 506 01dd 80       		.byte	-128
 507 01de 3E       		.byte	62
 508 01df 16       		.byte	22
 509 01e0 40       		.byte	64
 510 01e1 04       		.byte	4
 511 01e2 46       		.byte	70
 512 01e3 01       		.byte	1
 513 01e4 47       		.byte	71
ARM GAS  C:\Users\ALEXAN~1\AppData\Local\Temp\ccIN63YG.s 			page 10


 514 01e5 10       		.byte	16
 515 01e6 48       		.byte	72
 516 01e7 80       		.byte	-128
 517 01e8 4C       		.byte	76
 518 01e9 04       		.byte	4
 519 01ea 4E       		.byte	78
 520 01eb 10       		.byte	16
 521 01ec 50       		.byte	80
 522 01ed 04       		.byte	4
 523 01ee 52       		.byte	82
 524 01ef 04       		.byte	4
 525 01f0 54       		.byte	84
 526 01f1 08       		.byte	8
 527 01f2 56       		.byte	86
 528 01f3 40       		.byte	64
 529 01f4 57       		.byte	87
 530 01f5 40       		.byte	64
 531 01f6 5E       		.byte	94
 532 01f7 40       		.byte	64
 533 01f8 5F       		.byte	95
 534 01f9 15       		.byte	21
 535 01fa 86       		.byte	-122
 536 01fb 40       		.byte	64
 537 01fc 87       		.byte	-121
 538 01fd 10       		.byte	16
 539 01fe 8A       		.byte	-118
 540 01ff 02       		.byte	2
 541 0200 8C       		.byte	-116
 542 0201 08       		.byte	8
 543 0202 8F       		.byte	-113
 544 0203 01       		.byte	1
 545 0204 92       		.byte	-110
 546 0205 14       		.byte	20
 547 0206 93       		.byte	-109
 548 0207 04       		.byte	4
 549 0208 9C       		.byte	-100
 550 0209 01       		.byte	1
 551 020a 9D       		.byte	-99
 552 020b 20       		.byte	32
 553 020c 9E       		.byte	-98
 554 020d 02       		.byte	2
 555 020e 9F       		.byte	-97
 556 020f 40       		.byte	64
 557 0210 A1       		.byte	-95
 558 0211 40       		.byte	64
 559 0212 A4       		.byte	-92
 560 0213 08       		.byte	8
 561 0214 A5       		.byte	-91
 562 0215 10       		.byte	16
 563 0216 A6       		.byte	-90
 564 0217 04       		.byte	4
 565 0218 A7       		.byte	-89
 566 0219 08       		.byte	8
 567 021a B1       		.byte	-79
 568 021b 48       		.byte	72
 569 021c B4       		.byte	-76
 570 021d 80       		.byte	-128
ARM GAS  C:\Users\ALEXAN~1\AppData\Local\Temp\ccIN63YG.s 			page 11


 571 021e B7       		.byte	-73
 572 021f 10       		.byte	16
 573 0220 C0       		.byte	-64
 574 0221 D7       		.byte	-41
 575 0222 C2       		.byte	-62
 576 0223 35       		.byte	53
 577 0224 C4       		.byte	-60
 578 0225 CE       		.byte	-50
 579 0226 CA       		.byte	-54
 580 0227 01       		.byte	1
 581 0228 CC       		.byte	-52
 582 0229 CE       		.byte	-50
 583 022a CE       		.byte	-50
 584 022b FA       		.byte	-6
 585 022c D0       		.byte	-48
 586 022d 34       		.byte	52
 587 022e D2       		.byte	-46
 588 022f 20       		.byte	32
 589 0230 D6       		.byte	-42
 590 0231 F0       		.byte	-16
 591 0232 87       		.byte	-121
 592 0233 10       		.byte	16
 593 0234 10       		.byte	16
 594 0235 40       		.byte	64
 595 0236 73       		.byte	115
 596 0237 10       		.byte	16
 597 0238 88       		.byte	-120
 598 0239 40       		.byte	64
 599 023a 93       		.byte	-109
 600 023b 10       		.byte	16
 601 023c C4       		.byte	-60
 602 023d 08       		.byte	8
 603 023e DC       		.byte	-36
 604 023f 01       		.byte	1
 605 0240 E2       		.byte	-30
 606 0241 01       		.byte	1
 607 0242 10       		.byte	16
 608 0243 01       		.byte	1
 609 0244 1C       		.byte	28
 610 0245 01       		.byte	1
 611 0246 00       		.byte	0
 612 0247 00       		.byte	0
 613 0248 1F       		.byte	31
 614 0249 10       		.byte	16
 615 024a 60       		.byte	96
 616 024b 00       		.byte	0
 617 024c 1C       		.byte	28
 618 024d 08       		.byte	8
 619 024e 63       		.byte	99
 620 024f 00       		.byte	0
 621 0250 00       		.byte	0
 622 0251 18       		.byte	24
 623 0252 23       		.byte	35
 624 0253 00       		.byte	0
 625 0254 01       		.byte	1
 626 0255 1C       		.byte	28
 627 0256 00       		.byte	0
ARM GAS  C:\Users\ALEXAN~1\AppData\Local\Temp\ccIN63YG.s 			page 12


 628 0257 E1       		.byte	-31
 629 0258 02       		.byte	2
 630 0259 FF       		.byte	-1
 631 025a 00       		.byte	0
 632 025b 00       		.byte	0
 633 025c 73       		.byte	115
 634 025d C0       		.byte	-64
 635 025e 0C       		.byte	12
 636 025f 00       		.byte	0
 637 0260 03       		.byte	3
 638 0261 3C       		.byte	60
 639 0262 00       		.byte	0
 640 0263 C2       		.byte	-62
 641 0264 08       		.byte	8
 642 0265 E7       		.byte	-25
 643 0266 00       		.byte	0
 644 0267 18       		.byte	24
 645 0268 7F       		.byte	127
 646 0269 44       		.byte	68
 647 026a 00       		.byte	0
 648 026b 00       		.byte	0
 649 026c 04       		.byte	4
 650 026d 00       		.byte	0
 651 026e 00       		.byte	0
 652 026f E3       		.byte	-29
 653 0270 0C       		.byte	12
 654 0271 00       		.byte	0
 655 0272 00       		.byte	0
 656 0273 04       		.byte	4
 657 0274 00       		.byte	0
 658 0275 80       		.byte	-128
 659 0276 00       		.byte	0
 660 0277 00       		.byte	0
 661 0278 2C       		.byte	44
 662 0279 00       		.byte	0
 663 027a 0F       		.byte	15
 664 027b 1F       		.byte	31
 665 027c 10       		.byte	16
 666 027d 38       		.byte	56
 667 027e 40       		.byte	64
 668 027f C0       		.byte	-64
 669 0280 80       		.byte	-128
 670 0281 00       		.byte	0
 671 0282 0A       		.byte	10
 672 0283 08       		.byte	8
 673 0284 00       		.byte	0
 674 0285 00       		.byte	0
 675 0286 10       		.byte	16
 676 0287 00       		.byte	0
 677 0288 32       		.byte	50
 678 0289 04       		.byte	4
 679 028a 06       		.byte	6
 680 028b 00       		.byte	0
 681 028c 01       		.byte	1
 682 028d 0C       		.byte	12
 683 028e E0       		.byte	-32
 684 028f 00       		.byte	0
ARM GAS  C:\Users\ALEXAN~1\AppData\Local\Temp\ccIN63YG.s 			page 13


 685 0290 09       		.byte	9
 686 0291 FF       		.byte	-1
 687 0292 FF       		.byte	-1
 688 0293 FF       		.byte	-1
 689 0294 62       		.byte	98
 690 0295 A0       		.byte	-96
 691 0296 F0       		.byte	-16
 692 0297 41       		.byte	65
 693 0298 0C       		.byte	12
 694 0299 00       		.byte	0
 695 029a 00       		.byte	0
 696 029b 00       		.byte	0
 697 029c 00       		.byte	0
 698 029d 00       		.byte	0
 699 029e 02       		.byte	2
 700 029f 12       		.byte	18
 701 02a0 04       		.byte	4
 702 02a1 04       		.byte	4
 703 02a2 04       		.byte	4
 704 02a3 04       		.byte	4
 705 02a4 00       		.byte	0
 706 02a5 00       		.byte	0
 707 02a6 00       		.byte	0
 708 02a7 01       		.byte	1
 709 02a8 00       		.byte	0
 710 02a9 00       		.byte	0
 711 02aa 00       		.byte	0
 712 02ab 00       		.byte	0
 713 02ac 00       		.byte	0
 714 02ad 00       		.byte	0
 715 02ae 40       		.byte	64
 716 02af 02       		.byte	2
 717 02b0 00       		.byte	0
 718 02b1 10       		.byte	16
 719 02b2 30       		.byte	48
 720 02b3 10       		.byte	16
 721 02b4 00       		.byte	0
 722 02b5 10       		.byte	16
 723 02b6 10       		.byte	16
 724 02b7 12       		.byte	18
 725 02b8 00       		.byte	0
 726 02b9 00       		.byte	0
 727 02ba 00       		.byte	0
 728 02bb 00       		.byte	0
 729 02bc 00       		.byte	0
 730 02bd 00       		.byte	0
 731 02be 00       		.byte	0
 732 02bf 00       		.byte	0
 733 02c0 00       		.byte	0
 734 02c1 00       		.byte	0
 735 02c2 00       		.byte	0
 736 02c3 00       		.byte	0
 737 02c4 00       		.byte	0
 738 02c5 00       		.byte	0
 739 02c6 00       		.byte	0
 740 02c7 00       		.byte	0
 741 02c8 80       		.byte	-128
ARM GAS  C:\Users\ALEXAN~1\AppData\Local\Temp\ccIN63YG.s 			page 14


 742 02c9 00       		.byte	0
 743 02ca 40       		.byte	64
 744 02cb 80       		.byte	-128
 745 02cc 80       		.byte	-128
 746 02cd 00       		.byte	0
 747 02ce 80       		.byte	-128
 748 02cf 00       		.byte	0
 749 02d0 00       		.byte	0
 750 02d1 00       		.byte	0
 751 02d2 00       		.byte	0
 752 02d3 00       		.byte	0
 753 02d4 00       		.byte	0
 754 02d5 0B       		.byte	11
 755 02d6 0B       		.byte	11
 756 02d7 00       		.byte	0
 757 02d8 00       		.byte	0
 758 02d9 00       		.byte	0
 759 02da 00       		.byte	0
 760 02db 00       		.byte	0
 761              		.section	.cywolatch,"a",%progbits
 762              		.align	2
 763              		.type	cy_meta_wonvl, %object
 764              		.size	cy_meta_wonvl, 4
 765              	cy_meta_wonvl:
 766 0000 BC       		.byte	-68
 767 0001 90       		.byte	-112
 768 0002 AC       		.byte	-84
 769 0003 AF       		.byte	-81
 770              		.section	.cycustnvl,"a",%progbits
 771              		.align	2
 772              		.type	cy_meta_custnvl, %object
 773              		.size	cy_meta_custnvl, 4
 774              	cy_meta_custnvl:
 775 0000 00       		.byte	0
 776 0001 00       		.byte	0
 777 0002 40       		.byte	64
 778 0003 05       		.byte	5
 779              		.section	.cymeta,"a",%progbits
 780              		.align	2
 781              		.type	cy_metadata, %object
 782              		.size	cy_metadata, 12
 783              	cy_metadata:
 784 0000 00       		.byte	0
 785 0001 01       		.byte	1
 786 0002 2E       		.byte	46
 787 0003 16       		.byte	22
 788 0004 10       		.byte	16
 789 0005 69       		.byte	105
 790 0006 00       		.byte	0
 791 0007 01       		.byte	1
 792 0008 00       		.byte	0
 793 0009 00       		.byte	0
 794 000a 00       		.byte	0
 795 000b 00       		.byte	0
 796              		.section	.cyflashprotect,"a",%progbits
 797              		.align	2
 798              		.type	cy_meta_flashprotect, %object
ARM GAS  C:\Users\ALEXAN~1\AppData\Local\Temp\ccIN63YG.s 			page 15


 799              		.size	cy_meta_flashprotect, 256
 800              	cy_meta_flashprotect:
 801 0000 00000000 		.space	256
 801      00000000 
 801      00000000 
 801      00000000 
 801      00000000 
 802              		.text
 803              	.Letext0:
 804              		.file 1 "c:\\program files (x86)\\cypress\\psoc creator\\4.4\\psoc creator\\import\\gnu\\arm\\5.4.
 805              		.file 2 "c:\\program files (x86)\\cypress\\psoc creator\\4.4\\psoc creator\\import\\gnu\\arm\\5.4.
 806              		.file 3 "Generated_Source\\PSoC5\\cymetadata.c"
 807              		.section	.debug_info,"",%progbits
 808              	.Ldebug_info0:
 809 0000 31010000 		.4byte	0x131
 810 0004 0400     		.2byte	0x4
 811 0006 00000000 		.4byte	.Ldebug_abbrev0
 812 000a 04       		.byte	0x4
 813 000b 01       		.uleb128 0x1
 814 000c 24000000 		.4byte	.LASF17
 815 0010 0C       		.byte	0xc
 816 0011 13020000 		.4byte	.LASF18
 817 0015 E7000000 		.4byte	.LASF19
 818 0019 00000000 		.4byte	.Ldebug_line0
 819 001d 02       		.uleb128 0x2
 820 001e 01       		.byte	0x1
 821 001f 06       		.byte	0x6
 822 0020 07020000 		.4byte	.LASF0
 823 0024 03       		.uleb128 0x3
 824 0025 00000000 		.4byte	.LASF9
 825 0029 01       		.byte	0x1
 826 002a 1D       		.byte	0x1d
 827 002b 2F000000 		.4byte	0x2f
 828 002f 02       		.uleb128 0x2
 829 0030 01       		.byte	0x1
 830 0031 08       		.byte	0x8
 831 0032 16000000 		.4byte	.LASF1
 832 0036 02       		.uleb128 0x2
 833 0037 02       		.byte	0x2
 834 0038 05       		.byte	0x5
 835 0039 F4010000 		.4byte	.LASF2
 836 003d 02       		.uleb128 0x2
 837 003e 02       		.byte	0x2
 838 003f 07       		.byte	0x7
 839 0040 C4000000 		.4byte	.LASF3
 840 0044 02       		.uleb128 0x2
 841 0045 04       		.byte	0x4
 842 0046 05       		.byte	0x5
 843 0047 FE010000 		.4byte	.LASF4
 844 004b 02       		.uleb128 0x2
 845 004c 04       		.byte	0x4
 846 004d 07       		.byte	0x7
 847 004e B2000000 		.4byte	.LASF5
 848 0052 02       		.uleb128 0x2
 849 0053 08       		.byte	0x8
 850 0054 05       		.byte	0x5
 851 0055 E6010000 		.4byte	.LASF6
ARM GAS  C:\Users\ALEXAN~1\AppData\Local\Temp\ccIN63YG.s 			page 16


 852 0059 02       		.uleb128 0x2
 853 005a 08       		.byte	0x8
 854 005b 07       		.byte	0x7
 855 005c 89010000 		.4byte	.LASF7
 856 0060 04       		.uleb128 0x4
 857 0061 04       		.byte	0x4
 858 0062 05       		.byte	0x5
 859 0063 696E7400 		.ascii	"int\000"
 860 0067 02       		.uleb128 0x2
 861 0068 04       		.byte	0x4
 862 0069 07       		.byte	0x7
 863 006a 7C010000 		.4byte	.LASF8
 864 006e 03       		.uleb128 0x3
 865 006f A0010000 		.4byte	.LASF10
 866 0073 02       		.byte	0x2
 867 0074 18       		.byte	0x18
 868 0075 24000000 		.4byte	0x24
 869 0079 05       		.uleb128 0x5
 870 007a 91000000 		.4byte	0x91
 871 007e 8A000000 		.4byte	0x8a
 872 0082 06       		.uleb128 0x6
 873 0083 8A000000 		.4byte	0x8a
 874 0087 DB02     		.2byte	0x2db
 875 0089 00       		.byte	0
 876 008a 02       		.uleb128 0x2
 877 008b 04       		.byte	0x4
 878 008c 07       		.byte	0x7
 879 008d CB010000 		.4byte	.LASF11
 880 0091 07       		.uleb128 0x7
 881 0092 6E000000 		.4byte	0x6e
 882 0096 08       		.uleb128 0x8
 883 0097 D4010000 		.4byte	.LASF12
 884 009b 03       		.byte	0x3
 885 009c 1F       		.byte	0x1f
 886 009d A7000000 		.4byte	0xa7
 887 00a1 05       		.uleb128 0x5
 888 00a2 03       		.byte	0x3
 889 00a3 00000000 		.4byte	cy_meta_configecc
 890 00a7 07       		.uleb128 0x7
 891 00a8 79000000 		.4byte	0x79
 892 00ac 05       		.uleb128 0x5
 893 00ad 91000000 		.4byte	0x91
 894 00b1 BC000000 		.4byte	0xbc
 895 00b5 09       		.uleb128 0x9
 896 00b6 8A000000 		.4byte	0x8a
 897 00ba 03       		.byte	0x3
 898 00bb 00       		.byte	0
 899 00bc 08       		.uleb128 0x8
 900 00bd D7000000 		.4byte	.LASF13
 901 00c1 03       		.byte	0x3
 902 00c2 88       		.byte	0x88
 903 00c3 CD000000 		.4byte	0xcd
 904 00c7 05       		.uleb128 0x5
 905 00c8 03       		.byte	0x3
 906 00c9 00000000 		.4byte	cy_meta_custnvl
 907 00cd 07       		.uleb128 0x7
 908 00ce AC000000 		.4byte	0xac
ARM GAS  C:\Users\ALEXAN~1\AppData\Local\Temp\ccIN63YG.s 			page 17


 909 00d2 08       		.uleb128 0x8
 910 00d3 BD010000 		.4byte	.LASF14
 911 00d7 03       		.byte	0x3
 912 00d8 96       		.byte	0x96
 913 00d9 E3000000 		.4byte	0xe3
 914 00dd 05       		.uleb128 0x5
 915 00de 03       		.byte	0x3
 916 00df 00000000 		.4byte	cy_meta_wonvl
 917 00e3 07       		.uleb128 0x7
 918 00e4 AC000000 		.4byte	0xac
 919 00e8 05       		.uleb128 0x5
 920 00e9 91000000 		.4byte	0x91
 921 00ed F8000000 		.4byte	0xf8
 922 00f1 09       		.uleb128 0x9
 923 00f2 8A000000 		.4byte	0x8a
 924 00f6 FF       		.byte	0xff
 925 00f7 00       		.byte	0
 926 00f8 08       		.uleb128 0x8
 927 00f9 A8010000 		.4byte	.LASF15
 928 00fd 03       		.byte	0x3
 929 00fe A4       		.byte	0xa4
 930 00ff 09010000 		.4byte	0x109
 931 0103 05       		.uleb128 0x5
 932 0104 03       		.byte	0x3
 933 0105 00000000 		.4byte	cy_meta_flashprotect
 934 0109 07       		.uleb128 0x7
 935 010a E8000000 		.4byte	0xe8
 936 010e 05       		.uleb128 0x5
 937 010f 91000000 		.4byte	0x91
 938 0113 1E010000 		.4byte	0x11e
 939 0117 09       		.uleb128 0x9
 940 0118 8A000000 		.4byte	0x8a
 941 011c 0B       		.byte	0xb
 942 011d 00       		.byte	0
 943 011e 08       		.uleb128 0x8
 944 011f 0A000000 		.4byte	.LASF16
 945 0123 03       		.byte	0x3
 946 0124 D1       		.byte	0xd1
 947 0125 2F010000 		.4byte	0x12f
 948 0129 05       		.uleb128 0x5
 949 012a 03       		.byte	0x3
 950 012b 00000000 		.4byte	cy_metadata
 951 012f 07       		.uleb128 0x7
 952 0130 0E010000 		.4byte	0x10e
 953 0134 00       		.byte	0
 954              		.section	.debug_abbrev,"",%progbits
 955              	.Ldebug_abbrev0:
 956 0000 01       		.uleb128 0x1
 957 0001 11       		.uleb128 0x11
 958 0002 01       		.byte	0x1
 959 0003 25       		.uleb128 0x25
 960 0004 0E       		.uleb128 0xe
 961 0005 13       		.uleb128 0x13
 962 0006 0B       		.uleb128 0xb
 963 0007 03       		.uleb128 0x3
 964 0008 0E       		.uleb128 0xe
 965 0009 1B       		.uleb128 0x1b
ARM GAS  C:\Users\ALEXAN~1\AppData\Local\Temp\ccIN63YG.s 			page 18


 966 000a 0E       		.uleb128 0xe
 967 000b 10       		.uleb128 0x10
 968 000c 17       		.uleb128 0x17
 969 000d 00       		.byte	0
 970 000e 00       		.byte	0
 971 000f 02       		.uleb128 0x2
 972 0010 24       		.uleb128 0x24
 973 0011 00       		.byte	0
 974 0012 0B       		.uleb128 0xb
 975 0013 0B       		.uleb128 0xb
 976 0014 3E       		.uleb128 0x3e
 977 0015 0B       		.uleb128 0xb
 978 0016 03       		.uleb128 0x3
 979 0017 0E       		.uleb128 0xe
 980 0018 00       		.byte	0
 981 0019 00       		.byte	0
 982 001a 03       		.uleb128 0x3
 983 001b 16       		.uleb128 0x16
 984 001c 00       		.byte	0
 985 001d 03       		.uleb128 0x3
 986 001e 0E       		.uleb128 0xe
 987 001f 3A       		.uleb128 0x3a
 988 0020 0B       		.uleb128 0xb
 989 0021 3B       		.uleb128 0x3b
 990 0022 0B       		.uleb128 0xb
 991 0023 49       		.uleb128 0x49
 992 0024 13       		.uleb128 0x13
 993 0025 00       		.byte	0
 994 0026 00       		.byte	0
 995 0027 04       		.uleb128 0x4
 996 0028 24       		.uleb128 0x24
 997 0029 00       		.byte	0
 998 002a 0B       		.uleb128 0xb
 999 002b 0B       		.uleb128 0xb
 1000 002c 3E       		.uleb128 0x3e
 1001 002d 0B       		.uleb128 0xb
 1002 002e 03       		.uleb128 0x3
 1003 002f 08       		.uleb128 0x8
 1004 0030 00       		.byte	0
 1005 0031 00       		.byte	0
 1006 0032 05       		.uleb128 0x5
 1007 0033 01       		.uleb128 0x1
 1008 0034 01       		.byte	0x1
 1009 0035 49       		.uleb128 0x49
 1010 0036 13       		.uleb128 0x13
 1011 0037 01       		.uleb128 0x1
 1012 0038 13       		.uleb128 0x13
 1013 0039 00       		.byte	0
 1014 003a 00       		.byte	0
 1015 003b 06       		.uleb128 0x6
 1016 003c 21       		.uleb128 0x21
 1017 003d 00       		.byte	0
 1018 003e 49       		.uleb128 0x49
 1019 003f 13       		.uleb128 0x13
 1020 0040 2F       		.uleb128 0x2f
 1021 0041 05       		.uleb128 0x5
 1022 0042 00       		.byte	0
ARM GAS  C:\Users\ALEXAN~1\AppData\Local\Temp\ccIN63YG.s 			page 19


 1023 0043 00       		.byte	0
 1024 0044 07       		.uleb128 0x7
 1025 0045 26       		.uleb128 0x26
 1026 0046 00       		.byte	0
 1027 0047 49       		.uleb128 0x49
 1028 0048 13       		.uleb128 0x13
 1029 0049 00       		.byte	0
 1030 004a 00       		.byte	0
 1031 004b 08       		.uleb128 0x8
 1032 004c 34       		.uleb128 0x34
 1033 004d 00       		.byte	0
 1034 004e 03       		.uleb128 0x3
 1035 004f 0E       		.uleb128 0xe
 1036 0050 3A       		.uleb128 0x3a
 1037 0051 0B       		.uleb128 0xb
 1038 0052 3B       		.uleb128 0x3b
 1039 0053 0B       		.uleb128 0xb
 1040 0054 49       		.uleb128 0x49
 1041 0055 13       		.uleb128 0x13
 1042 0056 3F       		.uleb128 0x3f
 1043 0057 19       		.uleb128 0x19
 1044 0058 02       		.uleb128 0x2
 1045 0059 18       		.uleb128 0x18
 1046 005a 00       		.byte	0
 1047 005b 00       		.byte	0
 1048 005c 09       		.uleb128 0x9
 1049 005d 21       		.uleb128 0x21
 1050 005e 00       		.byte	0
 1051 005f 49       		.uleb128 0x49
 1052 0060 13       		.uleb128 0x13
 1053 0061 2F       		.uleb128 0x2f
 1054 0062 0B       		.uleb128 0xb
 1055 0063 00       		.byte	0
 1056 0064 00       		.byte	0
 1057 0065 00       		.byte	0
 1058              		.section	.debug_aranges,"",%progbits
 1059 0000 14000000 		.4byte	0x14
 1060 0004 0200     		.2byte	0x2
 1061 0006 00000000 		.4byte	.Ldebug_info0
 1062 000a 04       		.byte	0x4
 1063 000b 00       		.byte	0
 1064 000c 0000     		.2byte	0
 1065 000e 0000     		.2byte	0
 1066 0010 00000000 		.4byte	0
 1067 0014 00000000 		.4byte	0
 1068              		.section	.debug_line,"",%progbits
 1069              	.Ldebug_line0:
 1070 0000 3D010000 		.section	.debug_str,"MS",%progbits,1
 1070      02003701 
 1070      00000201 
 1070      FB0E0D00 
 1070      01010101 
 1071              	.LASF9:
 1072 0000 5F5F7569 		.ascii	"__uint8_t\000"
 1072      6E74385F 
 1072      7400
 1073              	.LASF16:
ARM GAS  C:\Users\ALEXAN~1\AppData\Local\Temp\ccIN63YG.s 			page 20


 1074 000a 63795F6D 		.ascii	"cy_metadata\000"
 1074      65746164 
 1074      61746100 
 1075              	.LASF1:
 1076 0016 756E7369 		.ascii	"unsigned char\000"
 1076      676E6564 
 1076      20636861 
 1076      7200
 1077              	.LASF17:
 1078 0024 474E5520 		.ascii	"GNU C11 5.4.1 20160609 (release) [ARM/embedded-5-br"
 1078      43313120 
 1078      352E342E 
 1078      31203230 
 1078      31363036 
 1079 0057 616E6368 		.ascii	"anch revision 237715] -mcpu=cortex-m3 -mthumb -g -O"
 1079      20726576 
 1079      6973696F 
 1079      6E203233 
 1079      37373135 
 1080 008a 67202D66 		.ascii	"g -ffunction-sections -ffat-lto-objects\000"
 1080      66756E63 
 1080      74696F6E 
 1080      2D736563 
 1080      74696F6E 
 1081              	.LASF5:
 1082 00b2 6C6F6E67 		.ascii	"long unsigned int\000"
 1082      20756E73 
 1082      69676E65 
 1082      6420696E 
 1082      7400
 1083              	.LASF3:
 1084 00c4 73686F72 		.ascii	"short unsigned int\000"
 1084      7420756E 
 1084      7369676E 
 1084      65642069 
 1084      6E7400
 1085              	.LASF13:
 1086 00d7 63795F6D 		.ascii	"cy_meta_custnvl\000"
 1086      6574615F 
 1086      63757374 
 1086      6E766C00 
 1087              	.LASF19:
 1088 00e7 433A5C55 		.ascii	"C:\\Users\\Alexander Calderon\\OneDrive - Universid"
 1088      73657273 
 1088      5C416C65 
 1088      78616E64 
 1088      65722043 
 1089 0117 61642064 		.ascii	"ad de Pamplona\\Documentos\\UNIPAMPLONA\\2024 - 1\\"
 1089      65205061 
 1089      6D706C6F 
 1089      6E615C44 
 1089      6F63756D 
 1090 0146 456D6265 		.ascii	"Embebidos I\\III Corte\\Serial_Texto\\Serial_Texto."
 1090      6269646F 
 1090      7320495C 
 1090      49494920 
 1090      436F7274 
ARM GAS  C:\Users\ALEXAN~1\AppData\Local\Temp\ccIN63YG.s 			page 21


 1091 0176 63796473 		.ascii	"cydsn\000"
 1091      6E00
 1092              	.LASF8:
 1093 017c 756E7369 		.ascii	"unsigned int\000"
 1093      676E6564 
 1093      20696E74 
 1093      00
 1094              	.LASF7:
 1095 0189 6C6F6E67 		.ascii	"long long unsigned int\000"
 1095      206C6F6E 
 1095      6720756E 
 1095      7369676E 
 1095      65642069 
 1096              	.LASF10:
 1097 01a0 75696E74 		.ascii	"uint8_t\000"
 1097      385F7400 
 1098              	.LASF15:
 1099 01a8 63795F6D 		.ascii	"cy_meta_flashprotect\000"
 1099      6574615F 
 1099      666C6173 
 1099      6870726F 
 1099      74656374 
 1100              	.LASF14:
 1101 01bd 63795F6D 		.ascii	"cy_meta_wonvl\000"
 1101      6574615F 
 1101      776F6E76 
 1101      6C00
 1102              	.LASF11:
 1103 01cb 73697A65 		.ascii	"sizetype\000"
 1103      74797065 
 1103      00
 1104              	.LASF12:
 1105 01d4 63795F6D 		.ascii	"cy_meta_configecc\000"
 1105      6574615F 
 1105      636F6E66 
 1105      69676563 
 1105      6300
 1106              	.LASF6:
 1107 01e6 6C6F6E67 		.ascii	"long long int\000"
 1107      206C6F6E 
 1107      6720696E 
 1107      7400
 1108              	.LASF2:
 1109 01f4 73686F72 		.ascii	"short int\000"
 1109      7420696E 
 1109      7400
 1110              	.LASF4:
 1111 01fe 6C6F6E67 		.ascii	"long int\000"
 1111      20696E74 
 1111      00
 1112              	.LASF0:
 1113 0207 7369676E 		.ascii	"signed char\000"
 1113      65642063 
 1113      68617200 
 1114              	.LASF18:
 1115 0213 47656E65 		.ascii	"Generated_Source\\PSoC5\\cymetadata.c\000"
 1115      72617465 
ARM GAS  C:\Users\ALEXAN~1\AppData\Local\Temp\ccIN63YG.s 			page 22


 1115      645F536F 
 1115      75726365 
 1115      5C50536F 
 1116              		.ident	"GCC: (GNU Tools for ARM Embedded Processors) 5.4.1 20160609 (release) [ARM/embedded-5-bran
