ARM GAS  C:\Users\ALEXAN~1\AppData\Local\Temp\ccMRqXyy.s 			page 1


   1              		.syntax unified
   2              		.cpu cortex-m3
   3              		.fpu softvfp
   4              		.eabi_attribute 20, 1
   5              		.eabi_attribute 21, 1
   6              		.eabi_attribute 23, 3
   7              		.eabi_attribute 24, 1
   8              		.eabi_attribute 25, 1
   9              		.eabi_attribute 26, 1
  10              		.eabi_attribute 30, 1
  11              		.eabi_attribute 34, 1
  12              		.eabi_attribute 18, 4
  13              		.thumb
  14              		.syntax unified
  15              		.file	"main.c"
  16              		.text
  17              	.Ltext0:
  18              		.cfi_sections	.debug_frame
  19              		.section	.text.main,"ax",%progbits
  20              		.align	2
  21              		.global	main
  22              		.thumb
  23              		.thumb_func
  24              		.type	main, %function
  25              	main:
  26              	.LFB63:
  27              		.file 1 "main.c"
   1:main.c        **** /* ========================================
   2:main.c        ****  *
   3:main.c        ****  * U N I V E R S I D A D   D E   P A M P L O N A
   4:main.c        ****  *
   5:main.c        ****  * Copyright Edwin Alexander Calderón Leal, 2024
   6:main.c        ****  * Todos los Derechos Reservados
   7:main.c        ****  * NO PUBLICADO, SOFTWARE LICENCIADO.
   8:main.c        ****  *
   9:main.c        ****  * INFORMACIÓN CONFIDENCIAL Y PROPIETARIA
  10:main.c        ****  * PROPIEDAD DE Edwin Alexander Calderón Leal.
  11:main.c        ****  *
  12:main.c        ****  * ========================================
  13:main.c        ****  *
  14:main.c        ****  * Nombre: 
  15:main.c        ****  * Edwin Alexander Calderón Leal
  16:main.c        ****  * Kevin Andres Rios Trigos
  17:main.c        ****  * Estudiantes de Ingeniería Mecatrónica
  18:main.c        ****  * Proyecto para la materia de Sistemas Embebidos 1 
  19:main.c        ****  * del programa de Ingeniería Electrónica
  20:main.c        ****  * 
  21:main.c        ****  * Docente de Aula: Ingeniero Julio Cesar Ospino Arias
  22:main.c        ****  * 
  23:main.c        ****  * Realizado en julio del 2024, Semestre 2024-1
  24:main.c        ****  * 
  25:main.c        ****  * Departamento de Ingenierías y Arquitectura
  26:main.c        ****  *
  27:main.c        ****  * ========================================
  28:main.c        **** */
  29:main.c        **** 
  30:main.c        **** #include "project.h"
ARM GAS  C:\Users\ALEXAN~1\AppData\Local\Temp\ccMRqXyy.s 			page 2


  31:main.c        **** 
  32:main.c        **** int main(void)
  33:main.c        **** {
  28              		.loc 1 33 0
  29              		.cfi_startproc
  30              		@ Volatile: function does not return.
  31              		@ args = 0, pretend = 0, frame = 0
  32              		@ frame_needed = 0, uses_anonymous_args = 0
  33 0000 08B5     		push	{r3, lr}
  34              		.cfi_def_cfa_offset 8
  35              		.cfi_offset 3, -8
  36              		.cfi_offset 14, -4
  34:main.c        ****     CyGlobalIntEnable; /* Habilita las interrupciones globales. */
  37              		.loc 1 34 0
  38              		.syntax unified
  39              	@ 34 "main.c" 1
  40 0002 62B6     		CPSIE   i
  41              	@ 0 "" 2
  35:main.c        ****     UART_Start(); /* Iniciar UART */ // Iniciar la comunicación serial
  42              		.loc 1 35 0
  43              		.thumb
  44              		.syntax unified
  45 0004 FFF7FEFF 		bl	UART_Start
  46              	.LVL0:
  47              	.L2:
  36:main.c        **** 
  37:main.c        **** for(;;)
  38:main.c        **** {
  39:main.c        ****         /* Código principal */
  40:main.c        ****      UART_PutString("!Hola Mundo! \r\n");
  48              		.loc 1 40 0 discriminator 1
  49 0008 0148     		ldr	r0, .L4
  50 000a FFF7FEFF 		bl	UART_PutString
  51              	.LVL1:
  52 000e FBE7     		b	.L2
  53              	.L5:
  54              		.align	2
  55              	.L4:
  56 0010 00000000 		.word	.LC0
  57              		.cfi_endproc
  58              	.LFE63:
  59              		.size	main, .-main
  60              		.section	.rodata.str1.4,"aMS",%progbits,1
  61              		.align	2
  62              	.LC0:
  63 0000 21486F6C 		.ascii	"!Hola Mundo! \015\012\000"
  63      61204D75 
  63      6E646F21 
  63      200D0A00 
  64              		.text
  65              	.Letext0:
  66              		.file 2 "c:\\program files (x86)\\cypress\\psoc creator\\4.4\\psoc creator\\import\\gnu\\arm\\5.4.
  67              		.file 3 "c:\\program files (x86)\\cypress\\psoc creator\\4.4\\psoc creator\\import\\gnu\\arm\\5.4.
  68              		.file 4 "Generated_Source\\PSoC5/UART.h"
  69              		.file 5 "Generated_Source\\PSoC5/core_cm3.h"
  70              		.section	.debug_info,"",%progbits
  71              	.Ldebug_info0:
ARM GAS  C:\Users\ALEXAN~1\AppData\Local\Temp\ccMRqXyy.s 			page 3


  72 0000 FE000000 		.4byte	0xfe
  73 0004 0400     		.2byte	0x4
  74 0006 00000000 		.4byte	.Ldebug_abbrev0
  75 000a 04       		.byte	0x4
  76 000b 01       		.uleb128 0x1
  77 000c 3A000000 		.4byte	.LASF18
  78 0010 0C       		.byte	0xc
  79 0011 2E000000 		.4byte	.LASF19
  80 0015 F1000000 		.4byte	.LASF20
  81 0019 00000000 		.4byte	.Ldebug_ranges0+0
  82 001d 00000000 		.4byte	0
  83 0021 00000000 		.4byte	.Ldebug_line0
  84 0025 02       		.uleb128 0x2
  85 0026 01       		.byte	0x1
  86 0027 06       		.byte	0x6
  87 0028 D0010000 		.4byte	.LASF0
  88 002c 02       		.uleb128 0x2
  89 002d 01       		.byte	0x1
  90 002e 08       		.byte	0x8
  91 002f 91010000 		.4byte	.LASF1
  92 0033 02       		.uleb128 0x2
  93 0034 02       		.byte	0x2
  94 0035 05       		.byte	0x5
  95 0036 F8010000 		.4byte	.LASF2
  96 003a 02       		.uleb128 0x2
  97 003b 02       		.byte	0x2
  98 003c 07       		.byte	0x7
  99 003d 0E000000 		.4byte	.LASF3
 100 0041 03       		.uleb128 0x3
 101 0042 E8010000 		.4byte	.LASF9
 102 0046 02       		.byte	0x2
 103 0047 3F       		.byte	0x3f
 104 0048 4C000000 		.4byte	0x4c
 105 004c 02       		.uleb128 0x2
 106 004d 04       		.byte	0x4
 107 004e 05       		.byte	0x5
 108 004f A4010000 		.4byte	.LASF4
 109 0053 02       		.uleb128 0x2
 110 0054 04       		.byte	0x4
 111 0055 07       		.byte	0x7
 112 0056 C8000000 		.4byte	.LASF5
 113 005a 02       		.uleb128 0x2
 114 005b 08       		.byte	0x8
 115 005c 05       		.byte	0x5
 116 005d 00000000 		.4byte	.LASF6
 117 0061 02       		.uleb128 0x2
 118 0062 08       		.byte	0x8
 119 0063 07       		.byte	0x7
 120 0064 DA000000 		.4byte	.LASF7
 121 0068 04       		.uleb128 0x4
 122 0069 04       		.byte	0x4
 123 006a 05       		.byte	0x5
 124 006b 696E7400 		.ascii	"int\000"
 125 006f 02       		.uleb128 0x2
 126 0070 04       		.byte	0x4
 127 0071 07       		.byte	0x7
 128 0072 21000000 		.4byte	.LASF8
ARM GAS  C:\Users\ALEXAN~1\AppData\Local\Temp\ccMRqXyy.s 			page 4


 129 0076 03       		.uleb128 0x3
 130 0077 02020000 		.4byte	.LASF10
 131 007b 03       		.byte	0x3
 132 007c 2C       		.byte	0x2c
 133 007d 41000000 		.4byte	0x41
 134 0081 02       		.uleb128 0x2
 135 0082 04       		.byte	0x4
 136 0083 04       		.byte	0x4
 137 0084 F2010000 		.4byte	.LASF11
 138 0088 02       		.uleb128 0x2
 139 0089 08       		.byte	0x8
 140 008a 04       		.byte	0x4
 141 008b AD010000 		.4byte	.LASF12
 142 008f 02       		.uleb128 0x2
 143 0090 01       		.byte	0x1
 144 0091 08       		.byte	0x8
 145 0092 9F010000 		.4byte	.LASF13
 146 0096 02       		.uleb128 0x2
 147 0097 08       		.byte	0x8
 148 0098 04       		.byte	0x4
 149 0099 DC010000 		.4byte	.LASF14
 150 009d 02       		.uleb128 0x2
 151 009e 04       		.byte	0x4
 152 009f 07       		.byte	0x7
 153 00a0 0A020000 		.4byte	.LASF15
 154 00a4 05       		.uleb128 0x5
 155 00a5 35000000 		.4byte	.LASF21
 156 00a9 01       		.byte	0x1
 157 00aa 20       		.byte	0x20
 158 00ab 68000000 		.4byte	0x68
 159 00af 00000000 		.4byte	.LFB63
 160 00b3 14000000 		.4byte	.LFE63-.LFB63
 161 00b7 01       		.uleb128 0x1
 162 00b8 9C       		.byte	0x9c
 163 00b9 DA000000 		.4byte	0xda
 164 00bd 06       		.uleb128 0x6
 165 00be 08000000 		.4byte	.LVL0
 166 00c2 EB000000 		.4byte	0xeb
 167 00c6 07       		.uleb128 0x7
 168 00c7 0E000000 		.4byte	.LVL1
 169 00cb F6000000 		.4byte	0xf6
 170 00cf 08       		.uleb128 0x8
 171 00d0 01       		.uleb128 0x1
 172 00d1 50       		.byte	0x50
 173 00d2 05       		.uleb128 0x5
 174 00d3 03       		.byte	0x3
 175 00d4 00000000 		.4byte	.LC0
 176 00d8 00       		.byte	0
 177 00d9 00       		.byte	0
 178 00da 09       		.uleb128 0x9
 179 00db C3010000 		.4byte	.LASF22
 180 00df 05       		.byte	0x5
 181 00e0 1207     		.2byte	0x712
 182 00e2 E6000000 		.4byte	0xe6
 183 00e6 0A       		.uleb128 0xa
 184 00e7 76000000 		.4byte	0x76
 185 00eb 0B       		.uleb128 0xb
ARM GAS  C:\Users\ALEXAN~1\AppData\Local\Temp\ccMRqXyy.s 			page 5


 186 00ec 86010000 		.4byte	.LASF16
 187 00f0 86010000 		.4byte	.LASF16
 188 00f4 04       		.byte	0x4
 189 00f5 54       		.byte	0x54
 190 00f6 0B       		.uleb128 0xb
 191 00f7 B4010000 		.4byte	.LASF17
 192 00fb B4010000 		.4byte	.LASF17
 193 00ff 04       		.byte	0x4
 194 0100 8B       		.byte	0x8b
 195 0101 00       		.byte	0
 196              		.section	.debug_abbrev,"",%progbits
 197              	.Ldebug_abbrev0:
 198 0000 01       		.uleb128 0x1
 199 0001 11       		.uleb128 0x11
 200 0002 01       		.byte	0x1
 201 0003 25       		.uleb128 0x25
 202 0004 0E       		.uleb128 0xe
 203 0005 13       		.uleb128 0x13
 204 0006 0B       		.uleb128 0xb
 205 0007 03       		.uleb128 0x3
 206 0008 0E       		.uleb128 0xe
 207 0009 1B       		.uleb128 0x1b
 208 000a 0E       		.uleb128 0xe
 209 000b 55       		.uleb128 0x55
 210 000c 17       		.uleb128 0x17
 211 000d 11       		.uleb128 0x11
 212 000e 01       		.uleb128 0x1
 213 000f 10       		.uleb128 0x10
 214 0010 17       		.uleb128 0x17
 215 0011 00       		.byte	0
 216 0012 00       		.byte	0
 217 0013 02       		.uleb128 0x2
 218 0014 24       		.uleb128 0x24
 219 0015 00       		.byte	0
 220 0016 0B       		.uleb128 0xb
 221 0017 0B       		.uleb128 0xb
 222 0018 3E       		.uleb128 0x3e
 223 0019 0B       		.uleb128 0xb
 224 001a 03       		.uleb128 0x3
 225 001b 0E       		.uleb128 0xe
 226 001c 00       		.byte	0
 227 001d 00       		.byte	0
 228 001e 03       		.uleb128 0x3
 229 001f 16       		.uleb128 0x16
 230 0020 00       		.byte	0
 231 0021 03       		.uleb128 0x3
 232 0022 0E       		.uleb128 0xe
 233 0023 3A       		.uleb128 0x3a
 234 0024 0B       		.uleb128 0xb
 235 0025 3B       		.uleb128 0x3b
 236 0026 0B       		.uleb128 0xb
 237 0027 49       		.uleb128 0x49
 238 0028 13       		.uleb128 0x13
 239 0029 00       		.byte	0
 240 002a 00       		.byte	0
 241 002b 04       		.uleb128 0x4
 242 002c 24       		.uleb128 0x24
ARM GAS  C:\Users\ALEXAN~1\AppData\Local\Temp\ccMRqXyy.s 			page 6


 243 002d 00       		.byte	0
 244 002e 0B       		.uleb128 0xb
 245 002f 0B       		.uleb128 0xb
 246 0030 3E       		.uleb128 0x3e
 247 0031 0B       		.uleb128 0xb
 248 0032 03       		.uleb128 0x3
 249 0033 08       		.uleb128 0x8
 250 0034 00       		.byte	0
 251 0035 00       		.byte	0
 252 0036 05       		.uleb128 0x5
 253 0037 2E       		.uleb128 0x2e
 254 0038 01       		.byte	0x1
 255 0039 3F       		.uleb128 0x3f
 256 003a 19       		.uleb128 0x19
 257 003b 03       		.uleb128 0x3
 258 003c 0E       		.uleb128 0xe
 259 003d 3A       		.uleb128 0x3a
 260 003e 0B       		.uleb128 0xb
 261 003f 3B       		.uleb128 0x3b
 262 0040 0B       		.uleb128 0xb
 263 0041 27       		.uleb128 0x27
 264 0042 19       		.uleb128 0x19
 265 0043 49       		.uleb128 0x49
 266 0044 13       		.uleb128 0x13
 267 0045 8701     		.uleb128 0x87
 268 0047 19       		.uleb128 0x19
 269 0048 11       		.uleb128 0x11
 270 0049 01       		.uleb128 0x1
 271 004a 12       		.uleb128 0x12
 272 004b 06       		.uleb128 0x6
 273 004c 40       		.uleb128 0x40
 274 004d 18       		.uleb128 0x18
 275 004e 9742     		.uleb128 0x2117
 276 0050 19       		.uleb128 0x19
 277 0051 01       		.uleb128 0x1
 278 0052 13       		.uleb128 0x13
 279 0053 00       		.byte	0
 280 0054 00       		.byte	0
 281 0055 06       		.uleb128 0x6
 282 0056 898201   		.uleb128 0x4109
 283 0059 00       		.byte	0
 284 005a 11       		.uleb128 0x11
 285 005b 01       		.uleb128 0x1
 286 005c 31       		.uleb128 0x31
 287 005d 13       		.uleb128 0x13
 288 005e 00       		.byte	0
 289 005f 00       		.byte	0
 290 0060 07       		.uleb128 0x7
 291 0061 898201   		.uleb128 0x4109
 292 0064 01       		.byte	0x1
 293 0065 11       		.uleb128 0x11
 294 0066 01       		.uleb128 0x1
 295 0067 31       		.uleb128 0x31
 296 0068 13       		.uleb128 0x13
 297 0069 00       		.byte	0
 298 006a 00       		.byte	0
 299 006b 08       		.uleb128 0x8
ARM GAS  C:\Users\ALEXAN~1\AppData\Local\Temp\ccMRqXyy.s 			page 7


 300 006c 8A8201   		.uleb128 0x410a
 301 006f 00       		.byte	0
 302 0070 02       		.uleb128 0x2
 303 0071 18       		.uleb128 0x18
 304 0072 9142     		.uleb128 0x2111
 305 0074 18       		.uleb128 0x18
 306 0075 00       		.byte	0
 307 0076 00       		.byte	0
 308 0077 09       		.uleb128 0x9
 309 0078 34       		.uleb128 0x34
 310 0079 00       		.byte	0
 311 007a 03       		.uleb128 0x3
 312 007b 0E       		.uleb128 0xe
 313 007c 3A       		.uleb128 0x3a
 314 007d 0B       		.uleb128 0xb
 315 007e 3B       		.uleb128 0x3b
 316 007f 05       		.uleb128 0x5
 317 0080 49       		.uleb128 0x49
 318 0081 13       		.uleb128 0x13
 319 0082 3F       		.uleb128 0x3f
 320 0083 19       		.uleb128 0x19
 321 0084 3C       		.uleb128 0x3c
 322 0085 19       		.uleb128 0x19
 323 0086 00       		.byte	0
 324 0087 00       		.byte	0
 325 0088 0A       		.uleb128 0xa
 326 0089 35       		.uleb128 0x35
 327 008a 00       		.byte	0
 328 008b 49       		.uleb128 0x49
 329 008c 13       		.uleb128 0x13
 330 008d 00       		.byte	0
 331 008e 00       		.byte	0
 332 008f 0B       		.uleb128 0xb
 333 0090 2E       		.uleb128 0x2e
 334 0091 00       		.byte	0
 335 0092 3F       		.uleb128 0x3f
 336 0093 19       		.uleb128 0x19
 337 0094 3C       		.uleb128 0x3c
 338 0095 19       		.uleb128 0x19
 339 0096 6E       		.uleb128 0x6e
 340 0097 0E       		.uleb128 0xe
 341 0098 03       		.uleb128 0x3
 342 0099 0E       		.uleb128 0xe
 343 009a 3A       		.uleb128 0x3a
 344 009b 0B       		.uleb128 0xb
 345 009c 3B       		.uleb128 0x3b
 346 009d 0B       		.uleb128 0xb
 347 009e 00       		.byte	0
 348 009f 00       		.byte	0
 349 00a0 00       		.byte	0
 350              		.section	.debug_aranges,"",%progbits
 351 0000 1C000000 		.4byte	0x1c
 352 0004 0200     		.2byte	0x2
 353 0006 00000000 		.4byte	.Ldebug_info0
 354 000a 04       		.byte	0x4
 355 000b 00       		.byte	0
 356 000c 0000     		.2byte	0
ARM GAS  C:\Users\ALEXAN~1\AppData\Local\Temp\ccMRqXyy.s 			page 8


 357 000e 0000     		.2byte	0
 358 0010 00000000 		.4byte	.LFB63
 359 0014 14000000 		.4byte	.LFE63-.LFB63
 360 0018 00000000 		.4byte	0
 361 001c 00000000 		.4byte	0
 362              		.section	.debug_ranges,"",%progbits
 363              	.Ldebug_ranges0:
 364 0000 00000000 		.4byte	.LFB63
 365 0004 14000000 		.4byte	.LFE63
 366 0008 00000000 		.4byte	0
 367 000c 00000000 		.4byte	0
 368              		.section	.debug_line,"",%progbits
 369              	.Ldebug_line0:
 370 0000 65010000 		.section	.debug_str,"MS",%progbits,1
 370      02004901 
 370      00000201 
 370      FB0E0D00 
 370      01010101 
 371              	.LASF6:
 372 0000 6C6F6E67 		.ascii	"long long int\000"
 372      206C6F6E 
 372      6720696E 
 372      7400
 373              	.LASF3:
 374 000e 73686F72 		.ascii	"short unsigned int\000"
 374      7420756E 
 374      7369676E 
 374      65642069 
 374      6E7400
 375              	.LASF8:
 376 0021 756E7369 		.ascii	"unsigned int\000"
 376      676E6564 
 376      20696E74 
 376      00
 377              	.LASF19:
 378 002e 6D61696E 		.ascii	"main.c\000"
 378      2E6300
 379              	.LASF21:
 380 0035 6D61696E 		.ascii	"main\000"
 380      00
 381              	.LASF18:
 382 003a 474E5520 		.ascii	"GNU C11 5.4.1 20160609 (release) [ARM/embedded-5-br"
 382      43313120 
 382      352E342E 
 382      31203230 
 382      31363036 
 383 006d 616E6368 		.ascii	"anch revision 237715] -mcpu=cortex-m3 -mthumb -g -O"
 383      20726576 
 383      6973696F 
 383      6E203233 
 383      37373135 
 384 00a0 67202D66 		.ascii	"g -ffunction-sections -ffat-lto-objects\000"
 384      66756E63 
 384      74696F6E 
 384      2D736563 
 384      74696F6E 
 385              	.LASF5:
ARM GAS  C:\Users\ALEXAN~1\AppData\Local\Temp\ccMRqXyy.s 			page 9


 386 00c8 6C6F6E67 		.ascii	"long unsigned int\000"
 386      20756E73 
 386      69676E65 
 386      6420696E 
 386      7400
 387              	.LASF7:
 388 00da 6C6F6E67 		.ascii	"long long unsigned int\000"
 388      206C6F6E 
 388      6720756E 
 388      7369676E 
 388      65642069 
 389              	.LASF20:
 390 00f1 433A5C55 		.ascii	"C:\\Users\\Alexander Calderon\\OneDrive - Universid"
 390      73657273 
 390      5C416C65 
 390      78616E64 
 390      65722043 
 391 0121 61642064 		.ascii	"ad de Pamplona\\Documentos\\UNIPAMPLONA\\2024 - 1\\"
 391      65205061 
 391      6D706C6F 
 391      6E615C44 
 391      6F63756D 
 392 0150 456D6265 		.ascii	"Embebidos I\\III Corte\\Serial_Texto\\Serial_Texto."
 392      6269646F 
 392      7320495C 
 392      49494920 
 392      436F7274 
 393 0180 63796473 		.ascii	"cydsn\000"
 393      6E00
 394              	.LASF16:
 395 0186 55415254 		.ascii	"UART_Start\000"
 395      5F537461 
 395      727400
 396              	.LASF1:
 397 0191 756E7369 		.ascii	"unsigned char\000"
 397      676E6564 
 397      20636861 
 397      7200
 398              	.LASF13:
 399 019f 63686172 		.ascii	"char\000"
 399      00
 400              	.LASF4:
 401 01a4 6C6F6E67 		.ascii	"long int\000"
 401      20696E74 
 401      00
 402              	.LASF12:
 403 01ad 646F7562 		.ascii	"double\000"
 403      6C6500
 404              	.LASF17:
 405 01b4 55415254 		.ascii	"UART_PutString\000"
 405      5F507574 
 405      53747269 
 405      6E6700
 406              	.LASF22:
 407 01c3 49544D5F 		.ascii	"ITM_RxBuffer\000"
 407      52784275 
 407      66666572 
ARM GAS  C:\Users\ALEXAN~1\AppData\Local\Temp\ccMRqXyy.s 			page 10


 407      00
 408              	.LASF0:
 409 01d0 7369676E 		.ascii	"signed char\000"
 409      65642063 
 409      68617200 
 410              	.LASF14:
 411 01dc 6C6F6E67 		.ascii	"long double\000"
 411      20646F75 
 411      626C6500 
 412              	.LASF9:
 413 01e8 5F5F696E 		.ascii	"__int32_t\000"
 413      7433325F 
 413      7400
 414              	.LASF11:
 415 01f2 666C6F61 		.ascii	"float\000"
 415      7400
 416              	.LASF2:
 417 01f8 73686F72 		.ascii	"short int\000"
 417      7420696E 
 417      7400
 418              	.LASF10:
 419 0202 696E7433 		.ascii	"int32_t\000"
 419      325F7400 
 420              	.LASF15:
 421 020a 73697A65 		.ascii	"sizetype\000"
 421      74797065 
 421      00
 422              		.ident	"GCC: (GNU Tools for ARM Embedded Processors) 5.4.1 20160609 (release) [ARM/embedded-5-bran
