--------------- Build Started: 07/19/2024 10:04:58 Project: Serial_PWM_2048, Configuration: ARM GCC 5.4-2016-q2-update Debug ---------------
cydsfit.exe -.appdatapath "C:\Users\Alexander Calderon\AppData\Local\Cypress Semiconductor\PSoC Creator\4.4" -.fdsnotice -.fdswarpdepfile=warp_dependencies.txt -.fdselabdepfile=elab_dependencies.txt -.fdsbldfile=generated_files.txt -.fdsreffile=referenced_files.txt -p "C:\Users\Alexander Calderon\OneDrive - Universidad de Pamplona\Documentos\UNIPAMPLONA\2024 - 1\Embebidos I\III Corte\Serial_PWM_Encoder\Serial_PWM_2048.cydsn\Serial_PWM_2048.cyprj" -d CY8C5888LTI-LP097 -s "C:\Users\Alexander Calderon\OneDrive - Universidad de Pamplona\Documentos\UNIPAMPLONA\2024 - 1\Embebidos I\III Corte\Serial_PWM_Encoder\Serial_PWM_2048.cydsn\Generated_Source\PSoC5" -- -yv2 -q10 -ygs -o2 -v3 -.fftcfgtype=LE
Elaborating Design...
HDL Generation...
Synthesis...
Tech Mapping...
Analog Placement...
Analog Routing...
Analog Code Generation...
Digital Placement...
Digital Routing...
Bitstream Generation...
Bitstream Verification...
Static timing analysis...
API Generation...
Dependency Generation...
Cleanup...
arm-none-eabi-gcc.exe -mcpu=cortex-m3 -mthumb -I. -IGenerated_Source\PSoC5 -Wa,-alh=.\CortexM3\ARM_GCC_541\Debug/main.lst -g -D DEBUG -D CY_CORE_ID=0 -Wall -ffunction-sections -ffat-lto-objects -Og -c main.c -o .\CortexM3\ARM_GCC_541\Debug\main.o
arm-none-eabi-ar.exe -rs .\CortexM3\ARM_GCC_541\Debug\Serial_PWM_2048.a .\CortexM3\ARM_GCC_541\Debug\CyDmac.o .\CortexM3\ARM_GCC_541\Debug\CyFlash.o .\CortexM3\ARM_GCC_541\Debug\CyLib.o .\CortexM3\ARM_GCC_541\Debug\cyPm.o .\CortexM3\ARM_GCC_541\Debug\CySpc.o .\CortexM3\ARM_GCC_541\Debug\cyutils.o .\CortexM3\ARM_GCC_541\Debug\cy_em_eeprom.o .\CortexM3\ARM_GCC_541\Debug\Button.o .\CortexM3\ARM_GCC_541\Debug\LED.o .\CortexM3\ARM_GCC_541\Debug\RPWM.o .\CortexM3\ARM_GCC_541\Debug\RPWM_PM.o .\CortexM3\ARM_GCC_541\Debug\Clock_1.o .\CortexM3\ARM_GCC_541\Debug\R_PWM.o .\CortexM3\ARM_GCC_541\Debug\L_PWM.o .\CortexM3\ARM_GCC_541\Debug\LPWM.o .\CortexM3\ARM_GCC_541\Debug\LPWM_PM.o .\CortexM3\ARM_GCC_541\Debug\EN_L.o .\CortexM3\ARM_GCC_541\Debug\EN_R.o .\CortexM3\ARM_GCC_541\Debug\UART.o .\CortexM3\ARM_GCC_541\Debug\UART_PM.o .\CortexM3\ARM_GCC_541\Debug\UART_INT.o .\CortexM3\ARM_GCC_541\Debug\UART_BOOT.o .\CortexM3\ARM_GCC_541\Debug\SDA.o .\CortexM3\ARM_GCC_541\Debug\SCL.o .\CortexM3\ARM_GCC_541\Debug\I2C.o .\CortexM3\ARM_GCC_541\Debug\I2C_BOOT.o .\CortexM3\ARM_GCC_541\Debug\I2C_INT.o .\CortexM3\ARM_GCC_541\Debug\I2C_PM.o .\CortexM3\ARM_GCC_541\Debug\I2C_SLAVE.o .\CortexM3\ARM_GCC_541\Debug\I2C_MASTER.o .\CortexM3\ARM_GCC_541\Debug\UART_IntClock.o .\CortexM3\ARM_GCC_541\Debug\Timer1.o .\CortexM3\ARM_GCC_541\Debug\Timer1_PM.o .\CortexM3\ARM_GCC_541\Debug\isr.o .\CortexM3\ARM_GCC_541\Debug\CyBootAsmGnu.o
arm-none-eabi-ar.exe: creating .\CortexM3\ARM_GCC_541\Debug\Serial_PWM_2048.a
arm-none-eabi-gcc.exe -Wl,--start-group -o "C:\Users\Alexander Calderon\OneDrive - Universidad de Pamplona\Documentos\UNIPAMPLONA\2024 - 1\Embebidos I\III Corte\Serial_PWM_Encoder\Serial_PWM_2048.cydsn\CortexM3\ARM_GCC_541\Debug\Serial_PWM_2048.elf" .\CortexM3\ARM_GCC_541\Debug\ssd1306.o .\CortexM3\ARM_GCC_541\Debug\main.o .\CortexM3\ARM_GCC_541\Debug\cyfitter_cfg.o .\CortexM3\ARM_GCC_541\Debug\cymetadata.o .\CortexM3\ARM_GCC_541\Debug\Cm3Start.o .\CortexM3\ARM_GCC_541\Debug\Serial_PWM_2048.a "C:\Program Files (x86)\Cypress\PSoC Creator\4.4\PSoC Creator\psoc\content\cycomponentlibrary\CyComponentLibrary.cylib\CortexM3\ARM_GCC_541\Debug\CyComponentLibrary.a" -mcpu=cortex-m3 -mthumb -l m -L Generated_Source\PSoC5 -Wl,-Map,.\CortexM3\ARM_GCC_541\Debug/Serial_PWM_2048.map -T Generated_Source\PSoC5\cm3gcc.ld -specs=nano.specs -u _printf_float -Wl,--gc-sections -g -ffunction-sections -Og -ffat-lto-objects -Wl,--end-group
cyelftool.exe -C "C:\Users\Alexander Calderon\OneDrive - Universidad de Pamplona\Documentos\UNIPAMPLONA\2024 - 1\Embebidos I\III Corte\Serial_PWM_Encoder\Serial_PWM_2048.cydsn\CortexM3\ARM_GCC_541\Debug\Serial_PWM_2048.elf" --flash_row_size 256 --flash_size 262144 --flash_offset 0x00000000
No ELF section .cychecksum found, creating one
Application checksum calculated and stored in ELF section .cychecksum
Checksum calculated and stored in ELF section .cymeta
cyelftool.exe -S "C:\Users\Alexander Calderon\OneDrive - Universidad de Pamplona\Documentos\UNIPAMPLONA\2024 - 1\Embebidos I\III Corte\Serial_PWM_Encoder\Serial_PWM_2048.cydsn\CortexM3\ARM_GCC_541\Debug\Serial_PWM_2048.elf"
Flash used: 21736 of 262144 bytes (8,3 %).
SRAM used: 4665 of 65536 bytes (7,1 %). Stack: 2048 bytes. Heap: 512 bytes.
--------------- Build Succeeded: 07/19/2024 10:05:20 ---------------
