ARM GAS  C:\Users\ALEXAN~1\AppData\Local\Temp\ccz2l5dn.s 			page 1


   1              		.syntax unified
   2              		.cpu cortex-m3
   3              		.fpu softvfp
   4              		.eabi_attribute 20, 1
   5              		.eabi_attribute 21, 1
   6              		.eabi_attribute 23, 3
   7              		.eabi_attribute 24, 1
   8              		.eabi_attribute 25, 1
   9              		.eabi_attribute 26, 1
  10              		.eabi_attribute 30, 1
  11              		.eabi_attribute 34, 1
  12              		.eabi_attribute 18, 4
  13              		.thumb
  14              		.syntax unified
  15              		.file	"cymetadata.c"
  16              		.text
  17              	.Ltext0:
  18              		.cfi_sections	.debug_frame
  19              		.global	cy_metadata
  20              		.global	cy_meta_flashprotect
  21              		.global	cy_meta_wonvl
  22              		.global	cy_meta_custnvl
  23              		.global	cy_meta_configecc
  24              		.section	.cyconfigecc,"a",%progbits
  25              		.align	2
  26              		.type	cy_meta_configecc, %object
  27              		.size	cy_meta_configecc, 996
  28              	cy_meta_configecc:
  29 0000 02       		.byte	2
  30 0001 52       		.byte	82
  31 0002 00       		.byte	0
  32 0003 40       		.byte	64
  33 0004 01       		.byte	1
  34 0005 64       		.byte	100
  35 0006 00       		.byte	0
  36 0007 40       		.byte	64
  37 0008 02       		.byte	2
  38 0009 65       		.byte	101
  39 000a 00       		.byte	0
  40 000b 40       		.byte	64
  41 000c 01       		.byte	1
  42 000d 07       		.byte	7
  43 000e 01       		.byte	1
  44 000f 40       		.byte	64
  45 0010 53       		.byte	83
  46 0011 08       		.byte	8
  47 0012 01       		.byte	1
  48 0013 40       		.byte	64
  49 0014 33       		.byte	51
  50 0015 09       		.byte	9
  51 0016 01       		.byte	1
  52 0017 40       		.byte	64
  53 0018 5D       		.byte	93
  54 0019 18       		.byte	24
  55 001a 01       		.byte	1
  56 001b 40       		.byte	64
  57 001c 42       		.byte	66
ARM GAS  C:\Users\ALEXAN~1\AppData\Local\Temp\ccz2l5dn.s 			page 2


  58 001d 19       		.byte	25
  59 001e 01       		.byte	1
  60 001f 40       		.byte	64
  61 0020 3C       		.byte	60
  62 0021 1A       		.byte	26
  63 0022 01       		.byte	1
  64 0023 40       		.byte	64
  65 0024 45       		.byte	69
  66 0025 1B       		.byte	27
  67 0026 01       		.byte	1
  68 0027 40       		.byte	64
  69 0028 02       		.byte	2
  70 0029 40       		.byte	64
  71 002a 01       		.byte	1
  72 002b 40       		.byte	64
  73 002c 01       		.byte	1
  74 002d 41       		.byte	65
  75 002e 01       		.byte	1
  76 002f 40       		.byte	64
  77 0030 01       		.byte	1
  78 0031 42       		.byte	66
  79 0032 01       		.byte	1
  80 0033 40       		.byte	64
  81 0034 03       		.byte	3
  82 0035 43       		.byte	67
  83 0036 01       		.byte	1
  84 0037 40       		.byte	64
  85 0038 02       		.byte	2
  86 0039 47       		.byte	71
  87 003a 01       		.byte	1
  88 003b 40       		.byte	64
  89 003c 01       		.byte	1
  90 003d 4C       		.byte	76
  91 003e 01       		.byte	1
  92 003f 40       		.byte	64
  93 0040 07       		.byte	7
  94 0041 4D       		.byte	77
  95 0042 01       		.byte	1
  96 0043 40       		.byte	64
  97 0044 04       		.byte	4
  98 0045 50       		.byte	80
  99 0046 01       		.byte	1
 100 0047 40       		.byte	64
 101 0048 01       		.byte	1
 102 0049 51       		.byte	81
 103 004a 01       		.byte	1
 104 004b 40       		.byte	64
 105 004c 61       		.byte	97
 106 004d 80       		.byte	-128
 107 004e 64       		.byte	100
 108 004f 40       		.byte	64
 109 0050 89       		.byte	-119
 110 0051 38       		.byte	56
 111 0052 88       		.byte	-120
 112 0053 72       		.byte	114
 113 0054 8A       		.byte	-118
 114 0055 0F       		.byte	15
ARM GAS  C:\Users\ALEXAN~1\AppData\Local\Temp\ccz2l5dn.s 			page 3


 115 0056 E6       		.byte	-26
 116 0057 02       		.byte	2
 117 0058 04       		.byte	4
 118 0059 01       		.byte	1
 119 005a 06       		.byte	6
 120 005b 02       		.byte	2
 121 005c 07       		.byte	7
 122 005d 04       		.byte	4
 123 005e 0B       		.byte	11
 124 005f 06       		.byte	6
 125 0060 0F       		.byte	15
 126 0061 0A       		.byte	10
 127 0062 10       		.byte	16
 128 0063 02       		.byte	2
 129 0064 12       		.byte	18
 130 0065 05       		.byte	5
 131 0066 14       		.byte	20
 132 0067 07       		.byte	7
 133 0068 19       		.byte	25
 134 0069 0C       		.byte	12
 135 006a 1B       		.byte	27
 136 006b 02       		.byte	2
 137 006c 1F       		.byte	31
 138 006d 02       		.byte	2
 139 006e 20       		.byte	32
 140 006f 04       		.byte	4
 141 0070 22       		.byte	34
 142 0071 02       		.byte	2
 143 0072 23       		.byte	35
 144 0073 0C       		.byte	12
 145 0074 24       		.byte	36
 146 0075 07       		.byte	7
 147 0076 27       		.byte	39
 148 0077 01       		.byte	1
 149 0078 2B       		.byte	43
 150 0079 01       		.byte	1
 151 007a 30       		.byte	48
 152 007b 07       		.byte	7
 153 007c 35       		.byte	53
 154 007d 0E       		.byte	14
 155 007e 37       		.byte	55
 156 007f 01       		.byte	1
 157 0080 3B       		.byte	59
 158 0081 20       		.byte	32
 159 0082 3F       		.byte	63
 160 0083 40       		.byte	64
 161 0084 58       		.byte	88
 162 0085 04       		.byte	4
 163 0086 59       		.byte	89
 164 0087 04       		.byte	4
 165 0088 5F       		.byte	95
 166 0089 01       		.byte	1
 167 008a 80       		.byte	-128
 168 008b 09       		.byte	9
 169 008c 81       		.byte	-127
 170 008d 20       		.byte	32
 171 008e 82       		.byte	-126
ARM GAS  C:\Users\ALEXAN~1\AppData\Local\Temp\ccz2l5dn.s 			page 4


 172 008f 10       		.byte	16
 173 0090 83       		.byte	-125
 174 0091 10       		.byte	16
 175 0092 85       		.byte	-123
 176 0093 30       		.byte	48
 177 0094 89       		.byte	-119
 178 0095 40       		.byte	64
 179 0096 8A       		.byte	-118
 180 0097 03       		.byte	3
 181 0098 8C       		.byte	-116
 182 0099 70       		.byte	112
 183 009a 8D       		.byte	-115
 184 009b 0C       		.byte	12
 185 009c 8E       		.byte	-114
 186 009d 0C       		.byte	12
 187 009e 8F       		.byte	-113
 188 009f 03       		.byte	3
 189 00a0 94       		.byte	-108
 190 00a1 5C       		.byte	92
 191 00a2 95       		.byte	-107
 192 00a3 30       		.byte	48
 193 00a4 96       		.byte	-106
 194 00a5 02       		.byte	2
 195 00a6 98       		.byte	-104
 196 00a7 10       		.byte	16
 197 00a8 9B       		.byte	-101
 198 00a9 08       		.byte	8
 199 00aa 9F       		.byte	-97
 200 00ab 03       		.byte	3
 201 00ac A2       		.byte	-94
 202 00ad 20       		.byte	32
 203 00ae A3       		.byte	-93
 204 00af 0C       		.byte	12
 205 00b0 A4       		.byte	-92
 206 00b1 14       		.byte	20
 207 00b2 A5       		.byte	-91
 208 00b3 10       		.byte	16
 209 00b4 A7       		.byte	-89
 210 00b5 20       		.byte	32
 211 00b6 A8       		.byte	-88
 212 00b7 6C       		.byte	108
 213 00b8 A9       		.byte	-87
 214 00b9 01       		.byte	1
 215 00ba AA       		.byte	-86
 216 00bb 11       		.byte	17
 217 00bc AB       		.byte	-85
 218 00bd 0E       		.byte	14
 219 00be AD       		.byte	-83
 220 00bf 01       		.byte	1
 221 00c0 AF       		.byte	-81
 222 00c1 06       		.byte	6
 223 00c2 B1       		.byte	-79
 224 00c3 30       		.byte	48
 225 00c4 B2       		.byte	-78
 226 00c5 1F       		.byte	31
 227 00c6 B3       		.byte	-77
 228 00c7 0F       		.byte	15
ARM GAS  C:\Users\ALEXAN~1\AppData\Local\Temp\ccz2l5dn.s 			page 5


 229 00c8 B5       		.byte	-75
 230 00c9 40       		.byte	64
 231 00ca B6       		.byte	-74
 232 00cb 60       		.byte	96
 233 00cc B8       		.byte	-72
 234 00cd 80       		.byte	-128
 235 00ce BB       		.byte	-69
 236 00cf 08       		.byte	8
 237 00d0 BE       		.byte	-66
 238 00d1 40       		.byte	64
 239 00d2 BF       		.byte	-65
 240 00d3 10       		.byte	16
 241 00d4 C0       		.byte	-64
 242 00d5 01       		.byte	1
 243 00d6 C5       		.byte	-59
 244 00d7 04       		.byte	4
 245 00d8 C9       		.byte	-55
 246 00d9 FF       		.byte	-1
 247 00da CA       		.byte	-54
 248 00db 07       		.byte	7
 249 00dc CB       		.byte	-53
 250 00dd FF       		.byte	-1
 251 00de CC       		.byte	-52
 252 00df 40       		.byte	64
 253 00e0 CD       		.byte	-51
 254 00e1 20       		.byte	32
 255 00e2 CE       		.byte	-50
 256 00e3 F0       		.byte	-16
 257 00e4 CF       		.byte	-49
 258 00e5 05       		.byte	5
 259 00e6 D0       		.byte	-48
 260 00e7 08       		.byte	8
 261 00e8 D4       		.byte	-44
 262 00e9 18       		.byte	24
 263 00ea D6       		.byte	-42
 264 00eb 04       		.byte	4
 265 00ec D8       		.byte	-40
 266 00ed 04       		.byte	4
 267 00ee D9       		.byte	-39
 268 00ef 04       		.byte	4
 269 00f0 DA       		.byte	-38
 270 00f1 04       		.byte	4
 271 00f2 DB       		.byte	-37
 272 00f3 04       		.byte	4
 273 00f4 DF       		.byte	-33
 274 00f5 01       		.byte	1
 275 00f6 E0       		.byte	-32
 276 00f7 40       		.byte	64
 277 00f8 E1       		.byte	-31
 278 00f9 A8       		.byte	-88
 279 00fa E2       		.byte	-30
 280 00fb 40       		.byte	64
 281 00fc E3       		.byte	-29
 282 00fd 20       		.byte	32
 283 00fe 00       		.byte	0
 284 00ff 10       		.byte	16
 285 0100 03       		.byte	3
ARM GAS  C:\Users\ALEXAN~1\AppData\Local\Temp\ccz2l5dn.s 			page 6


 286 0101 82       		.byte	-126
 287 0102 05       		.byte	5
 288 0103 08       		.byte	8
 289 0104 09       		.byte	9
 290 0105 08       		.byte	8
 291 0106 0B       		.byte	11
 292 0107 04       		.byte	4
 293 0108 0C       		.byte	12
 294 0109 08       		.byte	8
 295 010a 0E       		.byte	14
 296 010b 40       		.byte	64
 297 010c 10       		.byte	16
 298 010d 84       		.byte	-124
 299 010e 11       		.byte	17
 300 010f 20       		.byte	32
 301 0110 12       		.byte	18
 302 0111 28       		.byte	40
 303 0112 15       		.byte	21
 304 0113 06       		.byte	6
 305 0114 18       		.byte	24
 306 0115 10       		.byte	16
 307 0116 1A       		.byte	26
 308 0117 01       		.byte	1
 309 0118 1E       		.byte	30
 310 0119 40       		.byte	64
 311 011a 21       		.byte	33
 312 011b 09       		.byte	9
 313 011c 23       		.byte	35
 314 011d 38       		.byte	56
 315 011e 25       		.byte	37
 316 011f 90       		.byte	-112
 317 0120 28       		.byte	40
 318 0121 04       		.byte	4
 319 0122 29       		.byte	41
 320 0123 08       		.byte	8
 321 0124 2A       		.byte	42
 322 0125 80       		.byte	-128
 323 0126 2B       		.byte	43
 324 0127 C2       		.byte	-62
 325 0128 2F       		.byte	47
 326 0129 A8       		.byte	-88
 327 012a 30       		.byte	48
 328 012b A8       		.byte	-88
 329 012c 36       		.byte	54
 330 012d 80       		.byte	-128
 331 012e 37       		.byte	55
 332 012f 20       		.byte	32
 333 0130 38       		.byte	56
 334 0131 10       		.byte	16
 335 0132 39       		.byte	57
 336 0133 86       		.byte	-122
 337 0134 3D       		.byte	61
 338 0135 20       		.byte	32
 339 0136 3E       		.byte	62
 340 0137 80       		.byte	-128
 341 0138 3F       		.byte	63
 342 0139 04       		.byte	4
ARM GAS  C:\Users\ALEXAN~1\AppData\Local\Temp\ccz2l5dn.s 			page 7


 343 013a 42       		.byte	66
 344 013b 01       		.byte	1
 345 013c 48       		.byte	72
 346 013d 20       		.byte	32
 347 013e 4B       		.byte	75
 348 013f 04       		.byte	4
 349 0140 50       		.byte	80
 350 0141 80       		.byte	-128
 351 0142 52       		.byte	82
 352 0143 80       		.byte	-128
 353 0144 53       		.byte	83
 354 0145 40       		.byte	64
 355 0146 5B       		.byte	91
 356 0147 01       		.byte	1
 357 0148 60       		.byte	96
 358 0149 04       		.byte	4
 359 014a 61       		.byte	97
 360 014b 80       		.byte	-128
 361 014c 63       		.byte	99
 362 014d 40       		.byte	64
 363 014e 87       		.byte	-121
 364 014f 40       		.byte	64
 365 0150 8B       		.byte	-117
 366 0151 08       		.byte	8
 367 0152 C0       		.byte	-64
 368 0153 2B       		.byte	43
 369 0154 C2       		.byte	-62
 370 0155 36       		.byte	54
 371 0156 C4       		.byte	-60
 372 0157 3E       		.byte	62
 373 0158 CA       		.byte	-54
 374 0159 EF       		.byte	-17
 375 015a CC       		.byte	-52
 376 015b 3E       		.byte	62
 377 015c CE       		.byte	-50
 378 015d 7F       		.byte	127
 379 015e D0       		.byte	-48
 380 015f 08       		.byte	8
 381 0160 D6       		.byte	-42
 382 0161 01       		.byte	1
 383 0162 D8       		.byte	-40
 384 0163 0D       		.byte	13
 385 0164 00       		.byte	0
 386 0165 0F       		.byte	15
 387 0166 04       		.byte	4
 388 0167 01       		.byte	1
 389 0168 06       		.byte	6
 390 0169 10       		.byte	16
 391 016a 08       		.byte	8
 392 016b 0F       		.byte	15
 393 016c 0D       		.byte	13
 394 016d 01       		.byte	1
 395 016e 10       		.byte	16
 396 016f 03       		.byte	3
 397 0170 12       		.byte	18
 398 0171 20       		.byte	32
 399 0172 14       		.byte	20
ARM GAS  C:\Users\ALEXAN~1\AppData\Local\Temp\ccz2l5dn.s 			page 8


 400 0173 0C       		.byte	12
 401 0174 15       		.byte	21
 402 0175 01       		.byte	1
 403 0176 16       		.byte	22
 404 0177 03       		.byte	3
 405 0178 18       		.byte	24
 406 0179 03       		.byte	3
 407 017a 19       		.byte	25
 408 017b 01       		.byte	1
 409 017c 1A       		.byte	26
 410 017d 0C       		.byte	12
 411 017e 1E       		.byte	30
 412 017f 03       		.byte	3
 413 0180 20       		.byte	32
 414 0181 02       		.byte	2
 415 0182 22       		.byte	34
 416 0183 10       		.byte	16
 417 0184 24       		.byte	36
 418 0185 04       		.byte	4
 419 0186 25       		.byte	37
 420 0187 01       		.byte	1
 421 0188 28       		.byte	40
 422 0189 0C       		.byte	12
 423 018a 2C       		.byte	44
 424 018b 08       		.byte	8
 425 018c 31       		.byte	49
 426 018d 01       		.byte	1
 427 018e 34       		.byte	52
 428 018f 0F       		.byte	15
 429 0190 36       		.byte	54
 430 0191 30       		.byte	48
 431 0192 3A       		.byte	58
 432 0193 20       		.byte	32
 433 0194 3E       		.byte	62
 434 0195 40       		.byte	64
 435 0196 3F       		.byte	63
 436 0197 01       		.byte	1
 437 0198 40       		.byte	64
 438 0199 24       		.byte	36
 439 019a 41       		.byte	65
 440 019b 05       		.byte	5
 441 019c 42       		.byte	66
 442 019d 06       		.byte	6
 443 019e 44       		.byte	68
 444 019f 01       		.byte	1
 445 01a0 45       		.byte	69
 446 01a1 0E       		.byte	14
 447 01a2 47       		.byte	71
 448 01a3 0C       		.byte	12
 449 01a4 48       		.byte	72
 450 01a5 11       		.byte	17
 451 01a6 49       		.byte	73
 452 01a7 FF       		.byte	-1
 453 01a8 4A       		.byte	74
 454 01a9 FF       		.byte	-1
 455 01aa 4B       		.byte	75
 456 01ab FF       		.byte	-1
ARM GAS  C:\Users\ALEXAN~1\AppData\Local\Temp\ccz2l5dn.s 			page 9


 457 01ac 4C       		.byte	76
 458 01ad 62       		.byte	98
 459 01ae 4D       		.byte	77
 460 01af A0       		.byte	-96
 461 01b0 4E       		.byte	78
 462 01b1 F0       		.byte	-16
 463 01b2 4F       		.byte	79
 464 01b3 41       		.byte	65
 465 01b4 50       		.byte	80
 466 01b5 0C       		.byte	12
 467 01b6 56       		.byte	86
 468 01b7 02       		.byte	2
 469 01b8 57       		.byte	87
 470 01b9 13       		.byte	19
 471 01ba 58       		.byte	88
 472 01bb 04       		.byte	4
 473 01bc 59       		.byte	89
 474 01bd 04       		.byte	4
 475 01be 5A       		.byte	90
 476 01bf 04       		.byte	4
 477 01c0 5B       		.byte	91
 478 01c1 04       		.byte	4
 479 01c2 5F       		.byte	95
 480 01c3 01       		.byte	1
 481 01c4 66       		.byte	102
 482 01c5 40       		.byte	64
 483 01c6 67       		.byte	103
 484 01c7 02       		.byte	2
 485 01c8 69       		.byte	105
 486 01c9 10       		.byte	16
 487 01ca 6A       		.byte	106
 488 01cb 30       		.byte	48
 489 01cc 6B       		.byte	107
 490 01cd 10       		.byte	16
 491 01ce 6D       		.byte	109
 492 01cf 10       		.byte	16
 493 01d0 6E       		.byte	110
 494 01d1 10       		.byte	16
 495 01d2 6F       		.byte	111
 496 01d3 12       		.byte	18
 497 01d4 80       		.byte	-128
 498 01d5 03       		.byte	3
 499 01d6 82       		.byte	-126
 500 01d7 04       		.byte	4
 501 01d8 8C       		.byte	-116
 502 01d9 13       		.byte	19
 503 01da 8E       		.byte	-114
 504 01db 0C       		.byte	12
 505 01dc 93       		.byte	-109
 506 01dd 01       		.byte	1
 507 01de 94       		.byte	-108
 508 01df 0A       		.byte	10
 509 01e0 96       		.byte	-106
 510 01e1 14       		.byte	20
 511 01e2 9E       		.byte	-98
 512 01e3 08       		.byte	8
 513 01e4 A0       		.byte	-96
ARM GAS  C:\Users\ALEXAN~1\AppData\Local\Temp\ccz2l5dn.s 			page 10


 514 01e5 20       		.byte	32
 515 01e6 A2       		.byte	-94
 516 01e7 05       		.byte	5
 517 01e8 A8       		.byte	-88
 518 01e9 13       		.byte	19
 519 01ea AA       		.byte	-86
 520 01eb 04       		.byte	4
 521 01ec AB       		.byte	-85
 522 01ed 01       		.byte	1
 523 01ee B0       		.byte	-80
 524 01ef 0F       		.byte	15
 525 01f0 B5       		.byte	-75
 526 01f1 01       		.byte	1
 527 01f2 B6       		.byte	-74
 528 01f3 30       		.byte	48
 529 01f4 B8       		.byte	-72
 530 01f5 80       		.byte	-128
 531 01f6 BA       		.byte	-70
 532 01f7 02       		.byte	2
 533 01f8 BF       		.byte	-65
 534 01f9 10       		.byte	16
 535 01fa C0       		.byte	-64
 536 01fb 45       		.byte	69
 537 01fc C1       		.byte	-63
 538 01fd 06       		.byte	6
 539 01fe C5       		.byte	-59
 540 01ff 0E       		.byte	14
 541 0200 C6       		.byte	-58
 542 0201 BC       		.byte	-68
 543 0202 C8       		.byte	-56
 544 0203 0D       		.byte	13
 545 0204 C9       		.byte	-55
 546 0205 FF       		.byte	-1
 547 0206 CA       		.byte	-54
 548 0207 FF       		.byte	-1
 549 0208 CB       		.byte	-53
 550 0209 FF       		.byte	-1
 551 020a CE       		.byte	-50
 552 020b F0       		.byte	-16
 553 020c CF       		.byte	-49
 554 020d 44       		.byte	68
 555 020e D0       		.byte	-48
 556 020f 0C       		.byte	12
 557 0210 D8       		.byte	-40
 558 0211 04       		.byte	4
 559 0212 D9       		.byte	-39
 560 0213 04       		.byte	4
 561 0214 DA       		.byte	-38
 562 0215 04       		.byte	4
 563 0216 DF       		.byte	-33
 564 0217 01       		.byte	1
 565 0218 E6       		.byte	-26
 566 0219 C0       		.byte	-64
 567 021a EA       		.byte	-22
 568 021b 40       		.byte	64
 569 021c EB       		.byte	-21
 570 021d 02       		.byte	2
ARM GAS  C:\Users\ALEXAN~1\AppData\Local\Temp\ccz2l5dn.s 			page 11


 571 021e 02       		.byte	2
 572 021f 40       		.byte	64
 573 0220 03       		.byte	3
 574 0221 02       		.byte	2
 575 0222 05       		.byte	5
 576 0223 08       		.byte	8
 577 0224 06       		.byte	6
 578 0225 80       		.byte	-128
 579 0226 07       		.byte	7
 580 0227 04       		.byte	4
 581 0228 0A       		.byte	10
 582 0229 01       		.byte	1
 583 022a 0B       		.byte	11
 584 022b 10       		.byte	16
 585 022c 0C       		.byte	12
 586 022d 40       		.byte	64
 587 022e 0D       		.byte	13
 588 022f 20       		.byte	32
 589 0230 0E       		.byte	14
 590 0231 60       		.byte	96
 591 0232 10       		.byte	16
 592 0233 84       		.byte	-124
 593 0234 14       		.byte	20
 594 0235 80       		.byte	-128
 595 0236 15       		.byte	21
 596 0237 02       		.byte	2
 597 0238 16       		.byte	22
 598 0239 01       		.byte	1
 599 023a 17       		.byte	23
 600 023b 28       		.byte	40
 601 023c 1A       		.byte	26
 602 023d 01       		.byte	1
 603 023e 1B       		.byte	27
 604 023f 42       		.byte	66
 605 0240 1D       		.byte	29
 606 0241 A0       		.byte	-96
 607 0242 1F       		.byte	31
 608 0243 10       		.byte	16
 609 0244 20       		.byte	32
 610 0245 04       		.byte	4
 611 0246 26       		.byte	38
 612 0247 01       		.byte	1
 613 0248 2B       		.byte	43
 614 0249 34       		.byte	52
 615 024a 2F       		.byte	47
 616 024b 10       		.byte	16
 617 024c 32       		.byte	50
 618 024d 01       		.byte	1
 619 024e 36       		.byte	54
 620 024f 10       		.byte	16
 621 0250 37       		.byte	55
 622 0251 14       		.byte	20
 623 0252 3E       		.byte	62
 624 0253 80       		.byte	-128
 625 0254 3F       		.byte	63
 626 0255 40       		.byte	64
 627 0256 43       		.byte	67
ARM GAS  C:\Users\ALEXAN~1\AppData\Local\Temp\ccz2l5dn.s 			page 12


 628 0257 02       		.byte	2
 629 0258 44       		.byte	68
 630 0259 40       		.byte	64
 631 025a 45       		.byte	69
 632 025b A2       		.byte	-94
 633 025c 49       		.byte	73
 634 025d 04       		.byte	4
 635 025e 4A       		.byte	74
 636 025f 08       		.byte	8
 637 0260 4B       		.byte	75
 638 0261 80       		.byte	-128
 639 0262 4F       		.byte	79
 640 0263 68       		.byte	104
 641 0264 50       		.byte	80
 642 0265 40       		.byte	64
 643 0266 52       		.byte	82
 644 0267 60       		.byte	96
 645 0268 57       		.byte	87
 646 0269 08       		.byte	8
 647 026a 5E       		.byte	94
 648 026b 02       		.byte	2
 649 026c 6C       		.byte	108
 650 026d 0A       		.byte	10
 651 026e 6D       		.byte	109
 652 026f 14       		.byte	20
 653 0270 76       		.byte	118
 654 0271 21       		.byte	33
 655 0272 77       		.byte	119
 656 0273 28       		.byte	40
 657 0274 91       		.byte	-111
 658 0275 02       		.byte	2
 659 0276 92       		.byte	-110
 660 0277 40       		.byte	64
 661 0278 93       		.byte	-109
 662 0279 90       		.byte	-112
 663 027a 94       		.byte	-108
 664 027b 04       		.byte	4
 665 027c 95       		.byte	-107
 666 027d 04       		.byte	4
 667 027e 98       		.byte	-104
 668 027f 04       		.byte	4
 669 0280 9D       		.byte	-99
 670 0281 08       		.byte	8
 671 0282 9F       		.byte	-97
 672 0283 01       		.byte	1
 673 0284 A0       		.byte	-96
 674 0285 80       		.byte	-128
 675 0286 A2       		.byte	-94
 676 0287 08       		.byte	8
 677 0288 A4       		.byte	-92
 678 0289 08       		.byte	8
 679 028a A6       		.byte	-90
 680 028b 20       		.byte	32
 681 028c A7       		.byte	-89
 682 028d 6A       		.byte	106
 683 028e B5       		.byte	-75
 684 028f 48       		.byte	72
ARM GAS  C:\Users\ALEXAN~1\AppData\Local\Temp\ccz2l5dn.s 			page 13


 685 0290 C0       		.byte	-64
 686 0291 79       		.byte	121
 687 0292 C2       		.byte	-62
 688 0293 F5       		.byte	-11
 689 0294 C4       		.byte	-60
 690 0295 FA       		.byte	-6
 691 0296 CA       		.byte	-54
 692 0297 44       		.byte	68
 693 0298 CC       		.byte	-52
 694 0299 61       		.byte	97
 695 029a CE       		.byte	-50
 696 029b 10       		.byte	16
 697 029c D0       		.byte	-48
 698 029d B1       		.byte	-79
 699 029e D2       		.byte	-46
 700 029f 3C       		.byte	60
 701 02a0 D6       		.byte	-42
 702 02a1 80       		.byte	-128
 703 02a2 07       		.byte	7
 704 02a3 04       		.byte	4
 705 02a4 0A       		.byte	10
 706 02a5 01       		.byte	1
 707 02a6 0B       		.byte	11
 708 02a7 02       		.byte	2
 709 02a8 0F       		.byte	15
 710 02a9 02       		.byte	2
 711 02aa 10       		.byte	16
 712 02ab 01       		.byte	1
 713 02ac 11       		.byte	17
 714 02ad 02       		.byte	2
 715 02ae 15       		.byte	21
 716 02af 02       		.byte	2
 717 02b0 18       		.byte	24
 718 02b1 01       		.byte	1
 719 02b2 1F       		.byte	31
 720 02b3 02       		.byte	2
 721 02b4 25       		.byte	37
 722 02b5 01       		.byte	1
 723 02b6 2A       		.byte	42
 724 02b7 01       		.byte	1
 725 02b8 33       		.byte	51
 726 02b9 01       		.byte	1
 727 02ba 35       		.byte	53
 728 02bb 04       		.byte	4
 729 02bc 36       		.byte	54
 730 02bd 01       		.byte	1
 731 02be 37       		.byte	55
 732 02bf 02       		.byte	2
 733 02c0 38       		.byte	56
 734 02c1 80       		.byte	-128
 735 02c2 3B       		.byte	59
 736 02c3 02       		.byte	2
 737 02c4 3F       		.byte	63
 738 02c5 44       		.byte	68
 739 02c6 54       		.byte	84
 740 02c7 01       		.byte	1
 741 02c8 58       		.byte	88
ARM GAS  C:\Users\ALEXAN~1\AppData\Local\Temp\ccz2l5dn.s 			page 14


 742 02c9 04       		.byte	4
 743 02ca 59       		.byte	89
 744 02cb 04       		.byte	4
 745 02cc 5B       		.byte	91
 746 02cd 04       		.byte	4
 747 02ce 5F       		.byte	95
 748 02cf 01       		.byte	1
 749 02d0 81       		.byte	-127
 750 02d1 19       		.byte	25
 751 02d2 82       		.byte	-126
 752 02d3 02       		.byte	2
 753 02d4 83       		.byte	-125
 754 02d5 E4       		.byte	-28
 755 02d6 84       		.byte	-124
 756 02d7 0C       		.byte	12
 757 02d8 85       		.byte	-123
 758 02d9 08       		.byte	8
 759 02da 88       		.byte	-120
 760 02db 04       		.byte	4
 761 02dc 89       		.byte	-119
 762 02dd 18       		.byte	24
 763 02de 8C       		.byte	-116
 764 02df 08       		.byte	8
 765 02e0 8D       		.byte	-115
 766 02e1 FF       		.byte	-1
 767 02e2 90       		.byte	-112
 768 02e3 01       		.byte	1
 769 02e4 93       		.byte	-109
 770 02e5 E6       		.byte	-26
 771 02e6 94       		.byte	-108
 772 02e7 0E       		.byte	14
 773 02e8 95       		.byte	-107
 774 02e9 19       		.byte	25
 775 02ea 97       		.byte	-105
 776 02eb E2       		.byte	-30
 777 02ec 98       		.byte	-104
 778 02ed 02       		.byte	2
 779 02ee 9A       		.byte	-102
 780 02ef 0C       		.byte	12
 781 02f0 9B       		.byte	-101
 782 02f1 01       		.byte	1
 783 02f2 9C       		.byte	-100
 784 02f3 0C       		.byte	12
 785 02f4 9D       		.byte	-99
 786 02f5 40       		.byte	64
 787 02f6 9E       		.byte	-98
 788 02f7 02       		.byte	2
 789 02f8 A0       		.byte	-96
 790 02f9 0E       		.byte	14
 791 02fa A1       		.byte	-95
 792 02fb 10       		.byte	16
 793 02fc A4       		.byte	-92
 794 02fd 01       		.byte	1
 795 02fe A5       		.byte	-91
 796 02ff E7       		.byte	-25
 797 0300 A7       		.byte	-89
 798 0301 18       		.byte	24
ARM GAS  C:\Users\ALEXAN~1\AppData\Local\Temp\ccz2l5dn.s 			page 15


 799 0302 A8       		.byte	-88
 800 0303 01       		.byte	1
 801 0304 A9       		.byte	-87
 802 0305 21       		.byte	33
 803 0306 AD       		.byte	-83
 804 0307 60       		.byte	96
 805 0308 B0       		.byte	-80
 806 0309 01       		.byte	1
 807 030a B3       		.byte	-77
 808 030b 1F       		.byte	31
 809 030c B4       		.byte	-76
 810 030d 0E       		.byte	14
 811 030e B5       		.byte	-75
 812 030f 98       		.byte	-104
 813 0310 B7       		.byte	-73
 814 0311 60       		.byte	96
 815 0312 BB       		.byte	-69
 816 0313 28       		.byte	40
 817 0314 D8       		.byte	-40
 818 0315 04       		.byte	4
 819 0316 D9       		.byte	-39
 820 0317 04       		.byte	4
 821 0318 DF       		.byte	-33
 822 0319 01       		.byte	1
 823 031a 03       		.byte	3
 824 031b 04       		.byte	4
 825 031c 05       		.byte	5
 826 031d 01       		.byte	1
 827 031e 06       		.byte	6
 828 031f 2B       		.byte	43
 829 0320 07       		.byte	7
 830 0321 08       		.byte	8
 831 0322 09       		.byte	9
 832 0323 20       		.byte	32
 833 0324 0B       		.byte	11
 834 0325 40       		.byte	64
 835 0326 0C       		.byte	12
 836 0327 02       		.byte	2
 837 0328 0D       		.byte	13
 838 0329 68       		.byte	104
 839 032a 12       		.byte	18
 840 032b 08       		.byte	8
 841 032c 15       		.byte	21
 842 032d 16       		.byte	22
 843 032e 1A       		.byte	26
 844 032f 02       		.byte	2
 845 0330 1D       		.byte	29
 846 0331 03       		.byte	3
 847 0332 1F       		.byte	31
 848 0333 20       		.byte	32
 849 0334 21       		.byte	33
 850 0335 01       		.byte	1
 851 0336 22       		.byte	34
 852 0337 64       		.byte	100
 853 0338 23       		.byte	35
 854 0339 40       		.byte	64
 855 033a 25       		.byte	37
ARM GAS  C:\Users\ALEXAN~1\AppData\Local\Temp\ccz2l5dn.s 			page 16


 856 033b 08       		.byte	8
 857 033c 26       		.byte	38
 858 033d 08       		.byte	8
 859 033e 27       		.byte	39
 860 033f 15       		.byte	21
 861 0340 29       		.byte	41
 862 0341 04       		.byte	4
 863 0342 2E       		.byte	46
 864 0343 42       		.byte	66
 865 0344 2F       		.byte	47
 866 0345 14       		.byte	20
 867 0346 30       		.byte	48
 868 0347 84       		.byte	-124
 869 0348 33       		.byte	51
 870 0349 02       		.byte	2
 871 034a 34       		.byte	52
 872 034b 80       		.byte	-128
 873 034c 35       		.byte	53
 874 034d 01       		.byte	1
 875 034e 36       		.byte	54
 876 034f 20       		.byte	32
 877 0350 37       		.byte	55
 878 0351 04       		.byte	4
 879 0352 38       		.byte	56
 880 0353 80       		.byte	-128
 881 0354 3B       		.byte	59
 882 0355 18       		.byte	24
 883 0356 3D       		.byte	61
 884 0357 01       		.byte	1
 885 0358 3E       		.byte	62
 886 0359 28       		.byte	40
 887 035a 3F       		.byte	63
 888 035b 40       		.byte	64
 889 035c 58       		.byte	88
 890 035d 02       		.byte	2
 891 035e 5A       		.byte	90
 892 035f 88       		.byte	-120
 893 0360 5B       		.byte	91
 894 0361 20       		.byte	32
 895 0362 80       		.byte	-128
 896 0363 02       		.byte	2
 897 0364 81       		.byte	-127
 898 0365 44       		.byte	68
 899 0366 83       		.byte	-125
 900 0367 04       		.byte	4
 901 0368 85       		.byte	-123
 902 0369 01       		.byte	1
 903 036a 86       		.byte	-122
 904 036b 08       		.byte	8
 905 036c 89       		.byte	-119
 906 036d 08       		.byte	8
 907 036e 8B       		.byte	-117
 908 036f 04       		.byte	4
 909 0370 8C       		.byte	-116
 910 0371 40       		.byte	64
 911 0372 8F       		.byte	-113
 912 0373 20       		.byte	32
ARM GAS  C:\Users\ALEXAN~1\AppData\Local\Temp\ccz2l5dn.s 			page 17


 913 0374 90       		.byte	-112
 914 0375 80       		.byte	-128
 915 0376 91       		.byte	-111
 916 0377 14       		.byte	20
 917 0378 92       		.byte	-110
 918 0379 40       		.byte	64
 919 037a 93       		.byte	-109
 920 037b 30       		.byte	48
 921 037c 96       		.byte	-106
 922 037d 02       		.byte	2
 923 037e 97       		.byte	-105
 924 037f 40       		.byte	64
 925 0380 98       		.byte	-104
 926 0381 84       		.byte	-124
 927 0382 99       		.byte	-103
 928 0383 04       		.byte	4
 929 0384 9A       		.byte	-102
 930 0385 21       		.byte	33
 931 0386 9B       		.byte	-101
 932 0387 08       		.byte	8
 933 0388 9D       		.byte	-99
 934 0389 08       		.byte	8
 935 038a 9F       		.byte	-97
 936 038b 15       		.byte	21
 937 038c A0       		.byte	-96
 938 038d 82       		.byte	-126
 939 038e A1       		.byte	-95
 940 038f 20       		.byte	32
 941 0390 A3       		.byte	-93
 942 0391 02       		.byte	2
 943 0392 A5       		.byte	-91
 944 0393 02       		.byte	2
 945 0394 A7       		.byte	-89
 946 0395 20       		.byte	32
 947 0396 C0       		.byte	-64
 948 0397 F2       		.byte	-14
 949 0398 C2       		.byte	-62
 950 0399 FA       		.byte	-6
 951 039a C4       		.byte	-60
 952 039b 72       		.byte	114
 953 039c CA       		.byte	-54
 954 039d F2       		.byte	-14
 955 039e CC       		.byte	-52
 956 039f FB       		.byte	-5
 957 03a0 CE       		.byte	-50
 958 03a1 FE       		.byte	-2
 959 03a2 D6       		.byte	-42
 960 03a3 0F       		.byte	15
 961 03a4 32       		.byte	50
 962 03a5 20       		.byte	32
 963 03a6 CC       		.byte	-52
 964 03a7 10       		.byte	16
 965 03a8 A6       		.byte	-90
 966 03a9 20       		.byte	32
 967 03aa A6       		.byte	-90
 968 03ab 20       		.byte	32
 969 03ac 86       		.byte	-122
ARM GAS  C:\Users\ALEXAN~1\AppData\Local\Temp\ccz2l5dn.s 			page 18


 970 03ad 20       		.byte	32
 971 03ae A6       		.byte	-90
 972 03af 20       		.byte	32
 973 03b0 E6       		.byte	-26
 974 03b1 40       		.byte	64
 975 03b2 8B       		.byte	-117
 976 03b3 10       		.byte	16
 977 03b4 E4       		.byte	-28
 978 03b5 01       		.byte	1
 979 03b6 93       		.byte	-109
 980 03b7 10       		.byte	16
 981 03b8 10       		.byte	16
 982 03b9 40       		.byte	64
 983 03ba 73       		.byte	115
 984 03bb 10       		.byte	16
 985 03bc 88       		.byte	-120
 986 03bd 40       		.byte	64
 987 03be 93       		.byte	-109
 988 03bf 10       		.byte	16
 989 03c0 C4       		.byte	-60
 990 03c1 08       		.byte	8
 991 03c2 DC       		.byte	-36
 992 03c3 01       		.byte	1
 993 03c4 E2       		.byte	-30
 994 03c5 01       		.byte	1
 995 03c6 00       		.byte	0
 996 03c7 01       		.byte	1
 997 03c8 0C       		.byte	12
 998 03c9 01       		.byte	1
 999 03ca 10       		.byte	16
 1000 03cb 01       		.byte	1
 1001 03cc 1C       		.byte	28
 1002 03cd 01       		.byte	1
 1003 03ce 00       		.byte	0
 1004 03cf 03       		.byte	3
 1005 03d0 80       		.byte	-128
 1006 03d1 00       		.byte	0
 1007 03d2 40       		.byte	64
 1008 03d3 80       		.byte	-128
 1009 03d4 80       		.byte	-128
 1010 03d5 00       		.byte	0
 1011 03d6 80       		.byte	-128
 1012 03d7 00       		.byte	0
 1013 03d8 00       		.byte	0
 1014 03d9 00       		.byte	0
 1015 03da 00       		.byte	0
 1016 03db 00       		.byte	0
 1017 03dc 00       		.byte	0
 1018 03dd 0B       		.byte	11
 1019 03de 0B       		.byte	11
 1020 03df 00       		.byte	0
 1021 03e0 00       		.byte	0
 1022 03e1 00       		.byte	0
 1023 03e2 00       		.byte	0
 1024 03e3 00       		.byte	0
 1025              		.section	.cywolatch,"a",%progbits
 1026              		.align	2
ARM GAS  C:\Users\ALEXAN~1\AppData\Local\Temp\ccz2l5dn.s 			page 19


 1027              		.type	cy_meta_wonvl, %object
 1028              		.size	cy_meta_wonvl, 4
 1029              	cy_meta_wonvl:
 1030 0000 BC       		.byte	-68
 1031 0001 90       		.byte	-112
 1032 0002 AC       		.byte	-84
 1033 0003 AF       		.byte	-81
 1034              		.section	.cycustnvl,"a",%progbits
 1035              		.align	2
 1036              		.type	cy_meta_custnvl, %object
 1037              		.size	cy_meta_custnvl, 4
 1038              	cy_meta_custnvl:
 1039 0000 00       		.byte	0
 1040 0001 00       		.byte	0
 1041 0002 40       		.byte	64
 1042 0003 05       		.byte	5
 1043              		.section	.cymeta,"a",%progbits
 1044              		.align	2
 1045              		.type	cy_metadata, %object
 1046              		.size	cy_metadata, 12
 1047              	cy_metadata:
 1048 0000 00       		.byte	0
 1049 0001 01       		.byte	1
 1050 0002 2E       		.byte	46
 1051 0003 16       		.byte	22
 1052 0004 10       		.byte	16
 1053 0005 69       		.byte	105
 1054 0006 00       		.byte	0
 1055 0007 01       		.byte	1
 1056 0008 00       		.byte	0
 1057 0009 00       		.byte	0
 1058 000a 00       		.byte	0
 1059 000b 00       		.byte	0
 1060              		.section	.cyflashprotect,"a",%progbits
 1061              		.align	2
 1062              		.type	cy_meta_flashprotect, %object
 1063              		.size	cy_meta_flashprotect, 256
 1064              	cy_meta_flashprotect:
 1065 0000 00000000 		.space	256
 1065      00000000 
 1065      00000000 
 1065      00000000 
 1065      00000000 
 1066              		.text
 1067              	.Letext0:
 1068              		.file 1 "c:\\program files (x86)\\cypress\\psoc creator\\4.4\\psoc creator\\import\\gnu\\arm\\5.4.
 1069              		.file 2 "c:\\program files (x86)\\cypress\\psoc creator\\4.4\\psoc creator\\import\\gnu\\arm\\5.4.
 1070              		.file 3 "Generated_Source\\PSoC5\\cymetadata.c"
 1071              		.section	.debug_info,"",%progbits
 1072              	.Ldebug_info0:
 1073 0000 31010000 		.4byte	0x131
 1074 0004 0400     		.2byte	0x4
 1075 0006 00000000 		.4byte	.Ldebug_abbrev0
 1076 000a 04       		.byte	0x4
 1077 000b 01       		.uleb128 0x1
 1078 000c C1000000 		.4byte	.LASF17
 1079 0010 0C       		.byte	0xc
ARM GAS  C:\Users\ALEXAN~1\AppData\Local\Temp\ccz2l5dn.s 			page 20


 1080 0011 1B020000 		.4byte	.LASF18
 1081 0015 00000000 		.4byte	.LASF19
 1082 0019 00000000 		.4byte	.Ldebug_line0
 1083 001d 02       		.uleb128 0x2
 1084 001e 01       		.byte	0x1
 1085 001f 06       		.byte	0x6
 1086 0020 0F020000 		.4byte	.LASF0
 1087 0024 03       		.uleb128 0x3
 1088 0025 9D000000 		.4byte	.LASF9
 1089 0029 01       		.byte	0x1
 1090 002a 1D       		.byte	0x1d
 1091 002b 2F000000 		.4byte	0x2f
 1092 002f 02       		.uleb128 0x2
 1093 0030 01       		.byte	0x1
 1094 0031 08       		.byte	0x8
 1095 0032 B3000000 		.4byte	.LASF1
 1096 0036 02       		.uleb128 0x2
 1097 0037 02       		.byte	0x2
 1098 0038 05       		.byte	0x5
 1099 0039 FC010000 		.4byte	.LASF2
 1100 003d 02       		.uleb128 0x2
 1101 003e 02       		.byte	0x2
 1102 003f 07       		.byte	0x7
 1103 0040 61010000 		.4byte	.LASF3
 1104 0044 02       		.uleb128 0x2
 1105 0045 04       		.byte	0x4
 1106 0046 05       		.byte	0x5
 1107 0047 06020000 		.4byte	.LASF4
 1108 004b 02       		.uleb128 0x2
 1109 004c 04       		.byte	0x4
 1110 004d 07       		.byte	0x7
 1111 004e 4F010000 		.4byte	.LASF5
 1112 0052 02       		.uleb128 0x2
 1113 0053 08       		.byte	0x8
 1114 0054 05       		.byte	0x5
 1115 0055 EE010000 		.4byte	.LASF6
 1116 0059 02       		.uleb128 0x2
 1117 005a 08       		.byte	0x8
 1118 005b 07       		.byte	0x7
 1119 005c A3010000 		.4byte	.LASF7
 1120 0060 04       		.uleb128 0x4
 1121 0061 04       		.byte	0x4
 1122 0062 05       		.byte	0x5
 1123 0063 696E7400 		.ascii	"int\000"
 1124 0067 02       		.uleb128 0x2
 1125 0068 04       		.byte	0x4
 1126 0069 07       		.byte	0x7
 1127 006a 96010000 		.4byte	.LASF8
 1128 006e 03       		.uleb128 0x3
 1129 006f BA010000 		.4byte	.LASF10
 1130 0073 02       		.byte	0x2
 1131 0074 18       		.byte	0x18
 1132 0075 24000000 		.4byte	0x24
 1133 0079 05       		.uleb128 0x5
 1134 007a 91000000 		.4byte	0x91
 1135 007e 8A000000 		.4byte	0x8a
 1136 0082 06       		.uleb128 0x6
ARM GAS  C:\Users\ALEXAN~1\AppData\Local\Temp\ccz2l5dn.s 			page 21


 1137 0083 8A000000 		.4byte	0x8a
 1138 0087 E303     		.2byte	0x3e3
 1139 0089 00       		.byte	0
 1140 008a 02       		.uleb128 0x2
 1141 008b 04       		.byte	0x4
 1142 008c 07       		.byte	0x7
 1143 008d E5010000 		.4byte	.LASF11
 1144 0091 07       		.uleb128 0x7
 1145 0092 6E000000 		.4byte	0x6e
 1146 0096 08       		.uleb128 0x8
 1147 0097 84010000 		.4byte	.LASF12
 1148 009b 03       		.byte	0x3
 1149 009c 1F       		.byte	0x1f
 1150 009d A7000000 		.4byte	0xa7
 1151 00a1 05       		.uleb128 0x5
 1152 00a2 03       		.byte	0x3
 1153 00a3 00000000 		.4byte	cy_meta_configecc
 1154 00a7 07       		.uleb128 0x7
 1155 00a8 79000000 		.4byte	0x79
 1156 00ac 05       		.uleb128 0x5
 1157 00ad 91000000 		.4byte	0x91
 1158 00b1 BC000000 		.4byte	0xbc
 1159 00b5 09       		.uleb128 0x9
 1160 00b6 8A000000 		.4byte	0x8a
 1161 00ba 03       		.byte	0x3
 1162 00bb 00       		.byte	0
 1163 00bc 08       		.uleb128 0x8
 1164 00bd 74010000 		.4byte	.LASF13
 1165 00c1 03       		.byte	0x3
 1166 00c2 A9       		.byte	0xa9
 1167 00c3 CD000000 		.4byte	0xcd
 1168 00c7 05       		.uleb128 0x5
 1169 00c8 03       		.byte	0x3
 1170 00c9 00000000 		.4byte	cy_meta_custnvl
 1171 00cd 07       		.uleb128 0x7
 1172 00ce AC000000 		.4byte	0xac
 1173 00d2 08       		.uleb128 0x8
 1174 00d3 D7010000 		.4byte	.LASF14
 1175 00d7 03       		.byte	0x3
 1176 00d8 B7       		.byte	0xb7
 1177 00d9 E3000000 		.4byte	0xe3
 1178 00dd 05       		.uleb128 0x5
 1179 00de 03       		.byte	0x3
 1180 00df 00000000 		.4byte	cy_meta_wonvl
 1181 00e3 07       		.uleb128 0x7
 1182 00e4 AC000000 		.4byte	0xac
 1183 00e8 05       		.uleb128 0x5
 1184 00e9 91000000 		.4byte	0x91
 1185 00ed F8000000 		.4byte	0xf8
 1186 00f1 09       		.uleb128 0x9
 1187 00f2 8A000000 		.4byte	0x8a
 1188 00f6 FF       		.byte	0xff
 1189 00f7 00       		.byte	0
 1190 00f8 08       		.uleb128 0x8
 1191 00f9 C2010000 		.4byte	.LASF15
 1192 00fd 03       		.byte	0x3
 1193 00fe C5       		.byte	0xc5
ARM GAS  C:\Users\ALEXAN~1\AppData\Local\Temp\ccz2l5dn.s 			page 22


 1194 00ff 09010000 		.4byte	0x109
 1195 0103 05       		.uleb128 0x5
 1196 0104 03       		.byte	0x3
 1197 0105 00000000 		.4byte	cy_meta_flashprotect
 1198 0109 07       		.uleb128 0x7
 1199 010a E8000000 		.4byte	0xe8
 1200 010e 05       		.uleb128 0x5
 1201 010f 91000000 		.4byte	0x91
 1202 0113 1E010000 		.4byte	0x11e
 1203 0117 09       		.uleb128 0x9
 1204 0118 8A000000 		.4byte	0x8a
 1205 011c 0B       		.byte	0xb
 1206 011d 00       		.byte	0
 1207 011e 08       		.uleb128 0x8
 1208 011f A7000000 		.4byte	.LASF16
 1209 0123 03       		.byte	0x3
 1210 0124 F2       		.byte	0xf2
 1211 0125 2F010000 		.4byte	0x12f
 1212 0129 05       		.uleb128 0x5
 1213 012a 03       		.byte	0x3
 1214 012b 00000000 		.4byte	cy_metadata
 1215 012f 07       		.uleb128 0x7
 1216 0130 0E010000 		.4byte	0x10e
 1217 0134 00       		.byte	0
 1218              		.section	.debug_abbrev,"",%progbits
 1219              	.Ldebug_abbrev0:
 1220 0000 01       		.uleb128 0x1
 1221 0001 11       		.uleb128 0x11
 1222 0002 01       		.byte	0x1
 1223 0003 25       		.uleb128 0x25
 1224 0004 0E       		.uleb128 0xe
 1225 0005 13       		.uleb128 0x13
 1226 0006 0B       		.uleb128 0xb
 1227 0007 03       		.uleb128 0x3
 1228 0008 0E       		.uleb128 0xe
 1229 0009 1B       		.uleb128 0x1b
 1230 000a 0E       		.uleb128 0xe
 1231 000b 10       		.uleb128 0x10
 1232 000c 17       		.uleb128 0x17
 1233 000d 00       		.byte	0
 1234 000e 00       		.byte	0
 1235 000f 02       		.uleb128 0x2
 1236 0010 24       		.uleb128 0x24
 1237 0011 00       		.byte	0
 1238 0012 0B       		.uleb128 0xb
 1239 0013 0B       		.uleb128 0xb
 1240 0014 3E       		.uleb128 0x3e
 1241 0015 0B       		.uleb128 0xb
 1242 0016 03       		.uleb128 0x3
 1243 0017 0E       		.uleb128 0xe
 1244 0018 00       		.byte	0
 1245 0019 00       		.byte	0
 1246 001a 03       		.uleb128 0x3
 1247 001b 16       		.uleb128 0x16
 1248 001c 00       		.byte	0
 1249 001d 03       		.uleb128 0x3
 1250 001e 0E       		.uleb128 0xe
ARM GAS  C:\Users\ALEXAN~1\AppData\Local\Temp\ccz2l5dn.s 			page 23


 1251 001f 3A       		.uleb128 0x3a
 1252 0020 0B       		.uleb128 0xb
 1253 0021 3B       		.uleb128 0x3b
 1254 0022 0B       		.uleb128 0xb
 1255 0023 49       		.uleb128 0x49
 1256 0024 13       		.uleb128 0x13
 1257 0025 00       		.byte	0
 1258 0026 00       		.byte	0
 1259 0027 04       		.uleb128 0x4
 1260 0028 24       		.uleb128 0x24
 1261 0029 00       		.byte	0
 1262 002a 0B       		.uleb128 0xb
 1263 002b 0B       		.uleb128 0xb
 1264 002c 3E       		.uleb128 0x3e
 1265 002d 0B       		.uleb128 0xb
 1266 002e 03       		.uleb128 0x3
 1267 002f 08       		.uleb128 0x8
 1268 0030 00       		.byte	0
 1269 0031 00       		.byte	0
 1270 0032 05       		.uleb128 0x5
 1271 0033 01       		.uleb128 0x1
 1272 0034 01       		.byte	0x1
 1273 0035 49       		.uleb128 0x49
 1274 0036 13       		.uleb128 0x13
 1275 0037 01       		.uleb128 0x1
 1276 0038 13       		.uleb128 0x13
 1277 0039 00       		.byte	0
 1278 003a 00       		.byte	0
 1279 003b 06       		.uleb128 0x6
 1280 003c 21       		.uleb128 0x21
 1281 003d 00       		.byte	0
 1282 003e 49       		.uleb128 0x49
 1283 003f 13       		.uleb128 0x13
 1284 0040 2F       		.uleb128 0x2f
 1285 0041 05       		.uleb128 0x5
 1286 0042 00       		.byte	0
 1287 0043 00       		.byte	0
 1288 0044 07       		.uleb128 0x7
 1289 0045 26       		.uleb128 0x26
 1290 0046 00       		.byte	0
 1291 0047 49       		.uleb128 0x49
 1292 0048 13       		.uleb128 0x13
 1293 0049 00       		.byte	0
 1294 004a 00       		.byte	0
 1295 004b 08       		.uleb128 0x8
 1296 004c 34       		.uleb128 0x34
 1297 004d 00       		.byte	0
 1298 004e 03       		.uleb128 0x3
 1299 004f 0E       		.uleb128 0xe
 1300 0050 3A       		.uleb128 0x3a
 1301 0051 0B       		.uleb128 0xb
 1302 0052 3B       		.uleb128 0x3b
 1303 0053 0B       		.uleb128 0xb
 1304 0054 49       		.uleb128 0x49
 1305 0055 13       		.uleb128 0x13
 1306 0056 3F       		.uleb128 0x3f
 1307 0057 19       		.uleb128 0x19
ARM GAS  C:\Users\ALEXAN~1\AppData\Local\Temp\ccz2l5dn.s 			page 24


 1308 0058 02       		.uleb128 0x2
 1309 0059 18       		.uleb128 0x18
 1310 005a 00       		.byte	0
 1311 005b 00       		.byte	0
 1312 005c 09       		.uleb128 0x9
 1313 005d 21       		.uleb128 0x21
 1314 005e 00       		.byte	0
 1315 005f 49       		.uleb128 0x49
 1316 0060 13       		.uleb128 0x13
 1317 0061 2F       		.uleb128 0x2f
 1318 0062 0B       		.uleb128 0xb
 1319 0063 00       		.byte	0
 1320 0064 00       		.byte	0
 1321 0065 00       		.byte	0
 1322              		.section	.debug_aranges,"",%progbits
 1323 0000 14000000 		.4byte	0x14
 1324 0004 0200     		.2byte	0x2
 1325 0006 00000000 		.4byte	.Ldebug_info0
 1326 000a 04       		.byte	0x4
 1327 000b 00       		.byte	0
 1328 000c 0000     		.2byte	0
 1329 000e 0000     		.2byte	0
 1330 0010 00000000 		.4byte	0
 1331 0014 00000000 		.4byte	0
 1332              		.section	.debug_line,"",%progbits
 1333              	.Ldebug_line0:
 1334 0000 3D010000 		.section	.debug_str,"MS",%progbits,1
 1334      02003701 
 1334      00000201 
 1334      FB0E0D00 
 1334      01010101 
 1335              	.LASF19:
 1336 0000 433A5C55 		.ascii	"C:\\Users\\Alexander Calderon\\OneDrive - Universid"
 1336      73657273 
 1336      5C416C65 
 1336      78616E64 
 1336      65722043 
 1337 0030 61642064 		.ascii	"ad de Pamplona\\Documentos\\UNIPAMPLONA\\2024 - 1\\"
 1337      65205061 
 1337      6D706C6F 
 1337      6E615C44 
 1337      6F63756D 
 1338 005f 456D6265 		.ascii	"Embebidos I\\III Corte\\Serial_escritura\\Serial_es"
 1338      6269646F 
 1338      7320495C 
 1338      49494920 
 1338      436F7274 
 1339 008f 63726974 		.ascii	"critura.cydsn\000"
 1339      7572612E 
 1339      63796473 
 1339      6E00
 1340              	.LASF9:
 1341 009d 5F5F7569 		.ascii	"__uint8_t\000"
 1341      6E74385F 
 1341      7400
 1342              	.LASF16:
 1343 00a7 63795F6D 		.ascii	"cy_metadata\000"
ARM GAS  C:\Users\ALEXAN~1\AppData\Local\Temp\ccz2l5dn.s 			page 25


 1343      65746164 
 1343      61746100 
 1344              	.LASF1:
 1345 00b3 756E7369 		.ascii	"unsigned char\000"
 1345      676E6564 
 1345      20636861 
 1345      7200
 1346              	.LASF17:
 1347 00c1 474E5520 		.ascii	"GNU C11 5.4.1 20160609 (release) [ARM/embedded-5-br"
 1347      43313120 
 1347      352E342E 
 1347      31203230 
 1347      31363036 
 1348 00f4 616E6368 		.ascii	"anch revision 237715] -mcpu=cortex-m3 -mthumb -g -O"
 1348      20726576 
 1348      6973696F 
 1348      6E203233 
 1348      37373135 
 1349 0127 67202D66 		.ascii	"g -ffunction-sections -ffat-lto-objects\000"
 1349      66756E63 
 1349      74696F6E 
 1349      2D736563 
 1349      74696F6E 
 1350              	.LASF5:
 1351 014f 6C6F6E67 		.ascii	"long unsigned int\000"
 1351      20756E73 
 1351      69676E65 
 1351      6420696E 
 1351      7400
 1352              	.LASF3:
 1353 0161 73686F72 		.ascii	"short unsigned int\000"
 1353      7420756E 
 1353      7369676E 
 1353      65642069 
 1353      6E7400
 1354              	.LASF13:
 1355 0174 63795F6D 		.ascii	"cy_meta_custnvl\000"
 1355      6574615F 
 1355      63757374 
 1355      6E766C00 
 1356              	.LASF12:
 1357 0184 63795F6D 		.ascii	"cy_meta_configecc\000"
 1357      6574615F 
 1357      636F6E66 
 1357      69676563 
 1357      6300
 1358              	.LASF8:
 1359 0196 756E7369 		.ascii	"unsigned int\000"
 1359      676E6564 
 1359      20696E74 
 1359      00
 1360              	.LASF7:
 1361 01a3 6C6F6E67 		.ascii	"long long unsigned int\000"
 1361      206C6F6E 
 1361      6720756E 
 1361      7369676E 
 1361      65642069 
ARM GAS  C:\Users\ALEXAN~1\AppData\Local\Temp\ccz2l5dn.s 			page 26


 1362              	.LASF10:
 1363 01ba 75696E74 		.ascii	"uint8_t\000"
 1363      385F7400 
 1364              	.LASF15:
 1365 01c2 63795F6D 		.ascii	"cy_meta_flashprotect\000"
 1365      6574615F 
 1365      666C6173 
 1365      6870726F 
 1365      74656374 
 1366              	.LASF14:
 1367 01d7 63795F6D 		.ascii	"cy_meta_wonvl\000"
 1367      6574615F 
 1367      776F6E76 
 1367      6C00
 1368              	.LASF11:
 1369 01e5 73697A65 		.ascii	"sizetype\000"
 1369      74797065 
 1369      00
 1370              	.LASF6:
 1371 01ee 6C6F6E67 		.ascii	"long long int\000"
 1371      206C6F6E 
 1371      6720696E 
 1371      7400
 1372              	.LASF2:
 1373 01fc 73686F72 		.ascii	"short int\000"
 1373      7420696E 
 1373      7400
 1374              	.LASF4:
 1375 0206 6C6F6E67 		.ascii	"long int\000"
 1375      20696E74 
 1375      00
 1376              	.LASF0:
 1377 020f 7369676E 		.ascii	"signed char\000"
 1377      65642063 
 1377      68617200 
 1378              	.LASF18:
 1379 021b 47656E65 		.ascii	"Generated_Source\\PSoC5\\cymetadata.c\000"
 1379      72617465 
 1379      645F536F 
 1379      75726365 
 1379      5C50536F 
 1380              		.ident	"GCC: (GNU Tools for ARM Embedded Processors) 5.4.1 20160609 (release) [ARM/embedded-5-bran
