ARM GAS  C:\Users\ALEXAN~1\AppData\Local\Temp\ccgHJGYR.s 			page 1


   1              		.syntax unified
   2              		.cpu cortex-m3
   3              		.fpu softvfp
   4              		.eabi_attribute 20, 1
   5              		.eabi_attribute 21, 1
   6              		.eabi_attribute 23, 3
   7              		.eabi_attribute 24, 1
   8              		.eabi_attribute 25, 1
   9              		.eabi_attribute 26, 1
  10              		.eabi_attribute 30, 1
  11              		.eabi_attribute 34, 1
  12              		.eabi_attribute 18, 4
  13              		.thumb
  14              		.syntax unified
  15              		.file	"main.c"
  16              		.text
  17              	.Ltext0:
  18              		.cfi_sections	.debug_frame
  19              		.section	.text.UART_RX_ISR,"ax",%progbits
  20              		.align	2
  21              		.global	UART_RX_ISR
  22              		.thumb
  23              		.thumb_func
  24              		.type	UART_RX_ISR, %function
  25              	UART_RX_ISR:
  26              	.LFB64:
  27              		.file 1 "main.c"
   1:main.c        **** /* ========================================
   2:main.c        ****  *
   3:main.c        ****  * U N I V E R S I D A D   D E   P A M P L O N A
   4:main.c        ****  *
   5:main.c        ****  * Copyright Edwin Alexander Calderón Leal, 2024
   6:main.c        ****  * Todos los Derechos Reservados
   7:main.c        ****  * NO PUBLICADO, SOFTWARE LICENCIADO.
   8:main.c        ****  *
   9:main.c        ****  * INFORMACIÓN CONFIDENCIAL Y PROPIETARIA
  10:main.c        ****  * PROPIEDAD DE Edwin Alexander Calderón Leal.
  11:main.c        ****  *
  12:main.c        ****  * ========================================
  13:main.c        ****  *
  14:main.c        ****  * Nombre: 
  15:main.c        ****  * Edwin Alexander Calderón Leal
  16:main.c        ****  * Kevin Andres Rios Trigos
  17:main.c        ****  * Estudiantes de Ingeniería Mecatrónica
  18:main.c        ****  * Proyecto para la materia de Sistemas Embebidos 1 
  19:main.c        ****  * del programa de Ingeniería Electrónica
  20:main.c        ****  * 
  21:main.c        ****  * Docente de Aula: Ingeniero Julio Cesar Ospino Arias
  22:main.c        ****  * 
  23:main.c        ****  * Realizado en julio del 2024, Semestre 2024-1
  24:main.c        ****  * 
  25:main.c        ****  * Departamento de Ingenierías y Arquitectura
  26:main.c        ****  *
  27:main.c        ****  * ========================================
  28:main.c        **** */
  29:main.c        **** 
  30:main.c        **** #include "project.h"
ARM GAS  C:\Users\ALEXAN~1\AppData\Local\Temp\ccgHJGYR.s 			page 2


  31:main.c        **** #include "stdlib.h"
  32:main.c        **** #include "stdio.h"
  33:main.c        **** 
  34:main.c        **** #define BUFFER_SIZE 254
  35:main.c        ****  
  36:main.c        **** CY_ISR_PROTO(UART_RX_ISR);
  37:main.c        **** 
  38:main.c        **** uint8 receivedBuffer[BUFFER_SIZE];
  39:main.c        **** uint8 bufferIndex = 0;
  40:main.c        **** 
  41:main.c        **** CY_ISR(UART_RX_ISR) {
  28              		.loc 1 41 0
  29              		.cfi_startproc
  30              		@ args = 0, pretend = 0, frame = 0
  31              		@ frame_needed = 0, uses_anonymous_args = 0
  32 0000 10B5     		push	{r4, lr}
  33              		.cfi_def_cfa_offset 8
  34              		.cfi_offset 4, -8
  35              		.cfi_offset 14, -4
  42:main.c        **** // Verificar si hay datos disponibles en el buffer de recepción
  43:main.c        **** while (UART_GetRxBufferSize() > 0) {
  36              		.loc 1 43 0
  37 0002 11E0     		b	.L2
  38              	.L5:
  39              	.LBB2:
  44:main.c        **** // Leer el dato recibido
  45:main.c        **** uint8 receivedData = UART_ReadRxData();
  40              		.loc 1 45 0
  41 0004 FFF7FEFF 		bl	UART_ReadRxData
  42              	.LVL0:
  43 0008 0446     		mov	r4, r0
  44              	.LVL1:
  46:main.c        **** 
  47:main.c        **** // Enviar el dato recibido de vuelta por UART
  48:main.c        **** UART_PutChar(receivedData);
  45              		.loc 1 48 0
  46 000a FFF7FEFF 		bl	UART_PutChar
  47              	.LVL2:
  49:main.c        **** 
  50:main.c        **** // Almacenar el dato en el buffer si hay espacio
  51:main.c        **** if (bufferIndex < BUFFER_SIZE) {
  48              		.loc 1 51 0
  49 000e 094B     		ldr	r3, .L7
  50 0010 1B78     		ldrb	r3, [r3]	@ zero_extendqisi2
  51 0012 FD2B     		cmp	r3, #253
  52 0014 05D8     		bhi	.L3
  52:main.c        **** receivedBuffer[bufferIndex++] = receivedData;
  53              		.loc 1 52 0
  54 0016 591C     		adds	r1, r3, #1
  55 0018 064A     		ldr	r2, .L7
  56 001a 1170     		strb	r1, [r2]
  57 001c 064A     		ldr	r2, .L7+4
  58 001e D454     		strb	r4, [r2, r3]
  59 0020 02E0     		b	.L2
  60              	.L3:
  53:main.c        **** } else {
  54:main.c        **** // Buffer lleno, reiniciar índice (o manejar el overflow de otra forma)
ARM GAS  C:\Users\ALEXAN~1\AppData\Local\Temp\ccgHJGYR.s 			page 3


  55:main.c        **** bufferIndex = 0;
  61              		.loc 1 55 0
  62 0022 0022     		movs	r2, #0
  63 0024 034B     		ldr	r3, .L7
  64 0026 1A70     		strb	r2, [r3]
  65              	.LVL3:
  66              	.L2:
  67              	.LBE2:
  43:main.c        **** // Leer el dato recibido
  68              		.loc 1 43 0
  69 0028 FFF7FEFF 		bl	UART_GetRxBufferSize
  70              	.LVL4:
  71 002c 0028     		cmp	r0, #0
  72 002e E9D1     		bne	.L5
  56:main.c        **** }
  57:main.c        **** }
  58:main.c        **** }
  73              		.loc 1 58 0
  74 0030 10BD     		pop	{r4, pc}
  75              	.L8:
  76 0032 00BF     		.align	2
  77              	.L7:
  78 0034 00000000 		.word	.LANCHOR0
  79 0038 00000000 		.word	receivedBuffer
  80              		.cfi_endproc
  81              	.LFE64:
  82              		.size	UART_RX_ISR, .-UART_RX_ISR
  83              		.section	.text.main,"ax",%progbits
  84              		.align	2
  85              		.global	main
  86              		.thumb
  87              		.thumb_func
  88              		.type	main, %function
  89              	main:
  90              	.LFB65:
  59:main.c        **** 
  60:main.c        **** int main(void)
  61:main.c        **** {
  91              		.loc 1 61 0
  92              		.cfi_startproc
  93              		@ Volatile: function does not return.
  94              		@ args = 0, pretend = 0, frame = 0
  95              		@ frame_needed = 0, uses_anonymous_args = 0
  96 0000 08B5     		push	{r3, lr}
  97              		.cfi_def_cfa_offset 8
  98              		.cfi_offset 3, -8
  99              		.cfi_offset 14, -4
  62:main.c        ****     CyGlobalIntEnable; /* Habilita las interrupciones globales. */
 100              		.loc 1 62 0
 101              		.syntax unified
 102              	@ 62 "main.c" 1
 103 0002 62B6     		CPSIE   i
 104              	@ 0 "" 2
  63:main.c        ****     UART_Start(); /* Iniciar UART */ // Iniciar la comunicación serial
 105              		.loc 1 63 0
 106              		.thumb
 107              		.syntax unified
ARM GAS  C:\Users\ALEXAN~1\AppData\Local\Temp\ccgHJGYR.s 			page 4


 108 0004 FFF7FEFF 		bl	UART_Start
 109              	.LVL5:
  64:main.c        ****     
  65:main.c        ****     // Asignar la interrupción RX del UART al vector de interrupciones
  66:main.c        ****     isrRX_StartEx(UART_RX_ISR);
 110              		.loc 1 66 0
 111 0008 0348     		ldr	r0, .L12
 112 000a FFF7FEFF 		bl	isrRX_StartEx
 113              	.LVL6:
 114              	.L10:
  67:main.c        **** for(;;)
  68:main.c        **** {
  69:main.c        ****         /* Código principal */
  70:main.c        ****      UART_PutString("!Hola Mundo! \r\n");
 115              		.loc 1 70 0 discriminator 1
 116 000e 0348     		ldr	r0, .L12+4
 117 0010 FFF7FEFF 		bl	UART_PutString
 118              	.LVL7:
 119 0014 FBE7     		b	.L10
 120              	.L13:
 121 0016 00BF     		.align	2
 122              	.L12:
 123 0018 00000000 		.word	UART_RX_ISR
 124 001c 00000000 		.word	.LC0
 125              		.cfi_endproc
 126              	.LFE65:
 127              		.size	main, .-main
 128              		.global	bufferIndex
 129              		.comm	receivedBuffer,254,4
 130              		.section	.rodata.str1.4,"aMS",%progbits,1
 131              		.align	2
 132              	.LC0:
 133 0000 21486F6C 		.ascii	"!Hola Mundo! \015\012\000"
 133      61204D75 
 133      6E646F21 
 133      200D0A00 
 134              		.bss
 135              		.set	.LANCHOR0,. + 0
 136              		.type	bufferIndex, %object
 137              		.size	bufferIndex, 1
 138              	bufferIndex:
 139 0000 00       		.space	1
 140              		.text
 141              	.Letext0:
 142              		.file 2 "c:\\program files (x86)\\cypress\\psoc creator\\4.4\\psoc creator\\import\\gnu\\arm\\5.4.
 143              		.file 3 "c:\\program files (x86)\\cypress\\psoc creator\\4.4\\psoc creator\\import\\gnu\\arm\\5.4.
 144              		.file 4 "Generated_Source\\PSoC5/cytypes.h"
 145              		.file 5 "Generated_Source\\PSoC5/core_cm3.h"
 146              		.file 6 "Generated_Source\\PSoC5/UART.h"
 147              		.file 7 "Generated_Source\\PSoC5/isrRX.h"
 148              		.section	.debug_info,"",%progbits
 149              	.Ldebug_info0:
 150 0000 D4010000 		.4byte	0x1d4
 151 0004 0400     		.2byte	0x4
 152 0006 00000000 		.4byte	.Ldebug_abbrev0
 153 000a 04       		.byte	0x4
 154 000b 01       		.uleb128 0x1
ARM GAS  C:\Users\ALEXAN~1\AppData\Local\Temp\ccgHJGYR.s 			page 5


 155 000c BB000000 		.4byte	.LASF26
 156 0010 0C       		.byte	0xc
 157 0011 14020000 		.4byte	.LASF27
 158 0015 00000000 		.4byte	.LASF28
 159 0019 00000000 		.4byte	.Ldebug_ranges0+0
 160 001d 00000000 		.4byte	0
 161 0021 00000000 		.4byte	.Ldebug_line0
 162 0025 02       		.uleb128 0x2
 163 0026 01       		.byte	0x1
 164 0027 06       		.byte	0x6
 165 0028 7A020000 		.4byte	.LASF0
 166 002c 02       		.uleb128 0x2
 167 002d 01       		.byte	0x1
 168 002e 08       		.byte	0x8
 169 002f AD000000 		.4byte	.LASF1
 170 0033 02       		.uleb128 0x2
 171 0034 02       		.byte	0x2
 172 0035 05       		.byte	0x5
 173 0036 8D010000 		.4byte	.LASF2
 174 003a 02       		.uleb128 0x2
 175 003b 02       		.byte	0x2
 176 003c 07       		.byte	0x7
 177 003d 5B010000 		.4byte	.LASF3
 178 0041 03       		.uleb128 0x3
 179 0042 9D000000 		.4byte	.LASF9
 180 0046 02       		.byte	0x2
 181 0047 3F       		.byte	0x3f
 182 0048 4C000000 		.4byte	0x4c
 183 004c 02       		.uleb128 0x2
 184 004d 04       		.byte	0x4
 185 004e 05       		.byte	0x5
 186 004f 58020000 		.4byte	.LASF4
 187 0053 02       		.uleb128 0x2
 188 0054 04       		.byte	0x4
 189 0055 07       		.byte	0x7
 190 0056 49010000 		.4byte	.LASF5
 191 005a 02       		.uleb128 0x2
 192 005b 08       		.byte	0x8
 193 005c 05       		.byte	0x5
 194 005d 06020000 		.4byte	.LASF6
 195 0061 02       		.uleb128 0x2
 196 0062 08       		.byte	0x8
 197 0063 07       		.byte	0x7
 198 0064 C1010000 		.4byte	.LASF7
 199 0068 04       		.uleb128 0x4
 200 0069 04       		.byte	0x4
 201 006a 05       		.byte	0x5
 202 006b 696E7400 		.ascii	"int\000"
 203 006f 02       		.uleb128 0x2
 204 0070 04       		.byte	0x4
 205 0071 07       		.byte	0x7
 206 0072 B4010000 		.4byte	.LASF8
 207 0076 03       		.uleb128 0x3
 208 0077 E8010000 		.4byte	.LASF10
 209 007b 03       		.byte	0x3
 210 007c 2C       		.byte	0x2c
 211 007d 41000000 		.4byte	0x41
ARM GAS  C:\Users\ALEXAN~1\AppData\Local\Temp\ccgHJGYR.s 			page 6


 212 0081 05       		.uleb128 0x5
 213 0082 3D020000 		.4byte	.LASF11
 214 0086 04       		.byte	0x4
 215 0087 E801     		.2byte	0x1e8
 216 0089 2C000000 		.4byte	0x2c
 217 008d 02       		.uleb128 0x2
 218 008e 04       		.byte	0x4
 219 008f 04       		.byte	0x4
 220 0090 A7000000 		.4byte	.LASF12
 221 0094 02       		.uleb128 0x2
 222 0095 08       		.byte	0x8
 223 0096 04       		.byte	0x4
 224 0097 86010000 		.4byte	.LASF13
 225 009b 02       		.uleb128 0x2
 226 009c 01       		.byte	0x1
 227 009d 08       		.byte	0x8
 228 009e 1B020000 		.4byte	.LASF14
 229 00a2 02       		.uleb128 0x2
 230 00a3 08       		.byte	0x8
 231 00a4 04       		.byte	0x4
 232 00a5 6E020000 		.4byte	.LASF15
 233 00a9 02       		.uleb128 0x2
 234 00aa 04       		.byte	0x4
 235 00ab 07       		.byte	0x7
 236 00ac FD010000 		.4byte	.LASF16
 237 00b0 06       		.uleb128 0x6
 238 00b1 97010000 		.4byte	.LASF29
 239 00b5 01       		.byte	0x1
 240 00b6 29       		.byte	0x29
 241 00b7 00000000 		.4byte	.LFB64
 242 00bb 3C000000 		.4byte	.LFE64-.LFB64
 243 00bf 01       		.uleb128 0x1
 244 00c0 9C       		.byte	0x9c
 245 00c1 05010000 		.4byte	0x105
 246 00c5 07       		.uleb128 0x7
 247 00c6 04000000 		.4byte	.LBB2
 248 00ca 24000000 		.4byte	.LBE2-.LBB2
 249 00ce FB000000 		.4byte	0xfb
 250 00d2 08       		.uleb128 0x8
 251 00d3 61020000 		.4byte	.LASF30
 252 00d7 01       		.byte	0x1
 253 00d8 2D       		.byte	0x2d
 254 00d9 81000000 		.4byte	0x81
 255 00dd 00000000 		.4byte	.LLST0
 256 00e1 09       		.uleb128 0x9
 257 00e2 08000000 		.4byte	.LVL0
 258 00e6 95010000 		.4byte	0x195
 259 00ea 0A       		.uleb128 0xa
 260 00eb 0E000000 		.4byte	.LVL2
 261 00ef A0010000 		.4byte	0x1a0
 262 00f3 0B       		.uleb128 0xb
 263 00f4 01       		.uleb128 0x1
 264 00f5 50       		.byte	0x50
 265 00f6 02       		.uleb128 0x2
 266 00f7 74       		.byte	0x74
 267 00f8 00       		.sleb128 0
 268 00f9 00       		.byte	0
ARM GAS  C:\Users\ALEXAN~1\AppData\Local\Temp\ccgHJGYR.s 			page 7


 269 00fa 00       		.byte	0
 270 00fb 09       		.uleb128 0x9
 271 00fc 2C000000 		.4byte	.LVL4
 272 0100 AB010000 		.4byte	0x1ab
 273 0104 00       		.byte	0
 274 0105 0C       		.uleb128 0xc
 275 0106 A3010000 		.4byte	.LASF31
 276 010a 01       		.byte	0x1
 277 010b 3C       		.byte	0x3c
 278 010c 68000000 		.4byte	0x68
 279 0110 00000000 		.4byte	.LFB65
 280 0114 20000000 		.4byte	.LFE65-.LFB65
 281 0118 01       		.uleb128 0x1
 282 0119 9C       		.byte	0x9c
 283 011a 52010000 		.4byte	0x152
 284 011e 09       		.uleb128 0x9
 285 011f 08000000 		.4byte	.LVL5
 286 0123 B6010000 		.4byte	0x1b6
 287 0127 0D       		.uleb128 0xd
 288 0128 0E000000 		.4byte	.LVL6
 289 012c C1010000 		.4byte	0x1c1
 290 0130 3E010000 		.4byte	0x13e
 291 0134 0B       		.uleb128 0xb
 292 0135 01       		.uleb128 0x1
 293 0136 50       		.byte	0x50
 294 0137 05       		.uleb128 0x5
 295 0138 03       		.byte	0x3
 296 0139 00000000 		.4byte	UART_RX_ISR
 297 013d 00       		.byte	0
 298 013e 0A       		.uleb128 0xa
 299 013f 14000000 		.4byte	.LVL7
 300 0143 CC010000 		.4byte	0x1cc
 301 0147 0B       		.uleb128 0xb
 302 0148 01       		.uleb128 0x1
 303 0149 50       		.byte	0x50
 304 014a 05       		.uleb128 0x5
 305 014b 03       		.byte	0x3
 306 014c 00000000 		.4byte	.LC0
 307 0150 00       		.byte	0
 308 0151 00       		.byte	0
 309 0152 0E       		.uleb128 0xe
 310 0153 79010000 		.4byte	.LASF17
 311 0157 05       		.byte	0x5
 312 0158 1207     		.2byte	0x712
 313 015a 5E010000 		.4byte	0x15e
 314 015e 0F       		.uleb128 0xf
 315 015f 76000000 		.4byte	0x76
 316 0163 10       		.uleb128 0x10
 317 0164 81000000 		.4byte	0x81
 318 0168 73010000 		.4byte	0x173
 319 016c 11       		.uleb128 0x11
 320 016d A9000000 		.4byte	0xa9
 321 0171 FD       		.byte	0xfd
 322 0172 00       		.byte	0
 323 0173 12       		.uleb128 0x12
 324 0174 20020000 		.4byte	.LASF18
 325 0178 01       		.byte	0x1
ARM GAS  C:\Users\ALEXAN~1\AppData\Local\Temp\ccgHJGYR.s 			page 8


 326 0179 26       		.byte	0x26
 327 017a 63010000 		.4byte	0x163
 328 017e 05       		.uleb128 0x5
 329 017f 03       		.byte	0x3
 330 0180 00000000 		.4byte	receivedBuffer
 331 0184 12       		.uleb128 0x12
 332 0185 A8010000 		.4byte	.LASF19
 333 0189 01       		.byte	0x1
 334 018a 27       		.byte	0x27
 335 018b 81000000 		.4byte	0x81
 336 018f 05       		.uleb128 0x5
 337 0190 03       		.byte	0x3
 338 0191 00000000 		.4byte	bufferIndex
 339 0195 13       		.uleb128 0x13
 340 0196 D8010000 		.4byte	.LASF20
 341 019a D8010000 		.4byte	.LASF20
 342 019e 06       		.byte	0x6
 343 019f 6F       		.byte	0x6f
 344 01a0 13       		.uleb128 0x13
 345 01a1 F0010000 		.4byte	.LASF21
 346 01a5 F0010000 		.4byte	.LASF21
 347 01a9 06       		.byte	0x6
 348 01aa 8A       		.byte	0x8a
 349 01ab 13       		.uleb128 0x13
 350 01ac 43020000 		.4byte	.LASF22
 351 01b0 43020000 		.4byte	.LASF22
 352 01b4 06       		.byte	0x6
 353 01b5 73       		.byte	0x73
 354 01b6 13       		.uleb128 0x13
 355 01b7 6E010000 		.4byte	.LASF23
 356 01bb 6E010000 		.4byte	.LASF23
 357 01bf 06       		.byte	0x6
 358 01c0 54       		.byte	0x54
 359 01c1 13       		.uleb128 0x13
 360 01c2 2F020000 		.4byte	.LASF24
 361 01c6 2F020000 		.4byte	.LASF24
 362 01ca 07       		.byte	0x7
 363 01cb 18       		.byte	0x18
 364 01cc 13       		.uleb128 0x13
 365 01cd 86020000 		.4byte	.LASF25
 366 01d1 86020000 		.4byte	.LASF25
 367 01d5 06       		.byte	0x6
 368 01d6 8B       		.byte	0x8b
 369 01d7 00       		.byte	0
 370              		.section	.debug_abbrev,"",%progbits
 371              	.Ldebug_abbrev0:
 372 0000 01       		.uleb128 0x1
 373 0001 11       		.uleb128 0x11
 374 0002 01       		.byte	0x1
 375 0003 25       		.uleb128 0x25
 376 0004 0E       		.uleb128 0xe
 377 0005 13       		.uleb128 0x13
 378 0006 0B       		.uleb128 0xb
 379 0007 03       		.uleb128 0x3
 380 0008 0E       		.uleb128 0xe
 381 0009 1B       		.uleb128 0x1b
 382 000a 0E       		.uleb128 0xe
ARM GAS  C:\Users\ALEXAN~1\AppData\Local\Temp\ccgHJGYR.s 			page 9


 383 000b 55       		.uleb128 0x55
 384 000c 17       		.uleb128 0x17
 385 000d 11       		.uleb128 0x11
 386 000e 01       		.uleb128 0x1
 387 000f 10       		.uleb128 0x10
 388 0010 17       		.uleb128 0x17
 389 0011 00       		.byte	0
 390 0012 00       		.byte	0
 391 0013 02       		.uleb128 0x2
 392 0014 24       		.uleb128 0x24
 393 0015 00       		.byte	0
 394 0016 0B       		.uleb128 0xb
 395 0017 0B       		.uleb128 0xb
 396 0018 3E       		.uleb128 0x3e
 397 0019 0B       		.uleb128 0xb
 398 001a 03       		.uleb128 0x3
 399 001b 0E       		.uleb128 0xe
 400 001c 00       		.byte	0
 401 001d 00       		.byte	0
 402 001e 03       		.uleb128 0x3
 403 001f 16       		.uleb128 0x16
 404 0020 00       		.byte	0
 405 0021 03       		.uleb128 0x3
 406 0022 0E       		.uleb128 0xe
 407 0023 3A       		.uleb128 0x3a
 408 0024 0B       		.uleb128 0xb
 409 0025 3B       		.uleb128 0x3b
 410 0026 0B       		.uleb128 0xb
 411 0027 49       		.uleb128 0x49
 412 0028 13       		.uleb128 0x13
 413 0029 00       		.byte	0
 414 002a 00       		.byte	0
 415 002b 04       		.uleb128 0x4
 416 002c 24       		.uleb128 0x24
 417 002d 00       		.byte	0
 418 002e 0B       		.uleb128 0xb
 419 002f 0B       		.uleb128 0xb
 420 0030 3E       		.uleb128 0x3e
 421 0031 0B       		.uleb128 0xb
 422 0032 03       		.uleb128 0x3
 423 0033 08       		.uleb128 0x8
 424 0034 00       		.byte	0
 425 0035 00       		.byte	0
 426 0036 05       		.uleb128 0x5
 427 0037 16       		.uleb128 0x16
 428 0038 00       		.byte	0
 429 0039 03       		.uleb128 0x3
 430 003a 0E       		.uleb128 0xe
 431 003b 3A       		.uleb128 0x3a
 432 003c 0B       		.uleb128 0xb
 433 003d 3B       		.uleb128 0x3b
 434 003e 05       		.uleb128 0x5
 435 003f 49       		.uleb128 0x49
 436 0040 13       		.uleb128 0x13
 437 0041 00       		.byte	0
 438 0042 00       		.byte	0
 439 0043 06       		.uleb128 0x6
ARM GAS  C:\Users\ALEXAN~1\AppData\Local\Temp\ccgHJGYR.s 			page 10


 440 0044 2E       		.uleb128 0x2e
 441 0045 01       		.byte	0x1
 442 0046 3F       		.uleb128 0x3f
 443 0047 19       		.uleb128 0x19
 444 0048 03       		.uleb128 0x3
 445 0049 0E       		.uleb128 0xe
 446 004a 3A       		.uleb128 0x3a
 447 004b 0B       		.uleb128 0xb
 448 004c 3B       		.uleb128 0x3b
 449 004d 0B       		.uleb128 0xb
 450 004e 27       		.uleb128 0x27
 451 004f 19       		.uleb128 0x19
 452 0050 11       		.uleb128 0x11
 453 0051 01       		.uleb128 0x1
 454 0052 12       		.uleb128 0x12
 455 0053 06       		.uleb128 0x6
 456 0054 40       		.uleb128 0x40
 457 0055 18       		.uleb128 0x18
 458 0056 9742     		.uleb128 0x2117
 459 0058 19       		.uleb128 0x19
 460 0059 01       		.uleb128 0x1
 461 005a 13       		.uleb128 0x13
 462 005b 00       		.byte	0
 463 005c 00       		.byte	0
 464 005d 07       		.uleb128 0x7
 465 005e 0B       		.uleb128 0xb
 466 005f 01       		.byte	0x1
 467 0060 11       		.uleb128 0x11
 468 0061 01       		.uleb128 0x1
 469 0062 12       		.uleb128 0x12
 470 0063 06       		.uleb128 0x6
 471 0064 01       		.uleb128 0x1
 472 0065 13       		.uleb128 0x13
 473 0066 00       		.byte	0
 474 0067 00       		.byte	0
 475 0068 08       		.uleb128 0x8
 476 0069 34       		.uleb128 0x34
 477 006a 00       		.byte	0
 478 006b 03       		.uleb128 0x3
 479 006c 0E       		.uleb128 0xe
 480 006d 3A       		.uleb128 0x3a
 481 006e 0B       		.uleb128 0xb
 482 006f 3B       		.uleb128 0x3b
 483 0070 0B       		.uleb128 0xb
 484 0071 49       		.uleb128 0x49
 485 0072 13       		.uleb128 0x13
 486 0073 02       		.uleb128 0x2
 487 0074 17       		.uleb128 0x17
 488 0075 00       		.byte	0
 489 0076 00       		.byte	0
 490 0077 09       		.uleb128 0x9
 491 0078 898201   		.uleb128 0x4109
 492 007b 00       		.byte	0
 493 007c 11       		.uleb128 0x11
 494 007d 01       		.uleb128 0x1
 495 007e 31       		.uleb128 0x31
 496 007f 13       		.uleb128 0x13
ARM GAS  C:\Users\ALEXAN~1\AppData\Local\Temp\ccgHJGYR.s 			page 11


 497 0080 00       		.byte	0
 498 0081 00       		.byte	0
 499 0082 0A       		.uleb128 0xa
 500 0083 898201   		.uleb128 0x4109
 501 0086 01       		.byte	0x1
 502 0087 11       		.uleb128 0x11
 503 0088 01       		.uleb128 0x1
 504 0089 31       		.uleb128 0x31
 505 008a 13       		.uleb128 0x13
 506 008b 00       		.byte	0
 507 008c 00       		.byte	0
 508 008d 0B       		.uleb128 0xb
 509 008e 8A8201   		.uleb128 0x410a
 510 0091 00       		.byte	0
 511 0092 02       		.uleb128 0x2
 512 0093 18       		.uleb128 0x18
 513 0094 9142     		.uleb128 0x2111
 514 0096 18       		.uleb128 0x18
 515 0097 00       		.byte	0
 516 0098 00       		.byte	0
 517 0099 0C       		.uleb128 0xc
 518 009a 2E       		.uleb128 0x2e
 519 009b 01       		.byte	0x1
 520 009c 3F       		.uleb128 0x3f
 521 009d 19       		.uleb128 0x19
 522 009e 03       		.uleb128 0x3
 523 009f 0E       		.uleb128 0xe
 524 00a0 3A       		.uleb128 0x3a
 525 00a1 0B       		.uleb128 0xb
 526 00a2 3B       		.uleb128 0x3b
 527 00a3 0B       		.uleb128 0xb
 528 00a4 27       		.uleb128 0x27
 529 00a5 19       		.uleb128 0x19
 530 00a6 49       		.uleb128 0x49
 531 00a7 13       		.uleb128 0x13
 532 00a8 8701     		.uleb128 0x87
 533 00aa 19       		.uleb128 0x19
 534 00ab 11       		.uleb128 0x11
 535 00ac 01       		.uleb128 0x1
 536 00ad 12       		.uleb128 0x12
 537 00ae 06       		.uleb128 0x6
 538 00af 40       		.uleb128 0x40
 539 00b0 18       		.uleb128 0x18
 540 00b1 9742     		.uleb128 0x2117
 541 00b3 19       		.uleb128 0x19
 542 00b4 01       		.uleb128 0x1
 543 00b5 13       		.uleb128 0x13
 544 00b6 00       		.byte	0
 545 00b7 00       		.byte	0
 546 00b8 0D       		.uleb128 0xd
 547 00b9 898201   		.uleb128 0x4109
 548 00bc 01       		.byte	0x1
 549 00bd 11       		.uleb128 0x11
 550 00be 01       		.uleb128 0x1
 551 00bf 31       		.uleb128 0x31
 552 00c0 13       		.uleb128 0x13
 553 00c1 01       		.uleb128 0x1
ARM GAS  C:\Users\ALEXAN~1\AppData\Local\Temp\ccgHJGYR.s 			page 12


 554 00c2 13       		.uleb128 0x13
 555 00c3 00       		.byte	0
 556 00c4 00       		.byte	0
 557 00c5 0E       		.uleb128 0xe
 558 00c6 34       		.uleb128 0x34
 559 00c7 00       		.byte	0
 560 00c8 03       		.uleb128 0x3
 561 00c9 0E       		.uleb128 0xe
 562 00ca 3A       		.uleb128 0x3a
 563 00cb 0B       		.uleb128 0xb
 564 00cc 3B       		.uleb128 0x3b
 565 00cd 05       		.uleb128 0x5
 566 00ce 49       		.uleb128 0x49
 567 00cf 13       		.uleb128 0x13
 568 00d0 3F       		.uleb128 0x3f
 569 00d1 19       		.uleb128 0x19
 570 00d2 3C       		.uleb128 0x3c
 571 00d3 19       		.uleb128 0x19
 572 00d4 00       		.byte	0
 573 00d5 00       		.byte	0
 574 00d6 0F       		.uleb128 0xf
 575 00d7 35       		.uleb128 0x35
 576 00d8 00       		.byte	0
 577 00d9 49       		.uleb128 0x49
 578 00da 13       		.uleb128 0x13
 579 00db 00       		.byte	0
 580 00dc 00       		.byte	0
 581 00dd 10       		.uleb128 0x10
 582 00de 01       		.uleb128 0x1
 583 00df 01       		.byte	0x1
 584 00e0 49       		.uleb128 0x49
 585 00e1 13       		.uleb128 0x13
 586 00e2 01       		.uleb128 0x1
 587 00e3 13       		.uleb128 0x13
 588 00e4 00       		.byte	0
 589 00e5 00       		.byte	0
 590 00e6 11       		.uleb128 0x11
 591 00e7 21       		.uleb128 0x21
 592 00e8 00       		.byte	0
 593 00e9 49       		.uleb128 0x49
 594 00ea 13       		.uleb128 0x13
 595 00eb 2F       		.uleb128 0x2f
 596 00ec 0B       		.uleb128 0xb
 597 00ed 00       		.byte	0
 598 00ee 00       		.byte	0
 599 00ef 12       		.uleb128 0x12
 600 00f0 34       		.uleb128 0x34
 601 00f1 00       		.byte	0
 602 00f2 03       		.uleb128 0x3
 603 00f3 0E       		.uleb128 0xe
 604 00f4 3A       		.uleb128 0x3a
 605 00f5 0B       		.uleb128 0xb
 606 00f6 3B       		.uleb128 0x3b
 607 00f7 0B       		.uleb128 0xb
 608 00f8 49       		.uleb128 0x49
 609 00f9 13       		.uleb128 0x13
 610 00fa 3F       		.uleb128 0x3f
ARM GAS  C:\Users\ALEXAN~1\AppData\Local\Temp\ccgHJGYR.s 			page 13


 611 00fb 19       		.uleb128 0x19
 612 00fc 02       		.uleb128 0x2
 613 00fd 18       		.uleb128 0x18
 614 00fe 00       		.byte	0
 615 00ff 00       		.byte	0
 616 0100 13       		.uleb128 0x13
 617 0101 2E       		.uleb128 0x2e
 618 0102 00       		.byte	0
 619 0103 3F       		.uleb128 0x3f
 620 0104 19       		.uleb128 0x19
 621 0105 3C       		.uleb128 0x3c
 622 0106 19       		.uleb128 0x19
 623 0107 6E       		.uleb128 0x6e
 624 0108 0E       		.uleb128 0xe
 625 0109 03       		.uleb128 0x3
 626 010a 0E       		.uleb128 0xe
 627 010b 3A       		.uleb128 0x3a
 628 010c 0B       		.uleb128 0xb
 629 010d 3B       		.uleb128 0x3b
 630 010e 0B       		.uleb128 0xb
 631 010f 00       		.byte	0
 632 0110 00       		.byte	0
 633 0111 00       		.byte	0
 634              		.section	.debug_loc,"",%progbits
 635              	.Ldebug_loc0:
 636              	.LLST0:
 637 0000 0A000000 		.4byte	.LVL1
 638 0004 28000000 		.4byte	.LVL3
 639 0008 0100     		.2byte	0x1
 640 000a 54       		.byte	0x54
 641 000b 00000000 		.4byte	0
 642 000f 00000000 		.4byte	0
 643              		.section	.debug_aranges,"",%progbits
 644 0000 24000000 		.4byte	0x24
 645 0004 0200     		.2byte	0x2
 646 0006 00000000 		.4byte	.Ldebug_info0
 647 000a 04       		.byte	0x4
 648 000b 00       		.byte	0
 649 000c 0000     		.2byte	0
 650 000e 0000     		.2byte	0
 651 0010 00000000 		.4byte	.LFB64
 652 0014 3C000000 		.4byte	.LFE64-.LFB64
 653 0018 00000000 		.4byte	.LFB65
 654 001c 20000000 		.4byte	.LFE65-.LFB65
 655 0020 00000000 		.4byte	0
 656 0024 00000000 		.4byte	0
 657              		.section	.debug_ranges,"",%progbits
 658              	.Ldebug_ranges0:
 659 0000 00000000 		.4byte	.LFB64
 660 0004 3C000000 		.4byte	.LFE64
 661 0008 00000000 		.4byte	.LFB65
 662 000c 20000000 		.4byte	.LFE65
 663 0010 00000000 		.4byte	0
 664 0014 00000000 		.4byte	0
 665              		.section	.debug_line,"",%progbits
 666              	.Ldebug_line0:
 667 0000 99010000 		.section	.debug_str,"MS",%progbits,1
ARM GAS  C:\Users\ALEXAN~1\AppData\Local\Temp\ccgHJGYR.s 			page 14


 667      02006101 
 667      00000201 
 667      FB0E0D00 
 667      01010101 
 668              	.LASF28:
 669 0000 433A5C55 		.ascii	"C:\\Users\\Alexander Calderon\\OneDrive - Universid"
 669      73657273 
 669      5C416C65 
 669      78616E64 
 669      65722043 
 670 0030 61642064 		.ascii	"ad de Pamplona\\Documentos\\UNIPAMPLONA\\2024 - 1\\"
 670      65205061 
 670      6D706C6F 
 670      6E615C44 
 670      6F63756D 
 671 005f 456D6265 		.ascii	"Embebidos I\\III Corte\\Serial_escritura\\Serial_es"
 671      6269646F 
 671      7320495C 
 671      49494920 
 671      436F7274 
 672 008f 63726974 		.ascii	"critura.cydsn\000"
 672      7572612E 
 672      63796473 
 672      6E00
 673              	.LASF9:
 674 009d 5F5F696E 		.ascii	"__int32_t\000"
 674      7433325F 
 674      7400
 675              	.LASF12:
 676 00a7 666C6F61 		.ascii	"float\000"
 676      7400
 677              	.LASF1:
 678 00ad 756E7369 		.ascii	"unsigned char\000"
 678      676E6564 
 678      20636861 
 678      7200
 679              	.LASF26:
 680 00bb 474E5520 		.ascii	"GNU C11 5.4.1 20160609 (release) [ARM/embedded-5-br"
 680      43313120 
 680      352E342E 
 680      31203230 
 680      31363036 
 681 00ee 616E6368 		.ascii	"anch revision 237715] -mcpu=cortex-m3 -mthumb -g -O"
 681      20726576 
 681      6973696F 
 681      6E203233 
 681      37373135 
 682 0121 67202D66 		.ascii	"g -ffunction-sections -ffat-lto-objects\000"
 682      66756E63 
 682      74696F6E 
 682      2D736563 
 682      74696F6E 
 683              	.LASF5:
 684 0149 6C6F6E67 		.ascii	"long unsigned int\000"
 684      20756E73 
 684      69676E65 
 684      6420696E 
ARM GAS  C:\Users\ALEXAN~1\AppData\Local\Temp\ccgHJGYR.s 			page 15


 684      7400
 685              	.LASF3:
 686 015b 73686F72 		.ascii	"short unsigned int\000"
 686      7420756E 
 686      7369676E 
 686      65642069 
 686      6E7400
 687              	.LASF23:
 688 016e 55415254 		.ascii	"UART_Start\000"
 688      5F537461 
 688      727400
 689              	.LASF17:
 690 0179 49544D5F 		.ascii	"ITM_RxBuffer\000"
 690      52784275 
 690      66666572 
 690      00
 691              	.LASF13:
 692 0186 646F7562 		.ascii	"double\000"
 692      6C6500
 693              	.LASF2:
 694 018d 73686F72 		.ascii	"short int\000"
 694      7420696E 
 694      7400
 695              	.LASF29:
 696 0197 55415254 		.ascii	"UART_RX_ISR\000"
 696      5F52585F 
 696      49535200 
 697              	.LASF31:
 698 01a3 6D61696E 		.ascii	"main\000"
 698      00
 699              	.LASF19:
 700 01a8 62756666 		.ascii	"bufferIndex\000"
 700      6572496E 
 700      64657800 
 701              	.LASF8:
 702 01b4 756E7369 		.ascii	"unsigned int\000"
 702      676E6564 
 702      20696E74 
 702      00
 703              	.LASF7:
 704 01c1 6C6F6E67 		.ascii	"long long unsigned int\000"
 704      206C6F6E 
 704      6720756E 
 704      7369676E 
 704      65642069 
 705              	.LASF20:
 706 01d8 55415254 		.ascii	"UART_ReadRxData\000"
 706      5F526561 
 706      64527844 
 706      61746100 
 707              	.LASF10:
 708 01e8 696E7433 		.ascii	"int32_t\000"
 708      325F7400 
 709              	.LASF21:
 710 01f0 55415254 		.ascii	"UART_PutChar\000"
 710      5F507574 
 710      43686172 
ARM GAS  C:\Users\ALEXAN~1\AppData\Local\Temp\ccgHJGYR.s 			page 16


 710      00
 711              	.LASF16:
 712 01fd 73697A65 		.ascii	"sizetype\000"
 712      74797065 
 712      00
 713              	.LASF6:
 714 0206 6C6F6E67 		.ascii	"long long int\000"
 714      206C6F6E 
 714      6720696E 
 714      7400
 715              	.LASF27:
 716 0214 6D61696E 		.ascii	"main.c\000"
 716      2E6300
 717              	.LASF14:
 718 021b 63686172 		.ascii	"char\000"
 718      00
 719              	.LASF18:
 720 0220 72656365 		.ascii	"receivedBuffer\000"
 720      69766564 
 720      42756666 
 720      657200
 721              	.LASF24:
 722 022f 69737252 		.ascii	"isrRX_StartEx\000"
 722      585F5374 
 722      61727445 
 722      7800
 723              	.LASF11:
 724 023d 75696E74 		.ascii	"uint8\000"
 724      3800
 725              	.LASF22:
 726 0243 55415254 		.ascii	"UART_GetRxBufferSize\000"
 726      5F476574 
 726      52784275 
 726      66666572 
 726      53697A65 
 727              	.LASF4:
 728 0258 6C6F6E67 		.ascii	"long int\000"
 728      20696E74 
 728      00
 729              	.LASF30:
 730 0261 72656365 		.ascii	"receivedData\000"
 730      69766564 
 730      44617461 
 730      00
 731              	.LASF15:
 732 026e 6C6F6E67 		.ascii	"long double\000"
 732      20646F75 
 732      626C6500 
 733              	.LASF0:
 734 027a 7369676E 		.ascii	"signed char\000"
 734      65642063 
 734      68617200 
 735              	.LASF25:
 736 0286 55415254 		.ascii	"UART_PutString\000"
 736      5F507574 
 736      53747269 
 736      6E6700
ARM GAS  C:\Users\ALEXAN~1\AppData\Local\Temp\ccgHJGYR.s 			page 17


 737              		.ident	"GCC: (GNU Tools for ARM Embedded Processors) 5.4.1 20160609 (release) [ARM/embedded-5-bran
